跳过节点日志
================
开始处理源文件: all_unique_nodes (https://raw.githubusercontent.com/qjlxg/HA/refs/heads/main/all_unique_nodes.txt)
成功下载 https://raw.githubusercontent.com/qjlxg/HA/refs/heads/main/all_unique_nodes.txt
解析 Base64 内容失败
找到 123 行节点在 all_unique_nodes
跳过 Shadowsocks 节点（来源: all_unique_nodes）: ss://2022-blake3-aes-128-gcm:onaG59FUXMqMPox2hOiim... (无效用户信息)
跳过无法解析的行（来源: all_unique_nodes）: ss://MjAyMi1ibGFrZTMtYWVzLTEyOC1nY206b25hRzU5RlVYT...
跳过无法解析的行（来源: all_unique_nodes）: ss://MjAyMi1ibGFrZTMtYWVzLTEyOC1nY206b25hRzU5RlVYT...
跳过无法解析的行（来源: all_unique_nodes）: ss://MjAyMi1ibGFrZTMtYWVzLTEyOC1nY206b25hRzU5RlVYT...
跳过无法解析的行（来源: all_unique_nodes）: ss://MjAyMi1ibGFrZTMtYWVzLTEyOC1nY206b25hRzU5RlVYT...
跳过 Shadowsocks 节点（来源: all_unique_nodes）: ss://Y2hhY2hhMjAtaWV0Zi1wb2x5MTMwNTo0YTJyZml4b3BoZ... (不支持的加密方式: Y2hhY2hhMjAtaWV0Zi1wb2x5MTMwNTo0YTJyZml4b3BoZGpmZmE4S1ZBNEFh)
跳过无法解析的行（来源: all_unique_nodes）: ss://Y2hhY2hhMjAtaWV0Zi1wb2x5MTMwNTo0YTJyZml4b3BoZ...
跳过无法解析的行（来源: all_unique_nodes）: ss://Y2hhY2hhMjAtaWV0Zi1wb2x5MTMwNTo0YTJyZml4b3BoZ...
跳过无法解析的行（来源: all_unique_nodes）: ss://Y2hhY2hhMjAtaWV0Zi1wb2x5MTMwNTo0YTJyZml4b3BoZ...
跳过无法解析的行（来源: all_unique_nodes）: ss://Y2hhY2hhMjAtaWV0Zi1wb2x5MTMwNTo0YTJyZml4b3BoZ...
跳过 Shadowsocks 节点（来源: all_unique_nodes）: ss://Y2hhY2hhMjAtaWV0Zi1wb2x5MTMwNTo0YTJyZml4b3BoZ... (不支持的加密方式: Y2hhY2hhMjAtaWV0Zi1wb2x5MTMwNTo0YTJyZml4b3BoZGpmZmE4S1ZBNEFh)
跳过无法解析的行（来源: all_unique_nodes）: ss://Y2hhY2hhMjAtaWV0Zi1wb2x5MTMwNTo0YTJyZml4b3BoZ...
跳过无法解析的行（来源: all_unique_nodes）: ss://Y2hhY2hhMjAtaWV0Zi1wb2x5MTMwNTo0YTJyZml4b3BoZ...
跳过无法解析的行（来源: all_unique_nodes）: ss://Y2hhY2hhMjAtaWV0Zi1wb2x5MTMwNTo0YTJyZml4b3BoZ...
跳过无法解析的行（来源: all_unique_nodes）: ss://Y2hhY2hhMjAtaWV0Zi1wb2x5MTMwNTo0YTJyZml4b3BoZ...
跳过 Shadowsocks 节点（来源: all_unique_nodes）: ss://Y2hhY2hhMjAtaWV0Zi1wb2x5MTMwNTo0YTJyZml4b3BoZ... (不支持的加密方式: Y2hhY2hhMjAtaWV0Zi1wb2x5MTMwNTo0YTJyZml4b3BoZGpmZmE4S1ZBNEFh)
跳过无法解析的行（来源: all_unique_nodes）: ss://Y2hhY2hhMjAtaWV0Zi1wb2x5MTMwNTo0YTJyZml4b3BoZ...
跳过无法解析的行（来源: all_unique_nodes）: ss://Y2hhY2hhMjAtaWV0Zi1wb2x5MTMwNTo0YTJyZml4b3BoZ...
跳过无法解析的行（来源: all_unique_nodes）: ss://Y2hhY2hhMjAtaWV0Zi1wb2x5MTMwNTo0YTJyZml4b3BoZ...
跳过无法解析的行（来源: all_unique_nodes）: ss://Y2hhY2hhMjAtaWV0Zi1wb2x5MTMwNTo0YTJyZml4b3BoZ...
跳过 Shadowsocks 节点（来源: all_unique_nodes）: ss://Y2hhY2hhMjAtaWV0Zi1wb2x5MTMwNTo1MXlsb1FDOEQ5d... (不支持的加密方式: Y2hhY2hhMjAtaWV0Zi1wb2x5MTMwNTo1MXlsb1FDOEQ5dzFXYWU3Rkh0STY1)
跳过无法解析的行（来源: all_unique_nodes）: ss://Y2hhY2hhMjAtaWV0Zi1wb2x5MTMwNTo1MXlsb1FDOEQ5d...
跳过无法解析的行（来源: all_unique_nodes）: ss://Y2hhY2hhMjAtaWV0Zi1wb2x5MTMwNTo1MXlsb1FDOEQ5d...
跳过无法解析的行（来源: all_unique_nodes）: ss://Y2hhY2hhMjAtaWV0Zi1wb2x5MTMwNTo1MXlsb1FDOEQ5d...
跳过无法解析的行（来源: all_unique_nodes）: ss://Y2hhY2hhMjAtaWV0Zi1wb2x5MTMwNTo1MXlsb1FDOEQ5d...
跳过 Shadowsocks 节点（来源: all_unique_nodes）: ss://Y2hhY2hhMjAtaWV0Zi1wb2x5MTMwNTo1MXlsb1FDOEQ5d... (不支持的加密方式: Y2hhY2hhMjAtaWV0Zi1wb2x5MTMwNTo1MXlsb1FDOEQ5dzFXYWU3Rkh0STY1)
跳过无法解析的行（来源: all_unique_nodes）: ss://Y2hhY2hhMjAtaWV0Zi1wb2x5MTMwNTo1MXlsb1FDOEQ5d...
跳过无法解析的行（来源: all_unique_nodes）: ss://Y2hhY2hhMjAtaWV0Zi1wb2x5MTMwNTo1MXlsb1FDOEQ5d...
跳过无法解析的行（来源: all_unique_nodes）: ss://Y2hhY2hhMjAtaWV0Zi1wb2x5MTMwNTo1MXlsb1FDOEQ5d...
跳过无法解析的行（来源: all_unique_nodes）: ss://Y2hhY2hhMjAtaWV0Zi1wb2x5MTMwNTo1MXlsb1FDOEQ5d...
跳过 Shadowsocks 节点（来源: all_unique_nodes）: ss://Y2hhY2hhMjAtaWV0Zi1wb2x5MTMwNToxUld3WGh3ZkFCN... (不支持的加密方式: Y2hhY2hhMjAtaWV0Zi1wb2x5MTMwNToxUld3WGh3ZkFCNWdBRW96VTRHMlBn)
跳过无法解析的行（来源: all_unique_nodes）: ss://Y2hhY2hhMjAtaWV0Zi1wb2x5MTMwNToxUld3WGh3ZkFCN...
跳过无法解析的行（来源: all_unique_nodes）: ss://Y2hhY2hhMjAtaWV0Zi1wb2x5MTMwNToxUld3WGh3ZkFCN...
跳过无法解析的行（来源: all_unique_nodes）: ss://Y2hhY2hhMjAtaWV0Zi1wb2x5MTMwNToxUld3WGh3ZkFCN...
跳过无法解析的行（来源: all_unique_nodes）: ss://Y2hhY2hhMjAtaWV0Zi1wb2x5MTMwNToxUld3WGh3ZkFCN...
跳过 Shadowsocks 节点（来源: all_unique_nodes）: ss://Y2hhY2hhMjAtaWV0Zi1wb2x5MTMwNTpKSWhONnJCS2thR... (不支持的加密方式: Y2hhY2hhMjAtaWV0Zi1wb2x5MTMwNTpKSWhONnJCS2thRWJvTE5YVlN2NXJx)
跳过无法解析的行（来源: all_unique_nodes）: ss://Y2hhY2hhMjAtaWV0Zi1wb2x5MTMwNTpKSWhONnJCS2thR...
跳过无法解析的行（来源: all_unique_nodes）: ss://Y2hhY2hhMjAtaWV0Zi1wb2x5MTMwNTpKSWhONnJCS2thR...
跳过无法解析的行（来源: all_unique_nodes）: ss://Y2hhY2hhMjAtaWV0Zi1wb2x5MTMwNTpKSWhONnJCS2thR...
跳过无法解析的行（来源: all_unique_nodes）: ss://Y2hhY2hhMjAtaWV0Zi1wb2x5MTMwNTpKSWhONnJCS2thR...
跳过 Shadowsocks 节点（来源: all_unique_nodes）: ss://Y2hhY2hhMjAtaWV0Zi1wb2x5MTMwNTpRQ1hEeHVEbFRUT... (不支持的加密方式: Y2hhY2hhMjAtaWV0Zi1wb2x5MTMwNTpRQ1hEeHVEbFRUTUQ3anRnSFVqSW9q)
跳过无法解析的行（来源: all_unique_nodes）: ss://Y2hhY2hhMjAtaWV0Zi1wb2x5MTMwNTpRQ1hEeHVEbFRUT...
跳过无法解析的行（来源: all_unique_nodes）: ss://Y2hhY2hhMjAtaWV0Zi1wb2x5MTMwNTpRQ1hEeHVEbFRUT...
跳过无法解析的行（来源: all_unique_nodes）: ss://Y2hhY2hhMjAtaWV0Zi1wb2x5MTMwNTpRQ1hEeHVEbFRUT...
跳过无法解析的行（来源: all_unique_nodes）: ss://Y2hhY2hhMjAtaWV0Zi1wb2x5MTMwNTpRQ1hEeHVEbFRUT...
跳过 Shadowsocks 节点（来源: all_unique_nodes）: ss://Y2hhY2hhMjAtaWV0Zi1wb2x5MTMwNTpRQ1hEeHVEbFRUT... (不支持的加密方式: Y2hhY2hhMjAtaWV0Zi1wb2x5MTMwNTpRQ1hEeHVEbFRUTUQ3anRnSFVqSW9q)
跳过无法解析的行（来源: all_unique_nodes）: ss://Y2hhY2hhMjAtaWV0Zi1wb2x5MTMwNTpRQ1hEeHVEbFRUT...
跳过无法解析的行（来源: all_unique_nodes）: ss://Y2hhY2hhMjAtaWV0Zi1wb2x5MTMwNTpRQ1hEeHVEbFRUT...
跳过无法解析的行（来源: all_unique_nodes）: ss://Y2hhY2hhMjAtaWV0Zi1wb2x5MTMwNTpRQ1hEeHVEbFRUT...
跳过无法解析的行（来源: all_unique_nodes）: ss://Y2hhY2hhMjAtaWV0Zi1wb2x5MTMwNTpRQ1hEeHVEbFRUT...
跳过 Shadowsocks 节点（来源: all_unique_nodes）: ss://Y2hhY2hhMjAtaWV0Zi1wb2x5MTMwNTpZWGdTOENvbVRhb... (不支持的加密方式: Y2hhY2hhMjAtaWV0Zi1wb2x5MTMwNTpZWGdTOENvbVRhbTdxb2VzUGx6bE1v)
跳过无法解析的行（来源: all_unique_nodes）: ss://Y2hhY2hhMjAtaWV0Zi1wb2x5MTMwNTpZWGdTOENvbVRhb...
跳过无法解析的行（来源: all_unique_nodes）: ss://Y2hhY2hhMjAtaWV0Zi1wb2x5MTMwNTpZWGdTOENvbVRhb...
跳过无法解析的行（来源: all_unique_nodes）: ss://Y2hhY2hhMjAtaWV0Zi1wb2x5MTMwNTpZWGdTOENvbVRhb...
跳过无法解析的行（来源: all_unique_nodes）: ss://Y2hhY2hhMjAtaWV0Zi1wb2x5MTMwNTpZWGdTOENvbVRhb...
跳过 Shadowsocks 节点（来源: all_unique_nodes）: ss://Y2hhY2hhMjAtaWV0Zi1wb2x5MTMwNTphNThmYTYyYjQ5N... (不支持的加密方式: Y2hhY2hhMjAtaWV0Zi1wb2x5MTMwNTphNThmYTYyYjQ5NDRkZGJm)
跳过无法解析的行（来源: all_unique_nodes）: ss://Y2hhY2hhMjAtaWV0Zi1wb2x5MTMwNTphNThmYTYyYjQ5N...
跳过无法解析的行（来源: all_unique_nodes）: ss://Y2hhY2hhMjAtaWV0Zi1wb2x5MTMwNTphNThmYTYyYjQ5N...
跳过无法解析的行（来源: all_unique_nodes）: ss://Y2hhY2hhMjAtaWV0Zi1wb2x5MTMwNTphNThmYTYyYjQ5N...
跳过无法解析的行（来源: all_unique_nodes）: ss://Y2hhY2hhMjAtaWV0Zi1wb2x5MTMwNTphNThmYTYyYjQ5N...
跳过 Shadowsocks 节点（来源: all_unique_nodes）: ss://Y2hhY2hhMjAtaWV0Zi1wb2x5MTMwNTpjdklJODVUclc2b... (不支持的加密方式: Y2hhY2hhMjAtaWV0Zi1wb2x5MTMwNTpjdklJODVUclc2bjBPR3lmcEhWUzF1)
跳过无法解析的行（来源: all_unique_nodes）: ss://Y2hhY2hhMjAtaWV0Zi1wb2x5MTMwNTpjdklJODVUclc2b...
跳过无法解析的行（来源: all_unique_nodes）: ss://Y2hhY2hhMjAtaWV0Zi1wb2x5MTMwNTpjdklJODVUclc2b...
跳过无法解析的行（来源: all_unique_nodes）: ss://Y2hhY2hhMjAtaWV0Zi1wb2x5MTMwNTpjdklJODVUclc2b...
跳过无法解析的行（来源: all_unique_nodes）: ss://Y2hhY2hhMjAtaWV0Zi1wb2x5MTMwNTpjdklJODVUclc2b...
跳过 Shadowsocks 节点（来源: all_unique_nodes）: ss://Y2hhY2hhMjAtaWV0Zi1wb2x5MTMwNTpjdklJODVUclc2b... (不支持的加密方式: Y2hhY2hhMjAtaWV0Zi1wb2x5MTMwNTpjdklJODVUclc2bjBPR3lmcEhWUzF1)
跳过无法解析的行（来源: all_unique_nodes）: ss://Y2hhY2hhMjAtaWV0Zi1wb2x5MTMwNTpjdklJODVUclc2b...
跳过无法解析的行（来源: all_unique_nodes）: ss://Y2hhY2hhMjAtaWV0Zi1wb2x5MTMwNTpjdklJODVUclc2b...
跳过无法解析的行（来源: all_unique_nodes）: ss://Y2hhY2hhMjAtaWV0Zi1wb2x5MTMwNTpjdklJODVUclc2b...
跳过无法解析的行（来源: all_unique_nodes）: ss://Y2hhY2hhMjAtaWV0Zi1wb2x5MTMwNTpjdklJODVUclc2b...
跳过 Shadowsocks 节点（来源: all_unique_nodes）: ss://Y2hhY2hhMjAtaWV0Zi1wb2x5MTMwNTpmOGY3YUN6Y1BLY... (不支持的加密方式: Y2hhY2hhMjAtaWV0Zi1wb2x5MTMwNTpmOGY3YUN6Y1BLYnNGOHAz)
跳过无法解析的行（来源: all_unique_nodes）: ss://Y2hhY2hhMjAtaWV0Zi1wb2x5MTMwNTpmOGY3YUN6Y1BLY...
跳过无法解析的行（来源: all_unique_nodes）: ss://Y2hhY2hhMjAtaWV0Zi1wb2x5MTMwNTpmOGY3YUN6Y1BLY...
跳过无法解析的行（来源: all_unique_nodes）: ss://Y2hhY2hhMjAtaWV0Zi1wb2x5MTMwNTpmOGY3YUN6Y1BLY...
跳过无法解析的行（来源: all_unique_nodes）: ss://Y2hhY2hhMjAtaWV0Zi1wb2x5MTMwNTpmOGY3YUN6Y1BLY...
跳过 Shadowsocks 节点（来源: all_unique_nodes）: ss://Y2hhY2hhMjAtaWV0Zi1wb2x5MTMwNTpmOGY3YUN6Y1BLY... (不支持的加密方式: Y2hhY2hhMjAtaWV0Zi1wb2x5MTMwNTpmOGY3YUN6Y1BLYnNGOHAz)
跳过无法解析的行（来源: all_unique_nodes）: ss://Y2hhY2hhMjAtaWV0Zi1wb2x5MTMwNTpmOGY3YUN6Y1BLY...
跳过无法解析的行（来源: all_unique_nodes）: ss://Y2hhY2hhMjAtaWV0Zi1wb2x5MTMwNTpmOGY3YUN6Y1BLY...
跳过无法解析的行（来源: all_unique_nodes）: ss://Y2hhY2hhMjAtaWV0Zi1wb2x5MTMwNTpmOGY3YUN6Y1BLY...
跳过无法解析的行（来源: all_unique_nodes）: ss://Y2hhY2hhMjAtaWV0Zi1wb2x5MTMwNTpmOGY3YUN6Y1BLY...
跳过 Shadowsocks 节点（来源: all_unique_nodes）: ss://Y2hhY2hhMjAtaWV0Zi1wb2x5MTMwNTpmOGY3YUN6Y1BLY... (不支持的加密方式: Y2hhY2hhMjAtaWV0Zi1wb2x5MTMwNTpmOGY3YUN6Y1BLYnNGOHAz)
跳过无法解析的行（来源: all_unique_nodes）: ss://Y2hhY2hhMjAtaWV0Zi1wb2x5MTMwNTpmOGY3YUN6Y1BLY...
跳过无法解析的行（来源: all_unique_nodes）: ss://Y2hhY2hhMjAtaWV0Zi1wb2x5MTMwNTpmOGY3YUN6Y1BLY...
跳过无法解析的行（来源: all_unique_nodes）: ss://Y2hhY2hhMjAtaWV0Zi1wb2x5MTMwNTpmOGY3YUN6Y1BLY...
跳过无法解析的行（来源: all_unique_nodes）: ss://Y2hhY2hhMjAtaWV0Zi1wb2x5MTMwNTpmOGY3YUN6Y1BLY...
跳过 Shadowsocks 节点（来源: all_unique_nodes）: ss://Y2hhY2hhMjAtaWV0Zi1wb2x5MTMwNTpmOGY3YUN6Y1BLY... (不支持的加密方式: Y2hhY2hhMjAtaWV0Zi1wb2x5MTMwNTpmOGY3YUN6Y1BLYnNGOHAz)
跳过无法解析的行（来源: all_unique_nodes）: ss://Y2hhY2hhMjAtaWV0Zi1wb2x5MTMwNTpmOGY3YUN6Y1BLY...
跳过无法解析的行（来源: all_unique_nodes）: ss://Y2hhY2hhMjAtaWV0Zi1wb2x5MTMwNTpmOGY3YUN6Y1BLY...
跳过无法解析的行（来源: all_unique_nodes）: ss://Y2hhY2hhMjAtaWV0Zi1wb2x5MTMwNTpmOGY3YUN6Y1BLY...
跳过无法解析的行（来源: all_unique_nodes）: ss://Y2hhY2hhMjAtaWV0Zi1wb2x5MTMwNTpmOGY3YUN6Y1BLY...
跳过 Shadowsocks 节点（来源: all_unique_nodes）: ss://Y2hhY2hhMjAtaWV0Zi1wb2x5MTMwNTpmOGY3YUN6Y1BLY... (不支持的加密方式: Y2hhY2hhMjAtaWV0Zi1wb2x5MTMwNTpmOGY3YUN6Y1BLYnNGOHAz)
跳过无法解析的行（来源: all_unique_nodes）: ss://Y2hhY2hhMjAtaWV0Zi1wb2x5MTMwNTpmOGY3YUN6Y1BLY...
跳过无法解析的行（来源: all_unique_nodes）: ss://Y2hhY2hhMjAtaWV0Zi1wb2x5MTMwNTpmOGY3YUN6Y1BLY...
跳过无法解析的行（来源: all_unique_nodes）: ss://Y2hhY2hhMjAtaWV0Zi1wb2x5MTMwNTpmOGY3YUN6Y1BLY...
跳过无法解析的行（来源: all_unique_nodes）: ss://Y2hhY2hhMjAtaWV0Zi1wb2x5MTMwNTpmOGY3YUN6Y1BLY...
跳过 Shadowsocks 节点（来源: all_unique_nodes）: ss://Y2hhY2hhMjAtaWV0Zi1wb2x5MTMwNTpmOGY3YUN6Y1BLY... (不支持的加密方式: Y2hhY2hhMjAtaWV0Zi1wb2x5MTMwNTpmOGY3YUN6Y1BLYnNGOHAz)
跳过无法解析的行（来源: all_unique_nodes）: ss://Y2hhY2hhMjAtaWV0Zi1wb2x5MTMwNTpmOGY3YUN6Y1BLY...
跳过无法解析的行（来源: all_unique_nodes）: ss://Y2hhY2hhMjAtaWV0Zi1wb2x5MTMwNTpmOGY3YUN6Y1BLY...
跳过无法解析的行（来源: all_unique_nodes）: ss://Y2hhY2hhMjAtaWV0Zi1wb2x5MTMwNTpmOGY3YUN6Y1BLY...
跳过无法解析的行（来源: all_unique_nodes）: ss://Y2hhY2hhMjAtaWV0Zi1wb2x5MTMwNTpmOGY3YUN6Y1BLY...
跳过 Shadowsocks 节点（来源: all_unique_nodes）: ss://Y2hhY2hhMjAtaWV0Zi1wb2x5MTMwNTpmOGY3YUN6Y1BLY... (不支持的加密方式: Y2hhY2hhMjAtaWV0Zi1wb2x5MTMwNTpmOGY3YUN6Y1BLYnNGOHAz)
跳过无法解析的行（来源: all_unique_nodes）: ss://Y2hhY2hhMjAtaWV0Zi1wb2x5MTMwNTpmOGY3YUN6Y1BLY...
跳过无法解析的行（来源: all_unique_nodes）: ss://Y2hhY2hhMjAtaWV0Zi1wb2x5MTMwNTpmOGY3YUN6Y1BLY...
跳过无法解析的行（来源: all_unique_nodes）: ss://Y2hhY2hhMjAtaWV0Zi1wb2x5MTMwNTpmOGY3YUN6Y1BLY...
跳过无法解析的行（来源: all_unique_nodes）: ss://Y2hhY2hhMjAtaWV0Zi1wb2x5MTMwNTpmOGY3YUN6Y1BLY...
跳过 Shadowsocks 节点（来源: all_unique_nodes）: ss://Y2hhY2hhMjAtaWV0Zi1wb2x5MTMwNTpmOGY3YUN6Y1BLY... (不支持的加密方式: Y2hhY2hhMjAtaWV0Zi1wb2x5MTMwNTpmOGY3YUN6Y1BLYnNGOHAz)
跳过无法解析的行（来源: all_unique_nodes）: ss://Y2hhY2hhMjAtaWV0Zi1wb2x5MTMwNTpmOGY3YUN6Y1BLY...
跳过无法解析的行（来源: all_unique_nodes）: ss://Y2hhY2hhMjAtaWV0Zi1wb2x5MTMwNTpmOGY3YUN6Y1BLY...
跳过无法解析的行（来源: all_unique_nodes）: ss://Y2hhY2hhMjAtaWV0Zi1wb2x5MTMwNTpmOGY3YUN6Y1BLY...
跳过无法解析的行（来源: all_unique_nodes）: ss://Y2hhY2hhMjAtaWV0Zi1wb2x5MTMwNTpmOGY3YUN6Y1BLY...
跳过 Shadowsocks 节点（来源: all_unique_nodes）: ss://Y2hhY2hhMjAtaWV0Zi1wb2x5MTMwNTpmOGY3YUN6Y1BLY... (不支持的加密方式: Y2hhY2hhMjAtaWV0Zi1wb2x5MTMwNTpmOGY3YUN6Y1BLYnNGOHAz)
跳过无法解析的行（来源: all_unique_nodes）: ss://Y2hhY2hhMjAtaWV0Zi1wb2x5MTMwNTpmOGY3YUN6Y1BLY...
跳过无法解析的行（来源: all_unique_nodes）: ss://Y2hhY2hhMjAtaWV0Zi1wb2x5MTMwNTpmOGY3YUN6Y1BLY...
跳过无法解析的行（来源: all_unique_nodes）: ss://Y2hhY2hhMjAtaWV0Zi1wb2x5MTMwNTpmOGY3YUN6Y1BLY...
跳过无法解析的行（来源: all_unique_nodes）: ss://Y2hhY2hhMjAtaWV0Zi1wb2x5MTMwNTpmOGY3YUN6Y1BLY...
跳过 Shadowsocks 节点（来源: all_unique_nodes）: ss://Y2hhY2hhMjAtaWV0Zi1wb2x5MTMwNTpmOGY3YUN6Y1BLY... (不支持的加密方式: Y2hhY2hhMjAtaWV0Zi1wb2x5MTMwNTpmOGY3YUN6Y1BLYnNGOHAz)
跳过无法解析的行（来源: all_unique_nodes）: ss://Y2hhY2hhMjAtaWV0Zi1wb2x5MTMwNTpmOGY3YUN6Y1BLY...
跳过无法解析的行（来源: all_unique_nodes）: ss://Y2hhY2hhMjAtaWV0Zi1wb2x5MTMwNTpmOGY3YUN6Y1BLY...
跳过无法解析的行（来源: all_unique_nodes）: ss://Y2hhY2hhMjAtaWV0Zi1wb2x5MTMwNTpmOGY3YUN6Y1BLY...
跳过无法解析的行（来源: all_unique_nodes）: ss://Y2hhY2hhMjAtaWV0Zi1wb2x5MTMwNTpmOGY3YUN6Y1BLY...
跳过 Shadowsocks 节点（来源: all_unique_nodes）: ss://Y2hhY2hhMjAtaWV0Zi1wb2x5MTMwNTpvWklvQTY5UTh5a... (不支持的加密方式: Y2hhY2hhMjAtaWV0Zi1wb2x5MTMwNTpvWklvQTY5UTh5aGNRVjhrYTNQYTNB)
跳过无法解析的行（来源: all_unique_nodes）: ss://Y2hhY2hhMjAtaWV0Zi1wb2x5MTMwNTpvWklvQTY5UTh5a...
跳过无法解析的行（来源: all_unique_nodes）: ss://Y2hhY2hhMjAtaWV0Zi1wb2x5MTMwNTpvWklvQTY5UTh5a...
跳过无法解析的行（来源: all_unique_nodes）: ss://Y2hhY2hhMjAtaWV0Zi1wb2x5MTMwNTpvWklvQTY5UTh5a...
跳过无法解析的行（来源: all_unique_nodes）: ss://Y2hhY2hhMjAtaWV0Zi1wb2x5MTMwNTpvWklvQTY5UTh5a...
跳过 Shadowsocks 节点（来源: all_unique_nodes）: ss://Y2hhY2hhMjAtaWV0Zi1wb2x5MTMwNTpvWklvQTY5UTh5a... (不支持的加密方式: Y2hhY2hhMjAtaWV0Zi1wb2x5MTMwNTpvWklvQTY5UTh5aGNRVjhrYTNQYTNB)
跳过无法解析的行（来源: all_unique_nodes）: ss://Y2hhY2hhMjAtaWV0Zi1wb2x5MTMwNTpvWklvQTY5UTh5a...
跳过无法解析的行（来源: all_unique_nodes）: ss://Y2hhY2hhMjAtaWV0Zi1wb2x5MTMwNTpvWklvQTY5UTh5a...
跳过无法解析的行（来源: all_unique_nodes）: ss://Y2hhY2hhMjAtaWV0Zi1wb2x5MTMwNTpvWklvQTY5UTh5a...
跳过无法解析的行（来源: all_unique_nodes）: ss://Y2hhY2hhMjAtaWV0Zi1wb2x5MTMwNTpvWklvQTY5UTh5a...
跳过 Shadowsocks 节点（来源: all_unique_nodes）: ss://Y2hhY2hhMjAtaWV0Zi1wb2x5MTMwNTpvWklvQTY5UTh5a... (不支持的加密方式: Y2hhY2hhMjAtaWV0Zi1wb2x5MTMwNTpvWklvQTY5UTh5aGNRVjhrYTNQYTNB)
跳过无法解析的行（来源: all_unique_nodes）: ss://Y2hhY2hhMjAtaWV0Zi1wb2x5MTMwNTpvWklvQTY5UTh5a...
跳过无法解析的行（来源: all_unique_nodes）: ss://Y2hhY2hhMjAtaWV0Zi1wb2x5MTMwNTpvWklvQTY5UTh5a...
跳过无法解析的行（来源: all_unique_nodes）: ss://Y2hhY2hhMjAtaWV0Zi1wb2x5MTMwNTpvWklvQTY5UTh5a...
跳过无法解析的行（来源: all_unique_nodes）: ss://Y2hhY2hhMjAtaWV0Zi1wb2x5MTMwNTpvWklvQTY5UTh5a...
跳过 Shadowsocks 节点（来源: all_unique_nodes）: ss://Y2hhY2hhMjAtaWV0Zi1wb2x5MTMwNTpvWklvQTY5UTh5a... (不支持的加密方式: Y2hhY2hhMjAtaWV0Zi1wb2x5MTMwNTpvWklvQTY5UTh5aGNRVjhrYTNQYTNB)
跳过无法解析的行（来源: all_unique_nodes）: ss://Y2hhY2hhMjAtaWV0Zi1wb2x5MTMwNTpvWklvQTY5UTh5a...
跳过无法解析的行（来源: all_unique_nodes）: ss://Y2hhY2hhMjAtaWV0Zi1wb2x5MTMwNTpvWklvQTY5UTh5a...
跳过无法解析的行（来源: all_unique_nodes）: ss://Y2hhY2hhMjAtaWV0Zi1wb2x5MTMwNTpvWklvQTY5UTh5a...
跳过无法解析的行（来源: all_unique_nodes）: ss://Y2hhY2hhMjAtaWV0Zi1wb2x5MTMwNTpvWklvQTY5UTh5a...
跳过 Shadowsocks 节点（来源: all_unique_nodes）: ss://Y2hhY2hhMjAtaWV0Zi1wb2x5MTMwNTpvWklvQTY5UTh5a... (不支持的加密方式: Y2hhY2hhMjAtaWV0Zi1wb2x5MTMwNTpvWklvQTY5UTh5aGNRVjhrYTNQYTNB)
跳过无法解析的行（来源: all_unique_nodes）: ss://Y2hhY2hhMjAtaWV0Zi1wb2x5MTMwNTpvWklvQTY5UTh5a...
跳过无法解析的行（来源: all_unique_nodes）: ss://Y2hhY2hhMjAtaWV0Zi1wb2x5MTMwNTpvWklvQTY5UTh5a...
跳过无法解析的行（来源: all_unique_nodes）: ss://Y2hhY2hhMjAtaWV0Zi1wb2x5MTMwNTpvWklvQTY5UTh5a...
跳过无法解析的行（来源: all_unique_nodes）: ss://Y2hhY2hhMjAtaWV0Zi1wb2x5MTMwNTpvWklvQTY5UTh5a...
跳过 Shadowsocks 节点（来源: all_unique_nodes）: ss://YWVzLTEyOC1nY206OTM0OTg1MzktNzgzOC00ODM2LWI5Y... (不支持的加密方式: YWVzLTEyOC1nY206OTM0OTg1MzktNzgzOC00ODM2LWI5YjMtODMxMWZmYzc5YmNm)
跳过无法解析的行（来源: all_unique_nodes）: ss://YWVzLTEyOC1nY206OTM0OTg1MzktNzgzOC00ODM2LWI5Y...
跳过无法解析的行（来源: all_unique_nodes）: ss://YWVzLTEyOC1nY206OTM0OTg1MzktNzgzOC00ODM2LWI5Y...
跳过无法解析的行（来源: all_unique_nodes）: ss://YWVzLTEyOC1nY206OTM0OTg1MzktNzgzOC00ODM2LWI5Y...
跳过无法解析的行（来源: all_unique_nodes）: ss://YWVzLTEyOC1nY206OTM0OTg1MzktNzgzOC00ODM2LWI5Y...
跳过无法解析的行（来源: all_unique_nodes）: vless://0715cb97-bd38-496a-9550-1e42c8fb321c@jio.s...
跳过无法解析的行（来源: all_unique_nodes）: vless://0715cb97-bd38-496a-9550-1e42c8fb321c@jio.s...
跳过无法解析的行（来源: all_unique_nodes）: vless://0715cb97-bd38-496a-9550-1e42c8fb321c@jio.s...
跳过无法解析的行（来源: all_unique_nodes）: vless://0715cb97-bd38-496a-9550-1e42c8fb321c@jio.s...
跳过无法解析的行（来源: all_unique_nodes）: vless://092fdb37-25c6-4390-ab28-37bccdad45ee@jio.s...
跳过无法解析的行（来源: all_unique_nodes）: vless://092fdb37-25c6-4390-ab28-37bccdad45ee@jio.s...
跳过无法解析的行（来源: all_unique_nodes）: vless://092fdb37-25c6-4390-ab28-37bccdad45ee@jio.s...
跳过无法解析的行（来源: all_unique_nodes）: vless://092fdb37-25c6-4390-ab28-37bccdad45ee@jio.s...
跳过无法解析的行（来源: all_unique_nodes）: vless://128927f2-93a6-40f7-9401-fb6e819bd15a@jio.s...
跳过无法解析的行（来源: all_unique_nodes）: vless://128927f2-93a6-40f7-9401-fb6e819bd15a@jio.s...
跳过无法解析的行（来源: all_unique_nodes）: vless://128927f2-93a6-40f7-9401-fb6e819bd15a@jio.s...
跳过无法解析的行（来源: all_unique_nodes）: vless://128927f2-93a6-40f7-9401-fb6e819bd15a@jio.s...
跳过无法解析的行（来源: all_unique_nodes）: vless://12d3d075-ceca-4af4-9ed9-ff631e0cae52@jio.s...
跳过无法解析的行（来源: all_unique_nodes）: vless://12d3d075-ceca-4af4-9ed9-ff631e0cae52@jio.s...
跳过无法解析的行（来源: all_unique_nodes）: vless://12d3d075-ceca-4af4-9ed9-ff631e0cae52@jio.s...
跳过无法解析的行（来源: all_unique_nodes）: vless://12d3d075-ceca-4af4-9ed9-ff631e0cae52@jio.s...
跳过无法解析的行（来源: all_unique_nodes）: vless://13516920-8ff7-4382-a55b-f0dc2c4378f7@bestc...
跳过无法解析的行（来源: all_unique_nodes）: vless://13516920-8ff7-4382-a55b-f0dc2c4378f7@bestc...
跳过无法解析的行（来源: all_unique_nodes）: vless://13516920-8ff7-4382-a55b-f0dc2c4378f7@bestc...
跳过无法解析的行（来源: all_unique_nodes）: vless://13516920-8ff7-4382-a55b-f0dc2c4378f7@bestc...
跳过无法解析的行（来源: all_unique_nodes）: vless://13516920-8ff7-4382-a55b-f0dc2c4378f7@bestc...
跳过无法解析的行（来源: all_unique_nodes）: vless://13516920-8ff7-4382-a55b-f0dc2c4378f7@bestc...
跳过无法解析的行（来源: all_unique_nodes）: vless://13516920-8ff7-4382-a55b-f0dc2c4378f7@bestc...
跳过无法解析的行（来源: all_unique_nodes）: vless://13516920-8ff7-4382-a55b-f0dc2c4378f7@bestc...
跳过无法解析的行（来源: all_unique_nodes）: vless://13516920-8ff7-4382-a55b-f0dc2c4378f7@bestc...
跳过无法解析的行（来源: all_unique_nodes）: vless://13516920-8ff7-4382-a55b-f0dc2c4378f7@bestc...
跳过无法解析的行（来源: all_unique_nodes）: vless://13516920-8ff7-4382-a55b-f0dc2c4378f7@bestc...
跳过无法解析的行（来源: all_unique_nodes）: vless://13516920-8ff7-4382-a55b-f0dc2c4378f7@bestc...
跳过无法解析的行（来源: all_unique_nodes）: vless://13516920-8ff7-4382-a55b-f0dc2c4378f7@bestc...
跳过无法解析的行（来源: all_unique_nodes）: vless://13516920-8ff7-4382-a55b-f0dc2c4378f7@bestc...
跳过无法解析的行（来源: all_unique_nodes）: vless://13516920-8ff7-4382-a55b-f0dc2c4378f7@bestc...
跳过无法解析的行（来源: all_unique_nodes）: vless://13516920-8ff7-4382-a55b-f0dc2c4378f7@bestc...
跳过无法解析的行（来源: all_unique_nodes）: vless://13516920-8ff7-4382-a55b-f0dc2c4378f7@bestc...
跳过无法解析的行（来源: all_unique_nodes）: vless://13516920-8ff7-4382-a55b-f0dc2c4378f7@bestc...
跳过无法解析的行（来源: all_unique_nodes）: vless://13516920-8ff7-4382-a55b-f0dc2c4378f7@bestc...
跳过无法解析的行（来源: all_unique_nodes）: vless://13516920-8ff7-4382-a55b-f0dc2c4378f7@bestc...
跳过无法解析的行（来源: all_unique_nodes）: vless://13516920-8ff7-4382-a55b-f0dc2c4378f7@bestc...
跳过无法解析的行（来源: all_unique_nodes）: vless://13516920-8ff7-4382-a55b-f0dc2c4378f7@bestc...
跳过无法解析的行（来源: all_unique_nodes）: vless://13516920-8ff7-4382-a55b-f0dc2c4378f7@bestc...
跳过无法解析的行（来源: all_unique_nodes）: vless://13516920-8ff7-4382-a55b-f0dc2c4378f7@bestc...
跳过无法解析的行（来源: all_unique_nodes）: vless://13516920-8ff7-4382-a55b-f0dc2c4378f7@bestc...
跳过无法解析的行（来源: all_unique_nodes）: vless://13516920-8ff7-4382-a55b-f0dc2c4378f7@bestc...
跳过无法解析的行（来源: all_unique_nodes）: vless://13516920-8ff7-4382-a55b-f0dc2c4378f7@bestc...
跳过无法解析的行（来源: all_unique_nodes）: vless://13516920-8ff7-4382-a55b-f0dc2c4378f7@bestc...
跳过无法解析的行（来源: all_unique_nodes）: vless://13516920-8ff7-4382-a55b-f0dc2c4378f7@bestc...
跳过无法解析的行（来源: all_unique_nodes）: vless://13516920-8ff7-4382-a55b-f0dc2c4378f7@bestc...
跳过无法解析的行（来源: all_unique_nodes）: vless://13516920-8ff7-4382-a55b-f0dc2c4378f7@bestc...
跳过无法解析的行（来源: all_unique_nodes）: vless://13516920-8ff7-4382-a55b-f0dc2c4378f7@bestc...
跳过无法解析的行（来源: all_unique_nodes）: vless://13516920-8ff7-4382-a55b-f0dc2c4378f7@bestc...
跳过无法解析的行（来源: all_unique_nodes）: vless://13516920-8ff7-4382-a55b-f0dc2c4378f7@bestc...
跳过无法解析的行（来源: all_unique_nodes）: vless://13516920-8ff7-4382-a55b-f0dc2c4378f7@bestc...
跳过无法解析的行（来源: all_unique_nodes）: vless://13516920-8ff7-4382-a55b-f0dc2c4378f7@bestc...
跳过无法解析的行（来源: all_unique_nodes）: vless://13516920-8ff7-4382-a55b-f0dc2c4378f7@bestc...
跳过无法解析的行（来源: all_unique_nodes）: vless://13516920-8ff7-4382-a55b-f0dc2c4378f7@bestc...
跳过无法解析的行（来源: all_unique_nodes）: vless://13516920-8ff7-4382-a55b-f0dc2c4378f7@bestc...
跳过无法解析的行（来源: all_unique_nodes）: vless://13516920-8ff7-4382-a55b-f0dc2c4378f7@bestc...
跳过无法解析的行（来源: all_unique_nodes）: vless://13516920-8ff7-4382-a55b-f0dc2c4378f7@bestc...
跳过无法解析的行（来源: all_unique_nodes）: vless://13516920-8ff7-4382-a55b-f0dc2c4378f7@bestc...
跳过无法解析的行（来源: all_unique_nodes）: vless://13516920-8ff7-4382-a55b-f0dc2c4378f7@bestc...
跳过无法解析的行（来源: all_unique_nodes）: vless://13516920-8ff7-4382-a55b-f0dc2c4378f7@bestc...
跳过无法解析的行（来源: all_unique_nodes）: vless://13516920-8ff7-4382-a55b-f0dc2c4378f7@bestc...
跳过无法解析的行（来源: all_unique_nodes）: vless://13516920-8ff7-4382-a55b-f0dc2c4378f7@bestc...
跳过无法解析的行（来源: all_unique_nodes）: vless://13516920-8ff7-4382-a55b-f0dc2c4378f7@bestc...
跳过无法解析的行（来源: all_unique_nodes）: vless://13516920-8ff7-4382-a55b-f0dc2c4378f7@bestc...
跳过无法解析的行（来源: all_unique_nodes）: vless://14e9fc37-9922-48b2-953d-22da11511aa0@jio.s...
跳过无法解析的行（来源: all_unique_nodes）: vless://14e9fc37-9922-48b2-953d-22da11511aa0@jio.s...
跳过无法解析的行（来源: all_unique_nodes）: vless://14e9fc37-9922-48b2-953d-22da11511aa0@jio.s...
跳过无法解析的行（来源: all_unique_nodes）: vless://14e9fc37-9922-48b2-953d-22da11511aa0@jio.s...
跳过无法解析的行（来源: all_unique_nodes）: vless://16726ef0-f3f4-428b-c8aa-e9ce99ac34e8@res.p...
跳过无法解析的行（来源: all_unique_nodes）: vless://16726ef0-f3f4-428b-c8aa-e9ce99ac34e8@res.p...
跳过无法解析的行（来源: all_unique_nodes）: vless://16726ef0-f3f4-428b-c8aa-e9ce99ac34e8@res.p...
跳过无法解析的行（来源: all_unique_nodes）: vless://16726ef0-f3f4-428b-c8aa-e9ce99ac34e8@res.p...
跳过无法解析的行（来源: all_unique_nodes）: vless://1715bc91-e1c7-44a6-97a5-6d3ad8867e73@jio.s...
跳过无法解析的行（来源: all_unique_nodes）: vless://1715bc91-e1c7-44a6-97a5-6d3ad8867e73@jio.s...
跳过无法解析的行（来源: all_unique_nodes）: vless://1715bc91-e1c7-44a6-97a5-6d3ad8867e73@jio.s...
跳过无法解析的行（来源: all_unique_nodes）: vless://1715bc91-e1c7-44a6-97a5-6d3ad8867e73@jio.s...
跳过无法解析的行（来源: all_unique_nodes）: vless://1af8710c-404c-4635-b79b-8c88937def36@jio.s...
跳过无法解析的行（来源: all_unique_nodes）: vless://1af8710c-404c-4635-b79b-8c88937def36@jio.s...
跳过无法解析的行（来源: all_unique_nodes）: vless://1af8710c-404c-4635-b79b-8c88937def36@jio.s...
跳过无法解析的行（来源: all_unique_nodes）: vless://1af8710c-404c-4635-b79b-8c88937def36@jio.s...
跳过无法解析的行（来源: all_unique_nodes）: vless://1be80bc3-7733-4b15-965a-8d99ffdd8fee@jio.s...
跳过无法解析的行（来源: all_unique_nodes）: vless://1be80bc3-7733-4b15-965a-8d99ffdd8fee@jio.s...
跳过无法解析的行（来源: all_unique_nodes）: vless://1be80bc3-7733-4b15-965a-8d99ffdd8fee@jio.s...
跳过无法解析的行（来源: all_unique_nodes）: vless://1be80bc3-7733-4b15-965a-8d99ffdd8fee@jio.s...
跳过无法解析的行（来源: all_unique_nodes）: vless://1c77b5fa-4058-41f0-8d09-ffdafd430c69@jio.s...
跳过无法解析的行（来源: all_unique_nodes）: vless://1c77b5fa-4058-41f0-8d09-ffdafd430c69@jio.s...
跳过无法解析的行（来源: all_unique_nodes）: vless://1c77b5fa-4058-41f0-8d09-ffdafd430c69@jio.s...
跳过无法解析的行（来源: all_unique_nodes）: vless://1c77b5fa-4058-41f0-8d09-ffdafd430c69@jio.s...
跳过无法解析的行（来源: all_unique_nodes）: vless://1e6992f8-eb46-4f06-b197-d47c7a90e375@jio.s...
跳过无法解析的行（来源: all_unique_nodes）: vless://1e6992f8-eb46-4f06-b197-d47c7a90e375@jio.s...
跳过无法解析的行（来源: all_unique_nodes）: vless://1e6992f8-eb46-4f06-b197-d47c7a90e375@jio.s...
跳过无法解析的行（来源: all_unique_nodes）: vless://1e6992f8-eb46-4f06-b197-d47c7a90e375@jio.s...
跳过无法解析的行（来源: all_unique_nodes）: vless://1fced3eb-a00f-4d2b-846f-9a170cc150b1@jio.s...
跳过无法解析的行（来源: all_unique_nodes）: vless://1fced3eb-a00f-4d2b-846f-9a170cc150b1@jio.s...
跳过无法解析的行（来源: all_unique_nodes）: vless://1fced3eb-a00f-4d2b-846f-9a170cc150b1@jio.s...
跳过无法解析的行（来源: all_unique_nodes）: vless://1fced3eb-a00f-4d2b-846f-9a170cc150b1@jio.s...
跳过无法解析的行（来源: all_unique_nodes）: vless://21d9a2d0-09c9-472e-a863-b56e8df81fac@jio.s...
跳过无法解析的行（来源: all_unique_nodes）: vless://21d9a2d0-09c9-472e-a863-b56e8df81fac@jio.s...
跳过无法解析的行（来源: all_unique_nodes）: vless://21d9a2d0-09c9-472e-a863-b56e8df81fac@jio.s...
跳过无法解析的行（来源: all_unique_nodes）: vless://21d9a2d0-09c9-472e-a863-b56e8df81fac@jio.s...
跳过无法解析的行（来源: all_unique_nodes）: vless://251339ce-c2ba-48f7-85f5-bcca39b14006@jio.s...
跳过无法解析的行（来源: all_unique_nodes）: vless://251339ce-c2ba-48f7-85f5-bcca39b14006@jio.s...
跳过无法解析的行（来源: all_unique_nodes）: vless://251339ce-c2ba-48f7-85f5-bcca39b14006@jio.s...
跳过无法解析的行（来源: all_unique_nodes）: vless://251339ce-c2ba-48f7-85f5-bcca39b14006@jio.s...
跳过无法解析的行（来源: all_unique_nodes）: vless://26b198ff-c7bf-480f-a672-27656a7aa3e3@jio.s...
跳过无法解析的行（来源: all_unique_nodes）: vless://26b198ff-c7bf-480f-a672-27656a7aa3e3@jio.s...
跳过无法解析的行（来源: all_unique_nodes）: vless://26b198ff-c7bf-480f-a672-27656a7aa3e3@jio.s...
跳过无法解析的行（来源: all_unique_nodes）: vless://26b198ff-c7bf-480f-a672-27656a7aa3e3@jio.s...
跳过无法解析的行（来源: all_unique_nodes）: vless://28aba1be-775b-47dd-a3a2-fb0cbbffdbe1@jio.s...
跳过无法解析的行（来源: all_unique_nodes）: vless://28aba1be-775b-47dd-a3a2-fb0cbbffdbe1@jio.s...
跳过无法解析的行（来源: all_unique_nodes）: vless://28aba1be-775b-47dd-a3a2-fb0cbbffdbe1@jio.s...
跳过无法解析的行（来源: all_unique_nodes）: vless://28aba1be-775b-47dd-a3a2-fb0cbbffdbe1@jio.s...
跳过无法解析的行（来源: all_unique_nodes）: vless://2a42ac68-c735-4bcf-ac59-1ec3692100f2@jio.s...
跳过无法解析的行（来源: all_unique_nodes）: vless://2a42ac68-c735-4bcf-ac59-1ec3692100f2@jio.s...
跳过无法解析的行（来源: all_unique_nodes）: vless://2a42ac68-c735-4bcf-ac59-1ec3692100f2@jio.s...
跳过无法解析的行（来源: all_unique_nodes）: vless://2a42ac68-c735-4bcf-ac59-1ec3692100f2@jio.s...
跳过无法解析的行（来源: all_unique_nodes）: vless://2de186af-95c1-4570-a45c-6bca85c373af@jio.s...
跳过无法解析的行（来源: all_unique_nodes）: vless://2de186af-95c1-4570-a45c-6bca85c373af@jio.s...
跳过无法解析的行（来源: all_unique_nodes）: vless://2de186af-95c1-4570-a45c-6bca85c373af@jio.s...
跳过无法解析的行（来源: all_unique_nodes）: vless://2de186af-95c1-4570-a45c-6bca85c373af@jio.s...
跳过无法解析的行（来源: all_unique_nodes）: vless://3482a0f4-56aa-4096-aad4-19c5970c239b@dist....
跳过无法解析的行（来源: all_unique_nodes）: vless://3482a0f4-56aa-4096-aad4-19c5970c239b@dist....
跳过无法解析的行（来源: all_unique_nodes）: vless://3482a0f4-56aa-4096-aad4-19c5970c239b@dist....
跳过无法解析的行（来源: all_unique_nodes）: vless://3482a0f4-56aa-4096-aad4-19c5970c239b@dist....
跳过无法解析的行（来源: all_unique_nodes）: vless://3c7b91ac-daa3-4e11-8c88-bf95b1337a4a@jio.s...
跳过无法解析的行（来源: all_unique_nodes）: vless://3c7b91ac-daa3-4e11-8c88-bf95b1337a4a@jio.s...
跳过无法解析的行（来源: all_unique_nodes）: vless://3c7b91ac-daa3-4e11-8c88-bf95b1337a4a@jio.s...
跳过无法解析的行（来源: all_unique_nodes）: vless://3c7b91ac-daa3-4e11-8c88-bf95b1337a4a@jio.s...
跳过无法解析的行（来源: all_unique_nodes）: vless://3ee1d3c2-4fa7-4519-90ac-89c357cf7d72@jio.s...
跳过无法解析的行（来源: all_unique_nodes）: vless://3ee1d3c2-4fa7-4519-90ac-89c357cf7d72@jio.s...
跳过无法解析的行（来源: all_unique_nodes）: vless://3ee1d3c2-4fa7-4519-90ac-89c357cf7d72@jio.s...
跳过无法解析的行（来源: all_unique_nodes）: vless://3ee1d3c2-4fa7-4519-90ac-89c357cf7d72@jio.s...
跳过无法解析的行（来源: all_unique_nodes）: vless://45e4e39d-e878-4765-a615-ea2854d35074@jio.s...
跳过无法解析的行（来源: all_unique_nodes）: vless://45e4e39d-e878-4765-a615-ea2854d35074@jio.s...
跳过无法解析的行（来源: all_unique_nodes）: vless://45e4e39d-e878-4765-a615-ea2854d35074@jio.s...
跳过无法解析的行（来源: all_unique_nodes）: vless://45e4e39d-e878-4765-a615-ea2854d35074@jio.s...
跳过无法解析的行（来源: all_unique_nodes）: vless://4aae04fa-f390-44bb-9558-a344c8baed36@admin...
跳过无法解析的行（来源: all_unique_nodes）: vless://4aae04fa-f390-44bb-9558-a344c8baed36@admin...
跳过无法解析的行（来源: all_unique_nodes）: vless://4aae04fa-f390-44bb-9558-a344c8baed36@admin...
跳过无法解析的行（来源: all_unique_nodes）: vless://4aae04fa-f390-44bb-9558-a344c8baed36@admin...
跳过无法解析的行（来源: all_unique_nodes）: vless://4aae04fa-f390-44bb-9558-a344c8baed36@admin...
跳过无法解析的行（来源: all_unique_nodes）: vless://4aae04fa-f390-44bb-9558-a344c8baed36@admin...
跳过无法解析的行（来源: all_unique_nodes）: vless://4aae04fa-f390-44bb-9558-a344c8baed36@admin...
跳过无法解析的行（来源: all_unique_nodes）: vless://4aae04fa-f390-44bb-9558-a344c8baed36@admin...
跳过重复的 VLESS 节点（来源: all_unique_nodes）: vless://4aae04fa-f390-44bb-9558-a344c8baed36@admin...
跳过无法解析的行（来源: all_unique_nodes）: vless://4ce4449f-bdca-464e-8d04-c39967a9a5b9@jio.s...
跳过无法解析的行（来源: all_unique_nodes）: vless://4ce4449f-bdca-464e-8d04-c39967a9a5b9@jio.s...
跳过无法解析的行（来源: all_unique_nodes）: vless://4ce4449f-bdca-464e-8d04-c39967a9a5b9@jio.s...
跳过无法解析的行（来源: all_unique_nodes）: vless://4ce4449f-bdca-464e-8d04-c39967a9a5b9@jio.s...
跳过无法解析的行（来源: all_unique_nodes）: vless://53c6db3f-6839-42b7-e696-e56306d1872b@res.p...
跳过无法解析的行（来源: all_unique_nodes）: vless://53c6db3f-6839-42b7-e696-e56306d1872b@res.p...
跳过无法解析的行（来源: all_unique_nodes）: vless://53c6db3f-6839-42b7-e696-e56306d1872b@res.p...
跳过无法解析的行（来源: all_unique_nodes）: vless://53c6db3f-6839-42b7-e696-e56306d1872b@res.p...
跳过无法解析的行（来源: all_unique_nodes）: vless://5e8653a8-6cef-4b53-af3c-7526ff31f2b5@jio.s...
跳过无法解析的行（来源: all_unique_nodes）: vless://5e8653a8-6cef-4b53-af3c-7526ff31f2b5@jio.s...
跳过无法解析的行（来源: all_unique_nodes）: vless://5e8653a8-6cef-4b53-af3c-7526ff31f2b5@jio.s...
跳过无法解析的行（来源: all_unique_nodes）: vless://5e8653a8-6cef-4b53-af3c-7526ff31f2b5@jio.s...
跳过无法解析的行（来源: all_unique_nodes）: vless://68aaf70e-30e2-4f3b-97cc-33e60b5f50f7@jio.s...
跳过无法解析的行（来源: all_unique_nodes）: vless://68aaf70e-30e2-4f3b-97cc-33e60b5f50f7@jio.s...
跳过无法解析的行（来源: all_unique_nodes）: vless://68aaf70e-30e2-4f3b-97cc-33e60b5f50f7@jio.s...
跳过无法解析的行（来源: all_unique_nodes）: vless://68aaf70e-30e2-4f3b-97cc-33e60b5f50f7@jio.s...
跳过无法解析的行（来源: all_unique_nodes）: vless://6b7a3ae4-2c5d-47a6-8943-3da75e775db3@jio.s...
跳过无法解析的行（来源: all_unique_nodes）: vless://6b7a3ae4-2c5d-47a6-8943-3da75e775db3@jio.s...
跳过无法解析的行（来源: all_unique_nodes）: vless://6b7a3ae4-2c5d-47a6-8943-3da75e775db3@jio.s...
跳过无法解析的行（来源: all_unique_nodes）: vless://6b7a3ae4-2c5d-47a6-8943-3da75e775db3@jio.s...
跳过无法解析的行（来源: all_unique_nodes）: vless://7477c078-48fd-4273-adf0-5049348a121d@jio.s...
跳过无法解析的行（来源: all_unique_nodes）: vless://7477c078-48fd-4273-adf0-5049348a121d@jio.s...
跳过无法解析的行（来源: all_unique_nodes）: vless://7477c078-48fd-4273-adf0-5049348a121d@jio.s...
跳过无法解析的行（来源: all_unique_nodes）: vless://7477c078-48fd-4273-adf0-5049348a121d@jio.s...
跳过无法解析的行（来源: all_unique_nodes）: vless://79eed0cd-d955-47a0-a517-743f1c79c652@jio.s...
跳过无法解析的行（来源: all_unique_nodes）: vless://79eed0cd-d955-47a0-a517-743f1c79c652@jio.s...
跳过无法解析的行（来源: all_unique_nodes）: vless://79eed0cd-d955-47a0-a517-743f1c79c652@jio.s...
跳过无法解析的行（来源: all_unique_nodes）: vless://79eed0cd-d955-47a0-a517-743f1c79c652@jio.s...
跳过无法解析的行（来源: all_unique_nodes）: vless://7c3617f7-f134-4c8b-ac7e-e40d77ac79c1@jio.s...
跳过无法解析的行（来源: all_unique_nodes）: vless://7c3617f7-f134-4c8b-ac7e-e40d77ac79c1@jio.s...
跳过无法解析的行（来源: all_unique_nodes）: vless://7c3617f7-f134-4c8b-ac7e-e40d77ac79c1@jio.s...
跳过无法解析的行（来源: all_unique_nodes）: vless://7c3617f7-f134-4c8b-ac7e-e40d77ac79c1@jio.s...
跳过无法解析的行（来源: all_unique_nodes）: vless://7e74ff43-3a90-48b3-8372-7d92a045c2d4@light...
跳过无法解析的行（来源: all_unique_nodes）: vless://7e74ff43-3a90-48b3-8372-7d92a045c2d4@light...
跳过无法解析的行（来源: all_unique_nodes）: vless://7e74ff43-3a90-48b3-8372-7d92a045c2d4@light...
跳过无法解析的行（来源: all_unique_nodes）: vless://7e74ff43-3a90-48b3-8372-7d92a045c2d4@light...
跳过无法解析的行（来源: all_unique_nodes）: vless://826f524a-cea1-4e44-9b49-3381d13b7593@172.6...
跳过无法解析的行（来源: all_unique_nodes）: vless://826f524a-cea1-4e44-9b49-3381d13b7593@172.6...
跳过无法解析的行（来源: all_unique_nodes）: vless://826f524a-cea1-4e44-9b49-3381d13b7593@172.6...
跳过无法解析的行（来源: all_unique_nodes）: vless://826f524a-cea1-4e44-9b49-3381d13b7593@172.6...
跳过无法解析的行（来源: all_unique_nodes）: vless://826f524a-cea1-4e44-9b49-3381d13b7593@172.6...
跳过无法解析的行（来源: all_unique_nodes）: vless://826f524a-cea1-4e44-9b49-3381d13b7593@172.6...
跳过无法解析的行（来源: all_unique_nodes）: vless://826f524a-cea1-4e44-9b49-3381d13b7593@172.6...
跳过无法解析的行（来源: all_unique_nodes）: vless://826f524a-cea1-4e44-9b49-3381d13b7593@172.6...
跳过无法解析的行（来源: all_unique_nodes）: vless://826f524a-cea1-4e44-9b49-3381d13b7593@fk31l...
跳过无法解析的行（来源: all_unique_nodes）: vless://826f524a-cea1-4e44-9b49-3381d13b7593@fk31l...
跳过无法解析的行（来源: all_unique_nodes）: vless://826f524a-cea1-4e44-9b49-3381d13b7593@fk31l...
跳过无法解析的行（来源: all_unique_nodes）: vless://826f524a-cea1-4e44-9b49-3381d13b7593@fk31l...
跳过无法解析的行（来源: all_unique_nodes）: vless://826f524a-cea1-4e44-9b49-3381d13b7593@www.s...
跳过无法解析的行（来源: all_unique_nodes）: vless://826f524a-cea1-4e44-9b49-3381d13b7593@www.s...
跳过无法解析的行（来源: all_unique_nodes）: vless://826f524a-cea1-4e44-9b49-3381d13b7593@www.s...
跳过无法解析的行（来源: all_unique_nodes）: vless://826f524a-cea1-4e44-9b49-3381d13b7593@www.s...
跳过无法解析的行（来源: all_unique_nodes）: vless://856791c6-6307-4a26-a0fb-a609935635f4@jio.s...
跳过无法解析的行（来源: all_unique_nodes）: vless://856791c6-6307-4a26-a0fb-a609935635f4@jio.s...
跳过无法解析的行（来源: all_unique_nodes）: vless://856791c6-6307-4a26-a0fb-a609935635f4@jio.s...
跳过无法解析的行（来源: all_unique_nodes）: vless://856791c6-6307-4a26-a0fb-a609935635f4@jio.s...
跳过无法解析的行（来源: all_unique_nodes）: vless://87b96b9a-edc3-4d09-8dd8-df63278e43c7@jio.s...
跳过无法解析的行（来源: all_unique_nodes）: vless://87b96b9a-edc3-4d09-8dd8-df63278e43c7@jio.s...
跳过无法解析的行（来源: all_unique_nodes）: vless://87b96b9a-edc3-4d09-8dd8-df63278e43c7@jio.s...
跳过无法解析的行（来源: all_unique_nodes）: vless://87b96b9a-edc3-4d09-8dd8-df63278e43c7@jio.s...
跳过无法解析的行（来源: all_unique_nodes）: vless://88a3530d-897f-429a-b162-83e8838a2490@jio.s...
跳过无法解析的行（来源: all_unique_nodes）: vless://88a3530d-897f-429a-b162-83e8838a2490@jio.s...
跳过无法解析的行（来源: all_unique_nodes）: vless://88a3530d-897f-429a-b162-83e8838a2490@jio.s...
跳过无法解析的行（来源: all_unique_nodes）: vless://88a3530d-897f-429a-b162-83e8838a2490@jio.s...
跳过无法解析的行（来源: all_unique_nodes）: vless://89abf452-49d5-4847-ab16-1861c0a2d7e0@jio.s...
跳过无法解析的行（来源: all_unique_nodes）: vless://89abf452-49d5-4847-ab16-1861c0a2d7e0@jio.s...
跳过无法解析的行（来源: all_unique_nodes）: vless://89abf452-49d5-4847-ab16-1861c0a2d7e0@jio.s...
跳过无法解析的行（来源: all_unique_nodes）: vless://89abf452-49d5-4847-ab16-1861c0a2d7e0@jio.s...
跳过无法解析的行（来源: all_unique_nodes）: vless://8ff2207f-2492-4ee2-b0b0-12dc868f9056@jio.s...
跳过无法解析的行（来源: all_unique_nodes）: vless://8ff2207f-2492-4ee2-b0b0-12dc868f9056@jio.s...
跳过无法解析的行（来源: all_unique_nodes）: vless://8ff2207f-2492-4ee2-b0b0-12dc868f9056@jio.s...
跳过无法解析的行（来源: all_unique_nodes）: vless://8ff2207f-2492-4ee2-b0b0-12dc868f9056@jio.s...
跳过无法解析的行（来源: all_unique_nodes）: vless://92b728cf-1a95-46a1-825c-a2226069d91d@jio.s...
跳过无法解析的行（来源: all_unique_nodes）: vless://92b728cf-1a95-46a1-825c-a2226069d91d@jio.s...
跳过无法解析的行（来源: all_unique_nodes）: vless://92b728cf-1a95-46a1-825c-a2226069d91d@jio.s...
跳过无法解析的行（来源: all_unique_nodes）: vless://92b728cf-1a95-46a1-825c-a2226069d91d@jio.s...
跳过无法解析的行（来源: all_unique_nodes）: vless://9570a079-f83f-4454-88d0-884057c57a35@fruit...
跳过无法解析的行（来源: all_unique_nodes）: vless://9570a079-f83f-4454-88d0-884057c57a35@fruit...
跳过无法解析的行（来源: all_unique_nodes）: vless://9570a079-f83f-4454-88d0-884057c57a35@fruit...
跳过无法解析的行（来源: all_unique_nodes）: vless://9570a079-f83f-4454-88d0-884057c57a35@fruit...
跳过 VLESS 节点（来源: all_unique_nodes）: vless://9570a079-f83f-4454-88d0-884057c57a35@fruit... (无效或缺失 ws-opts.headers[Host]: )
跳过无法解析的行（来源: all_unique_nodes）: vless://96bd1151-8e76-4b53-833a-1a84079c42d6@jio.s...
跳过无法解析的行（来源: all_unique_nodes）: vless://96bd1151-8e76-4b53-833a-1a84079c42d6@jio.s...
跳过无法解析的行（来源: all_unique_nodes）: vless://96bd1151-8e76-4b53-833a-1a84079c42d6@jio.s...
跳过无法解析的行（来源: all_unique_nodes）: vless://96bd1151-8e76-4b53-833a-1a84079c42d6@jio.s...
跳过无法解析的行（来源: all_unique_nodes）: vless://9fbdd1f2-919d-47ce-859b-ed9eea6f9c06@jio.s...
跳过无法解析的行（来源: all_unique_nodes）: vless://9fbdd1f2-919d-47ce-859b-ed9eea6f9c06@jio.s...
跳过无法解析的行（来源: all_unique_nodes）: vless://9fbdd1f2-919d-47ce-859b-ed9eea6f9c06@jio.s...
跳过无法解析的行（来源: all_unique_nodes）: vless://9fbdd1f2-919d-47ce-859b-ed9eea6f9c06@jio.s...
跳过无法解析的行（来源: all_unique_nodes）: vless://a0b73035-3b8f-4433-9b1c-8cad733754b6@jio.s...
跳过无法解析的行（来源: all_unique_nodes）: vless://a0b73035-3b8f-4433-9b1c-8cad733754b6@jio.s...
跳过无法解析的行（来源: all_unique_nodes）: vless://a0b73035-3b8f-4433-9b1c-8cad733754b6@jio.s...
跳过无法解析的行（来源: all_unique_nodes）: vless://a0b73035-3b8f-4433-9b1c-8cad733754b6@jio.s...
跳过无法解析的行（来源: all_unique_nodes）: vless://a2af50d9-09c7-4a44-90d0-42da35923e9e@commu...
跳过无法解析的行（来源: all_unique_nodes）: vless://a2af50d9-09c7-4a44-90d0-42da35923e9e@commu...
跳过无法解析的行（来源: all_unique_nodes）: vless://a2af50d9-09c7-4a44-90d0-42da35923e9e@commu...
跳过无法解析的行（来源: all_unique_nodes）: vless://a2af50d9-09c7-4a44-90d0-42da35923e9e@commu...
跳过 VLESS 节点（来源: all_unique_nodes）: vless://a2af50d9-09c7-4a44-90d0-42da35923e9e@commu... (无效或缺失 ws-opts.headers[Host]: )
跳过无法解析的行（来源: all_unique_nodes）: vless://a5763d8b-4a1f-45ee-90db-ee5870c00f7b@jio.s...
跳过无法解析的行（来源: all_unique_nodes）: vless://a5763d8b-4a1f-45ee-90db-ee5870c00f7b@jio.s...
跳过无法解析的行（来源: all_unique_nodes）: vless://a5763d8b-4a1f-45ee-90db-ee5870c00f7b@jio.s...
跳过无法解析的行（来源: all_unique_nodes）: vless://a5763d8b-4a1f-45ee-90db-ee5870c00f7b@jio.s...
跳过无法解析的行（来源: all_unique_nodes）: vless://a6cacbe7-b9aa-4e68-a6fb-9f2e5783b4ce@jio.s...
跳过无法解析的行（来源: all_unique_nodes）: vless://a6cacbe7-b9aa-4e68-a6fb-9f2e5783b4ce@jio.s...
跳过无法解析的行（来源: all_unique_nodes）: vless://a6cacbe7-b9aa-4e68-a6fb-9f2e5783b4ce@jio.s...
跳过无法解析的行（来源: all_unique_nodes）: vless://a6cacbe7-b9aa-4e68-a6fb-9f2e5783b4ce@jio.s...
跳过无法解析的行（来源: all_unique_nodes）: vless://a94a4eb1-a163-4993-a192-9ebe3a94fe92@jio.s...
跳过无法解析的行（来源: all_unique_nodes）: vless://a94a4eb1-a163-4993-a192-9ebe3a94fe92@jio.s...
跳过无法解析的行（来源: all_unique_nodes）: vless://a94a4eb1-a163-4993-a192-9ebe3a94fe92@jio.s...
跳过无法解析的行（来源: all_unique_nodes）: vless://a94a4eb1-a163-4993-a192-9ebe3a94fe92@jio.s...
跳过无法解析的行（来源: all_unique_nodes）: vless://ac21fd3c-dc93-41ff-af7a-3509c51ee6d0@jio.s...
跳过无法解析的行（来源: all_unique_nodes）: vless://ac21fd3c-dc93-41ff-af7a-3509c51ee6d0@jio.s...
跳过无法解析的行（来源: all_unique_nodes）: vless://ac21fd3c-dc93-41ff-af7a-3509c51ee6d0@jio.s...
跳过无法解析的行（来源: all_unique_nodes）: vless://ac21fd3c-dc93-41ff-af7a-3509c51ee6d0@jio.s...
跳过无法解析的行（来源: all_unique_nodes）: vless://ac4d3ebb-33bf-44ee-8f31-bf05036aac93@jio.s...
跳过无法解析的行（来源: all_unique_nodes）: vless://ac4d3ebb-33bf-44ee-8f31-bf05036aac93@jio.s...
跳过无法解析的行（来源: all_unique_nodes）: vless://ac4d3ebb-33bf-44ee-8f31-bf05036aac93@jio.s...
跳过无法解析的行（来源: all_unique_nodes）: vless://ac4d3ebb-33bf-44ee-8f31-bf05036aac93@jio.s...
跳过无法解析的行（来源: all_unique_nodes）: vless://b055036a-2d81-4d46-ab18-4e1898b58cec@fearl...
跳过无法解析的行（来源: all_unique_nodes）: vless://b055036a-2d81-4d46-ab18-4e1898b58cec@fearl...
跳过无法解析的行（来源: all_unique_nodes）: vless://b055036a-2d81-4d46-ab18-4e1898b58cec@fearl...
跳过无法解析的行（来源: all_unique_nodes）: vless://b055036a-2d81-4d46-ab18-4e1898b58cec@fearl...
跳过 VLESS 节点（来源: all_unique_nodes）: vless://b055036a-2d81-4d46-ab18-4e1898b58cec@fearl... (无效或缺失 ws-opts.headers[Host]: )
跳过无法解析的行（来源: all_unique_nodes）: vless://b3459777-368e-4861-b400-e015efcde242@jio.s...
跳过无法解析的行（来源: all_unique_nodes）: vless://b3459777-368e-4861-b400-e015efcde242@jio.s...
跳过无法解析的行（来源: all_unique_nodes）: vless://b3459777-368e-4861-b400-e015efcde242@jio.s...
跳过无法解析的行（来源: all_unique_nodes）: vless://b3459777-368e-4861-b400-e015efcde242@jio.s...
跳过无法解析的行（来源: all_unique_nodes）: vless://b4b8aa1f-77d2-4851-a5a4-f78886f3e997@deu24...
跳过无法解析的行（来源: all_unique_nodes）: vless://b4b8aa1f-77d2-4851-a5a4-f78886f3e997@deu24...
跳过无法解析的行（来源: all_unique_nodes）: vless://b4b8aa1f-77d2-4851-a5a4-f78886f3e997@deu24...
跳过无法解析的行（来源: all_unique_nodes）: vless://b4b8aa1f-77d2-4851-a5a4-f78886f3e997@deu24...
跳过无法解析的行（来源: all_unique_nodes）: vless://bbcc8015-f68f-43ef-8ab8-8ea3b8761f91@jio.s...
跳过无法解析的行（来源: all_unique_nodes）: vless://bbcc8015-f68f-43ef-8ab8-8ea3b8761f91@jio.s...
跳过无法解析的行（来源: all_unique_nodes）: vless://bbcc8015-f68f-43ef-8ab8-8ea3b8761f91@jio.s...
跳过无法解析的行（来源: all_unique_nodes）: vless://bbcc8015-f68f-43ef-8ab8-8ea3b8761f91@jio.s...
跳过无法解析的行（来源: all_unique_nodes）: vless://c24eb0aa-a951-4848-adc7-9d452e539cde@jio.s...
跳过无法解析的行（来源: all_unique_nodes）: vless://c24eb0aa-a951-4848-adc7-9d452e539cde@jio.s...
跳过无法解析的行（来源: all_unique_nodes）: vless://c24eb0aa-a951-4848-adc7-9d452e539cde@jio.s...
跳过无法解析的行（来源: all_unique_nodes）: vless://c24eb0aa-a951-4848-adc7-9d452e539cde@jio.s...
跳过无法解析的行（来源: all_unique_nodes）: vless://c31dc910-f115-4a4a-9740-76dc2ddbf222@jio.s...
跳过无法解析的行（来源: all_unique_nodes）: vless://c31dc910-f115-4a4a-9740-76dc2ddbf222@jio.s...
跳过无法解析的行（来源: all_unique_nodes）: vless://c31dc910-f115-4a4a-9740-76dc2ddbf222@jio.s...
跳过无法解析的行（来源: all_unique_nodes）: vless://c31dc910-f115-4a4a-9740-76dc2ddbf222@jio.s...
跳过无法解析的行（来源: all_unique_nodes）: vless://c6219afb-61a8-4c25-a398-5d52beddd7cf@jio.s...
跳过无法解析的行（来源: all_unique_nodes）: vless://c6219afb-61a8-4c25-a398-5d52beddd7cf@jio.s...
跳过无法解析的行（来源: all_unique_nodes）: vless://c6219afb-61a8-4c25-a398-5d52beddd7cf@jio.s...
跳过无法解析的行（来源: all_unique_nodes）: vless://c6219afb-61a8-4c25-a398-5d52beddd7cf@jio.s...
跳过无法解析的行（来源: all_unique_nodes）: vless://cd4f42b2-69b9-4bd0-8041-149f572d05d0@jio.s...
跳过无法解析的行（来源: all_unique_nodes）: vless://cd4f42b2-69b9-4bd0-8041-149f572d05d0@jio.s...
跳过无法解析的行（来源: all_unique_nodes）: vless://cd4f42b2-69b9-4bd0-8041-149f572d05d0@jio.s...
跳过无法解析的行（来源: all_unique_nodes）: vless://cd4f42b2-69b9-4bd0-8041-149f572d05d0@jio.s...
跳过无法解析的行（来源: all_unique_nodes）: vless://d66b529f-f2e8-464a-bcac-485e93c781a2@jio.s...
跳过无法解析的行（来源: all_unique_nodes）: vless://d66b529f-f2e8-464a-bcac-485e93c781a2@jio.s...
跳过无法解析的行（来源: all_unique_nodes）: vless://d66b529f-f2e8-464a-bcac-485e93c781a2@jio.s...
跳过无法解析的行（来源: all_unique_nodes）: vless://d66b529f-f2e8-464a-bcac-485e93c781a2@jio.s...
跳过无法解析的行（来源: all_unique_nodes）: vless://ddc27bd6-6efa-47cf-8bfc-acaf973ba6b3@famou...
跳过无法解析的行（来源: all_unique_nodes）: vless://ddc27bd6-6efa-47cf-8bfc-acaf973ba6b3@famou...
跳过无法解析的行（来源: all_unique_nodes）: vless://ddc27bd6-6efa-47cf-8bfc-acaf973ba6b3@famou...
跳过无法解析的行（来源: all_unique_nodes）: vless://ddc27bd6-6efa-47cf-8bfc-acaf973ba6b3@famou...
跳过 VLESS 节点（来源: all_unique_nodes）: vless://ddc27bd6-6efa-47cf-8bfc-acaf973ba6b3@famou... (无效或缺失 ws-opts.headers[Host]: )
跳过无法解析的行（来源: all_unique_nodes）: vless://df0680ca-e43c-498d-ed86-8e196eedd012@185.2...
跳过无法解析的行（来源: all_unique_nodes）: vless://df0680ca-e43c-498d-ed86-8e196eedd012@185.2...
跳过无法解析的行（来源: all_unique_nodes）: vless://df0680ca-e43c-498d-ed86-8e196eedd012@185.2...
跳过无法解析的行（来源: all_unique_nodes）: vless://df0680ca-e43c-498d-ed86-8e196eedd012@185.2...
跳过无法解析的行（来源: all_unique_nodes）: vless://e4824193-4f54-453b-d037-88368e85ef0e@45.82...
跳过无法解析的行（来源: all_unique_nodes）: vless://e4824193-4f54-453b-d037-88368e85ef0e@45.82...
跳过无法解析的行（来源: all_unique_nodes）: vless://e4824193-4f54-453b-d037-88368e85ef0e@45.82...
跳过无法解析的行（来源: all_unique_nodes）: vless://e4824193-4f54-453b-d037-88368e85ef0e@45.82...
跳过无法解析的行（来源: all_unique_nodes）: vless://e8113a32-b7f8-4bbb-9655-38fcbd57dd46@104.1...
跳过无法解析的行（来源: all_unique_nodes）: vless://e8113a32-b7f8-4bbb-9655-38fcbd57dd46@104.1...
跳过无法解析的行（来源: all_unique_nodes）: vless://e8113a32-b7f8-4bbb-9655-38fcbd57dd46@104.1...
跳过无法解析的行（来源: all_unique_nodes）: vless://e8113a32-b7f8-4bbb-9655-38fcbd57dd46@104.1...
跳过无法解析的行（来源: all_unique_nodes）: vless://e8113a32-b7f8-4bbb-9655-38fcbd57dd46@104.1...
跳过无法解析的行（来源: all_unique_nodes）: vless://e8113a32-b7f8-4bbb-9655-38fcbd57dd46@104.1...
跳过无法解析的行（来源: all_unique_nodes）: vless://e8113a32-b7f8-4bbb-9655-38fcbd57dd46@104.1...
跳过无法解析的行（来源: all_unique_nodes）: vless://e8113a32-b7f8-4bbb-9655-38fcbd57dd46@104.1...
跳过无法解析的行（来源: all_unique_nodes）: vless://e8113a32-b7f8-4bbb-9655-38fcbd57dd46@104.1...
跳过无法解析的行（来源: all_unique_nodes）: vless://e8113a32-b7f8-4bbb-9655-38fcbd57dd46@104.1...
跳过无法解析的行（来源: all_unique_nodes）: vless://e8113a32-b7f8-4bbb-9655-38fcbd57dd46@104.1...
跳过无法解析的行（来源: all_unique_nodes）: vless://e8113a32-b7f8-4bbb-9655-38fcbd57dd46@104.1...
跳过无法解析的行（来源: all_unique_nodes）: vless://e8113a32-b7f8-4bbb-9655-38fcbd57dd46@104.1...
跳过无法解析的行（来源: all_unique_nodes）: vless://e8113a32-b7f8-4bbb-9655-38fcbd57dd46@104.1...
跳过无法解析的行（来源: all_unique_nodes）: vless://e8113a32-b7f8-4bbb-9655-38fcbd57dd46@104.1...
跳过无法解析的行（来源: all_unique_nodes）: vless://e8113a32-b7f8-4bbb-9655-38fcbd57dd46@104.1...
跳过无法解析的行（来源: all_unique_nodes）: vless://e8113a32-b7f8-4bbb-9655-38fcbd57dd46@104.1...
跳过无法解析的行（来源: all_unique_nodes）: vless://e8113a32-b7f8-4bbb-9655-38fcbd57dd46@104.1...
跳过无法解析的行（来源: all_unique_nodes）: vless://e8113a32-b7f8-4bbb-9655-38fcbd57dd46@104.1...
跳过无法解析的行（来源: all_unique_nodes）: vless://e8113a32-b7f8-4bbb-9655-38fcbd57dd46@104.1...
跳过无法解析的行（来源: all_unique_nodes）: vless://e8113a32-b7f8-4bbb-9655-38fcbd57dd46@104.1...
跳过无法解析的行（来源: all_unique_nodes）: vless://e8113a32-b7f8-4bbb-9655-38fcbd57dd46@104.1...
跳过无法解析的行（来源: all_unique_nodes）: vless://e8113a32-b7f8-4bbb-9655-38fcbd57dd46@104.1...
跳过无法解析的行（来源: all_unique_nodes）: vless://e8113a32-b7f8-4bbb-9655-38fcbd57dd46@104.1...
跳过无法解析的行（来源: all_unique_nodes）: vless://eace7e1b-2290-468c-9443-2ac7b69df14a@jio.s...
跳过无法解析的行（来源: all_unique_nodes）: vless://eace7e1b-2290-468c-9443-2ac7b69df14a@jio.s...
跳过无法解析的行（来源: all_unique_nodes）: vless://eace7e1b-2290-468c-9443-2ac7b69df14a@jio.s...
跳过无法解析的行（来源: all_unique_nodes）: vless://eace7e1b-2290-468c-9443-2ac7b69df14a@jio.s...
跳过无法解析的行（来源: all_unique_nodes）: vless://f099e67d-ba0a-4f3d-9b6e-f2a4d7f7c410@jio.s...
跳过无法解析的行（来源: all_unique_nodes）: vless://f099e67d-ba0a-4f3d-9b6e-f2a4d7f7c410@jio.s...
跳过无法解析的行（来源: all_unique_nodes）: vless://f099e67d-ba0a-4f3d-9b6e-f2a4d7f7c410@jio.s...
跳过无法解析的行（来源: all_unique_nodes）: vless://f099e67d-ba0a-4f3d-9b6e-f2a4d7f7c410@jio.s...
跳过无法解析的行（来源: all_unique_nodes）: vless://f741aac5-50db-4f15-9f59-f1eb2f1420a1@jio.s...
跳过无法解析的行（来源: all_unique_nodes）: vless://f741aac5-50db-4f15-9f59-f1eb2f1420a1@jio.s...
跳过无法解析的行（来源: all_unique_nodes）: vless://f741aac5-50db-4f15-9f59-f1eb2f1420a1@jio.s...
跳过无法解析的行（来源: all_unique_nodes）: vless://f741aac5-50db-4f15-9f59-f1eb2f1420a1@jio.s...
跳过无法解析的行（来源: all_unique_nodes）: vless://f90571a0-0ada-44e4-8297-88509c3e4807@jio.s...
跳过无法解析的行（来源: all_unique_nodes）: vless://f90571a0-0ada-44e4-8297-88509c3e4807@jio.s...
跳过无法解析的行（来源: all_unique_nodes）: vless://f90571a0-0ada-44e4-8297-88509c3e4807@jio.s...
跳过无法解析的行（来源: all_unique_nodes）: vless://f90571a0-0ada-44e4-8297-88509c3e4807@jio.s...
跳过无法解析的行（来源: all_unique_nodes）: vmess://eyJhZGQiOiI2NC4yMjcuNDUuOTIiLCJhaWQiOiIwIi...
跳过 VMess 节点（来源: all_unique_nodes）: vmess://eyJhZGQiOiI2NC4yMjcuNDUuOTIiLCJhaWQiOiIwIi... (无效或缺失 ws-opts.headers[Host]: )
跳过无法解析的行（来源: all_unique_nodes）: vmess://eyJhZGQiOiI2NC4yMjcuNDUuOTIiLCJhaWQiOiIwIi...
跳过无法解析的行（来源: all_unique_nodes）: vmess://eyJhZGQiOiI2NC4yMjcuNDUuOTIiLCJhaWQiOiIwIi...
跳过无法解析的行（来源: all_unique_nodes）: vmess://eyJhZGQiOiI2NC4yMjcuNDUuOTIiLCJhaWQiOiIwIi...
跳过无法解析的行（来源: all_unique_nodes）: vmess://eyJhZGQiOiIxNjEuMjQ4LjMwLjMiLCJhaWQiOiIwIi...
跳过 VMess 节点（来源: all_unique_nodes）: vmess://eyJhZGQiOiIxNjEuMjQ4LjMwLjMiLCJhaWQiOiIwIi... (无效或缺失 ws-opts.headers[Host]: )
跳过无法解析的行（来源: all_unique_nodes）: vmess://eyJhZGQiOiIxNjEuMjQ4LjMwLjMiLCJhaWQiOiIwIi...
跳过无法解析的行（来源: all_unique_nodes）: vmess://eyJhZGQiOiIxNjEuMjQ4LjMwLjMiLCJhaWQiOiIwIi...
跳过无法解析的行（来源: all_unique_nodes）: vmess://eyJhZGQiOiIxNjEuMjQ4LjMwLjMiLCJhaWQiOiIwIi...
跳过无法解析的行（来源: all_unique_nodes）: vmess://eyJhZGQiOiIxODMuMTA5LjEzMS43NSIsImFpZCI6Ij...
跳过 VMess 节点（来源: all_unique_nodes）: vmess://eyJhZGQiOiIxODMuMTA5LjEzMS43NSIsImFpZCI6Ij... (无效或缺失 ws-opts.headers[Host]: )
跳过无法解析的行（来源: all_unique_nodes）: vmess://eyJhZGQiOiIxODMuMTA5LjEzMS43NSIsImFpZCI6Ij...
跳过无法解析的行（来源: all_unique_nodes）: vmess://eyJhZGQiOiIxODMuMTA5LjEzMS43NSIsImFpZCI6Ij...
跳过无法解析的行（来源: all_unique_nodes）: vmess://eyJhZGQiOiIxODMuMTA5LjEzMS43NSIsImFpZCI6Ij...
跳过无法解析的行（来源: all_unique_nodes）: vmess://eyJhZGQiOiJ3d3cuc3BlZWR0ZXN0Lm5ldCIsImFpZC...
跳过无法解析的行（来源: all_unique_nodes）: vmess://eyJhZGQiOiJwYW5lbDMuaXB5YXIub3JnIiwiYWlkIj...
跳过无法解析的行（来源: all_unique_nodes）: vmess://eyJhZGQiOiJzMy5pcHlhci5vcmciLCJhaWQiOiIwIi...
成功创建 main.yaml，包含 85 个有效代理
