https://raw.githubusercontent.com/qjlxg/HA/refs/heads/main/all_unique_nodes.txt
https://raw.githubusercontent.com/qjlxg/HA/refs/heads/main/merged_configs.txt
https://raw.githubusercontent.com/qjlxg/VT/refs/heads/main/config/url_states.txt
https://raw.githubusercontent.com/PuddinCat/BestClash/refs/heads/main/proxies.yaml
https://raw.githubusercontent.com/qjlxg/VT/refs/heads/main/link.yaml  
https://raw.githubusercontent.com/qjlxg/HA/refs/heads/main/config.yaml
https://raw.githubusercontent.com/qjlxg/HA/refs/heads/main/link.yaml
https://raw.githubusercontent.com/qjlxg/aggregator/refs/heads/main/data/520.yaml
https://vless.durl.nyc.mn/zrf
https://trojans.trevely.us.kg/Trevely
https://raw.githubusercontent.com/free18/v2ray/refs/heads/main/c.yaml
https://chromego-sub.netlify.app/sub/merged_proxies_new.yaml
https://gist-collect.fqzs.workers.dev/clach.yml
https://mxlsub.me/newfull
https://cfvmess.cacoman.us.kg/auto
https://raw.githubusercontent.com/vxiaov/free_proxies/main/clash/clash.provider.yaml
https://raw.githubusercontent.com/Ruk1ng001/freeSub/main/clash.yaml
https://raw.githubusercontent.com/peasoft/NoMoreWalls/master/list.meta.yml
https://raw.githubusercontent.com/chengaopan/AutoMergePublicNodes/master/list.yml
https://alvless.comorg.us.kg/TCorg
https://altrojan.filegear-sg.me/TCorg
https://vless.fxxk.dedyn.io/auto
https://VMess.fxxk.dedyn.io/auto
https://raw.githubusercontent.com/ripaojiedian/freenode/main/clash
https://sub.tgzdyz2.xyz/sub
https://raw.githubusercontent.com/qjlxg/aggregator/main/data/clash.yaml
https://clash.llleman.com/clach.yml
https://raw.githubusercontent.com/snakem982/proxypool/main/source/clash-meta.yaml
https://warp.neobirdfly.eu.org
https://ys.jiedianxielou.workers.dev
https://gist.githubusercontent.com/byrisk/172280d15a99a420c2ec0d190be8e40a/raw/all.yaml
https://gist.githubusercontent.com/byrisk/904fcf74c6299b728fb2b83d621832dd/raw/MQconfig.yaml
https://raw.githubusercontent.com/ermaozi/get_subscribe/main/subscribe/clash.yml
https://raw.githubusercontent.com/go4sharing/sub/main/sub.yaml
https://raw.githubusercontent.com/anaer/Sub/main/clash.yaml
https://raw.githubusercontent.com/Flikify/getNode/main/clash.yaml
https://raw.githubusercontent.com/mfuu/v2ray/master/clash.yaml
https://raw.githubusercontent.com/soroushmirzaei/telegram-configs-collector/main/security/tls
https://www.xrayvip.com/free.yaml
https://raw.githubusercontent.com/Pawdroid/Free-servers/main/sub
https://raw.githubusercontent.com/aiboboxx/v2rayfree/main/v2
https://raw.githubusercontent.com/aiboboxx/clashfree/main/clash.yml
https://raw.githubusercontent.com/mfbpn/tg_mfbpn_sub/main/trial.yaml
https://igdux.top/~Clash/WangCai
https://update.glados-config.com/mihomo/543454/7b9d17e/80064/glados.yaml
clash.spdt.work
205.198.71.21:8088
46.62.174.233
subs.zhabka.su
104.225.155.135
dy.kkr.qzz.io
proxy-phone.zheyu.one
yaml.51tracking.com
clash.554556.xyz
clash.chatwin.site
317.marscode.top
proxy.zheyu.one
ovo.subikun.nyc.mn
mjj.oldzhg.com
38.54.50.246:10002
38.54.1.126:10003
139.9.83.218:7777
dy.5468936.xyz
clash.jccm.top
62.234.102.201:102
www.yjktfj.com:102
www.yjkqm.com:102
www.yjfmj.com:102
dingyue.davesuen.store
yun.9982597.xyz
config-yaml.vowers.cn
warpip.irss.eu.org
warpym.irss.eu.org
jdxz.20051212.xyz
fq.lqiang.link
65.75.222.10:8088
yaml.spdf.qzz.io
yaml.aqua.xx.kg
proxy-mini.zheyu.one
x.12435768.xyz
sub.12435768.xyz
x.40609891.xyz
sub.40609891.xyz
4th.pp.ua
scotime.ggff.net
38.47.104.61:8080
clash.zyttbywy.xyz
42.194.239.79
stash.0000002.best
clash-nick-a9a1.nickdomain.eu.org
47.254.120.126:8123
107.174.90.140:8080
clash.phpman.top
tsg-dhy.pages.dev
vpn.020906.xyz
82.157.140.187:3000
dev1.irdevs.sbs
157.230.46.104:81
www.gaofumei.net
51.178.80.31:9480
sub.pro-brain.com
cf.vless.sandesh.fr
yaya.web.id
quiz.int.vidio.com.yaya.web.id
edu.ruangguru.com.yaya.web.id
ava.game.naver.com.yaya.web.id
240804.cfsub.cloudns.be
65.21.210.87:8000
aling.aple.cloudns.be
archlinux-desktop.sergionator.duckdns.org
23.27.28.64:8080
chromego-sub.netlify.app/sub/merged_proxies_new.yaml
59.33.33.157:18080/clash.yaml
myclash.dailyoff.no/clash
64.110.64.145/sf.yaml
64.110.64.145/clash.yaml
64.110.64.145/openclash.yaml
139.155.143.172:8080/clash.yaml
14.103.171.30:9999/config.yaml
64.110.64.145/new.yaml
139.155.143.172:8080/clash3.yaml
64.110.64.145/n1.yaml
cdn.jsdelivr.net/gh/Hackl0us/SS-Rule-Snippet@master/LAZY_RULES/clash.yaml
download.helloshuai.com/snz-clash.yaml
yaml.spdf.qzz.io/clash_proxies.yml
yaml.spdf.qzz.io/config.yml
yaml.spdf.qzz.io/config.yaml
yaml.spdf.qzz.io/all.yaml
yaml.spdf.qzz.io/all.yml
yaml.spdf.qzz.io/mihomo.yml
yaml.spdf.qzz.io/clash.yml
yaml.spdf.qzz.io/openclash.yaml
yaml.spdf.qzz.io/clash-socket.yaml
yaml.spdf.qzz.io/mihomo.yaml
yaml.spdf.qzz.io/openclash.yml
yaml.spdf.qzz.io/clash.yaml
yaml.spdf.qzz.io/clash_proxies.yaml
yaml.spdf.qzz.io/nodes.yaml
yaml.spdf.qzz.io/proxies.yaml
yaml.spdf.qzz.io/clash-socket.yml
yaml.spdf.qzz.io/v2ray.yaml
yaml.spdf.qzz.io/nodes.yml
yaml.spdf.qzz.io/v2ray.yml
yaml.spdf.qzz.io/new.yml
yaml.spdf.qzz.io/new.yaml
yaml.spdf.qzz.io/subscribe.yaml
yaml.spdf.qzz.io/sf.yaml
yaml.spdf.qzz.io/subscription.yaml
yaml.spdf.qzz.io/_clash.yaml
yaml.spdf.qzz.io/sub.yaml
yaml.spdf.qzz.io/_clash.yml
yaml.spdf.qzz.io/proxies.yml
yaml.spdf.qzz.io/sub.yml
yaml.spdf.qzz.io/subscription.yml
yaml.spdf.qzz.io/sf.yml
yaml.spdf.qzz.io/subscribe.yml
yaml.spdf.qzz.io/s1.yaml
yaml.spdf.qzz.io/n2.yaml
yaml.spdf.qzz.io/n.yaml
yaml.spdf.qzz.io/v1.yaml
yaml.spdf.qzz.io/sub_clash.yaml
yaml.spdf.qzz.io/sub_clash.yml
yaml.aqua.xx.kg/config.yaml
yaml.spdf.qzz.io/n1.yaml
yaml.aqua.xx.kg/mihomo.yml
yaml.aqua.xx.kg/config.yml
yaml.aqua.xx.kg/mihomo.yaml
yaml.spdf.qzz.io/s.yaml
yaml.aqua.xx.kg/all.yml
yaml.aqua.xx.kg/clash_proxies.yaml
yaml.aqua.xx.kg/openclash.yaml
yaml.aqua.xx.kg/clash.yml
yaml.aqua.xx.kg/clash_proxies.yml
yaml.aqua.xx.kg/v2ray.yaml
yaml.aqua.xx.kg/proxies.yaml
yaml.aqua.xx.kg/clash-socket.yml
yaml.aqua.xx.kg/all.yaml
yaml.aqua.xx.kg/clash.yaml
yaml.aqua.xx.kg/openclash.yml
yaml.aqua.xx.kg/clash-socket.yaml
yaml.aqua.xx.kg/proxies.yml
yaml.aqua.xx.kg/v2ray.yml
yaml.aqua.xx.kg/sf.yml
yaml.aqua.xx.kg/sub.yaml
yaml.aqua.xx.kg/nodes.yml
yaml.aqua.xx.kg/nodes.yaml
yaml.aqua.xx.kg/new.yaml
yaml.aqua.xx.kg/sf.yaml
yaml.aqua.xx.kg/new.yml
yaml.aqua.xx.kg/subscription.yml
yaml.aqua.xx.kg/_clash.yaml
yaml.aqua.xx.kg/sub.yml
yaml.aqua.xx.kg/subscribe.yaml
yaml.aqua.xx.kg/subscribe.yml
yaml.aqua.xx.kg/sub_clash.yml
yaml.aqua.xx.kg/subscription.yaml
yaml.aqua.xx.kg/n1.yaml
yaml.aqua.xx.kg/v1.yaml
yaml.aqua.xx.kg/_clash.yml
yaml.aqua.xx.kg/sub_clash.yaml
yaml.aqua.xx.kg/n2.yaml
yaml.aqua.xx.kg/s.yaml
yaml.aqua.xx.kg/n.yaml
yaml.aqua.xx.kg/s1.yaml
116.205.244.106:3000/clash/config
157.230.46.104:81/Kiesiot-VLESS-WS.yaml
clash.zyttbywy.xyz/config.yaml
123.114.101.98:88/hkipv6.yaml
5.102.124.78:8080/config.yaml
5.102.124.76:8080/config.yaml
vps.my-youth.asia/clash.yaml
vps.my-youth.asia/clash-socket.yaml
84.33.244.7:8080/trojan.yaml
84.33.244.7:8080/config.yaml
204.44.110.129:8085/clash.yaml
113.15.126.63:5005/config.yaml
64.110.64.145
zaintest.vuclip.com.yaya.web.id
download.helloshuai.com
84.33.244.7:8080
154.17.21.139:8080
113.15.126.63:5005
104.168.244.47:12580/clash/proxies
123.57.192.169:7777/clash/proxies
146.56.97.77:12580/clash/proxies
150.230.251.224:12580/clash/proxies
brovee.myds.me:12580/clash/proxies
carterzheng.synology.me:8008/clash/proxies
haohaoxiong.myqnapcloud.com:12580/clash/proxies
http://104.168.244.47:12580/clash/proxies
http://150.230.195.209:12580/clash/proxies
http://155.248.172.106:12580/clash/proxies
http://174.137.58.32:12580/clash/proxies
http://175.178.182.178:12580/clash/proxies
http://47.94.205.252:8080/V2Cloud/getVmess
http://66.42.50.118:12580/clash/proxies
http://beetle.lander.work/clash/proxies
http://weoknow.com/data/dayupdate/1/z1.txt
https://0xerfan.github.io/v2ray/
https://1st.sub-airport.com/api/v1/client/subscribe?token=5ef4ec7751819025fcba66de831dd380
https://9527521.xyz/config/lxB7k130djsSomFT
https://9527521.xyz/pubconfig/YCw0l6R3PoDbGFq5
https://ablnk.absslk.xyz/OcSPtpH
https://anaer.github.io/Sub/clash.yaml
https://api.xqc.best/api/v1/client/subscribe?token=d2b3434d2072026c1f7553f5616f34c7
https://b3b0549e-160e-495a-a528-cccf5148bc48.372372.xyz/api/v1/client/subscribe?token=9635d08e4dae217abd53733ab127183d
https://clash.221207.xyz/pubclashyaml
https://clashe.eu.org/clash/proxies
https://clashgithub.com
https://clashnode.com/wp-content/uploads/2023/03/20230310.txt
https://clashnode.com/wp-content/uploads/2023/12/20231221.txt
https://cxsub.club/link/V3Th0AyWhutlptyH?clash=1
https://dd.csjc.win/api/v1/client/subscribe?token=5791161d7d526f6155f4b3cc5a15a162
https://dy.smjc.top/api/v1/client/subscribe?token=c5b3cf0d6668c4a4f74c5a859ab41daa
https://fanqiang.network/free-v2ray
https://fetchjiedian.feisu360.xyz/clash/proxies
https://fforever.github.io/v2rayfree
https://free.dsdog.tk/clash/proxies
https://free.iam7.tk/clash/proxies
https://free.jingfu.cf/clash/proxies
https://freemc.mcsslk.xyz/lVyzvUQ
https://gfwglass.tk
https://github.com/Alvin9999/new-pac/wiki/ss%E5%85%8D%E8%B4%B9%E8%B4%A6%E5%8F%B7
https://github.com/Alvin9999/new-pac/wiki/v2ray%E5%85%8D%E8%B4%B9%E8%B4%A6%E5%8F%B7
https://github.com/barry-far/V2ray-Configs/raw/main/Splitted-By-Protocol/ss.txt
https://github.com/barry-far/V2ray-Configs/raw/main/Splitted-By-Protocol/ssr.txt
https://github.com/barry-far/V2ray-Configs/raw/main/Splitted-By-Protocol/trojan.txt
https://github.com/barry-far/V2ray-Configs/raw/main/Splitted-By-Protocol/tuic.txt
https://github.com/barry-far/V2ray-Configs/raw/main/Splitted-By-Protocol/vless.txt
https://github.com/barry-far/V2ray-Configs/raw/main/Splitted-By-Protocol/vmess.txt
https://github.com/Kwinshadow/TelegramV2rayCollector/raw/main/sublinks/b64mix.txt
https://github.com/Kwinshadow/TelegramV2rayCollector/raw/main/sublinks/b64ss.txt
https://github.com/Kwinshadow/TelegramV2rayCollector/raw/main/sublinks/b64trojan.txt
https://github.com/Kwinshadow/TelegramV2rayCollector/raw/main/sublinks/b64vless.txt
https://github.com/Kwinshadow/TelegramV2rayCollector/raw/main/sublinks/b64vmess.txt
https://github.com/LonUp/NodeList/raw/main/Clash/Node/Latest.yaml
https://github.com/LonUp/NodeList/raw/main/V2RAY/Latest_base64.txt
https://github.com/mahdibland/V2RayAggregator/raw/master/sub/sub_merge_yaml.yml
https://github.com/mermeroo/telegram-configs-collector/raw/main/protocols/hysteria
https://github.com/mermeroo/telegram-configs-collector/raw/main/protocols/juicity
https://github.com/mermeroo/telegram-configs-collector/raw/main/protocols/tuic
https://github.com/mermeroo/V2RAY-FREE/raw/main/All_Configs_base64_Sub.txt
https://github.com/mermeroo/V2RAY-FREE/raw/main/Base64/Sub1_base64.txt
https://github.com/mermeroo/V2RAY-FREE/raw/main/Base64/Sub2_base64.txt
https://github.com/mermeroo/V2RAY-FREE/raw/main/Base64/Sub3_base64.txt
https://github.com/mermeroo/V2RAY-FREE/raw/main/Base64/Sub4_base64.txt
https://github.com/mermeroo/V2RAY-FREE/raw/main/Base64/Sub5_base64.txt
https://github.com/MrMohebi/xray-proxy-grabber-telegram/raw/master/collected-proxies/clash-meta/all.yaml
https://github.com/MrMohebi/xray-proxy-grabber-telegram/raw/master/collected-proxies/row-url/all.txt
https://github.com/NiREvil/vless/blob/main/sub/clash-meta.yml
https://github.com/theGreatPeter/v2rayNodes/raw/main/nodes.txt
https://github.com/vxiaov/free_proxy_ss/raw/main/clash/clash.provider.yaml
https://github.com/wrfree/free/raw/main/ssr
https://gitlab.com/univstar1/v2ray/-/raw/main/data/clash/general.yaml
https://hyt-allen-xu.netlify.app
https://ircfspace.github.io/tconfig/
https://itlao6.com/10962.html
https://ivuxy.tech/v.txt
https://iwxf.netlify.app
https://jiang.netlify.app
https://laxcity.pages.dev/clash/proxies
https://lncn.org
https://muma16fx.netlify.app
https://my.ishadowx.biz
https://platform.djjc.cfd/api/v1/client/subscribe?token=8f2ada45a6cfe2f7e41b2a9fd6203e2c
https://pool.sagithome.com/clash/proxies
https://proxy.crazygeeky.com/clash/proxies
https://proxy.fldhhhhhh.top/clash/proxies
https://proxy.yiun.xyz/clash/proxies
https://proxy.yugogo.xyz/clash/proxie
https://proxypool.link
https://proxypool.link/clash/proxies
https://proxypool1999.banyunxiaoxi.icu/clash/proxies
https://pxypool.131433.xyz/clash/proxies
https://qiaomenzhuanfx.netlify.app
https://raw.fastgit.org/freefq/free/master/v2
https://raw.githubusercontent.com/10ium/free-config/refs/heads/main/dnsforgame/shecan.yml
https://raw.githubusercontent.com/10ium/free-config/refs/heads/main/free-mihomo-sub/MahsaNetConfigTopic.yaml
https://raw.githubusercontent.com/10ium/MihomoSaz/main/Sublist/66.42.50.118.yaml
https://raw.githubusercontent.com/10ium/MihomoSaz/main/Sublist/Barabama/clashmeta.yaml
https://raw.githubusercontent.com/10ium/MihomoSaz/main/Sublist/ebrasha/lite.yaml
https://raw.githubusercontent.com/10ium/MihomoSaz/main/Sublist/FreedomGuard/Finder_configs.yaml
https://raw.githubusercontent.com/245237866/v2rayn/main/everydaynode
https://raw.githubusercontent.com/52bp/52bp.github.io/master/freesite.html
https://raw.githubusercontent.com/69z1zfw2fly/fly/main/2.yaml
https://raw.githubusercontent.com/9Fork/openit/main/Clash.yaml
https://raw.githubusercontent.com/a2470982985/getNode/main/v2ray.txt
https://raw.githubusercontent.com/abshare/abshare.github.io/main/README.md
https://raw.githubusercontent.com/adiwzx/freenode/main/adispeed.txt
https://raw.githubusercontent.com/adminaliang/v2ray/main/v2ray
https://raw.githubusercontent.com/adminaliang/v2ray/refs/heads/main/v2ray
https://raw.githubusercontent.com/ALIILAPRO/v2rayNG-Config/main/server.txt
https://raw.githubusercontent.com/ALIILAPRO/v2rayNG-Config/main/sub.txt
https://raw.githubusercontent.com/Alvin9999/pac2/master/clash/1/config.yaml
https://raw.githubusercontent.com/amirmohammad-mohammad-88/Sub-Reality-Azadi-config/Config/Azadi-Reality-Different
https://raw.githubusercontent.com/amirmohammad-mohammad-88/Sub-Reality-Azadi-config/Config/Azadi-Reality-Different-Base64
https://raw.githubusercontent.com/amirparsaxs/V2rayy/refs/heads/main/Sub.text555
https://raw.githubusercontent.com/anorika77/v2ray-subscribe/main/README.md
https://raw.githubusercontent.com/Ashkan-m/v2ray/refs/heads/main/Sub.txt
https://raw.githubusercontent.com/Ashkan-m/v2ray/refs/heads/main/VIP.txt
https://raw.githubusercontent.com/awesome-vpn/awesome-vpn/master/all
https://raw.githubusercontent.com/awesome-vpn/awesome-vpn/master/ss
https://raw.githubusercontent.com/awesome-vpn/awesome-vpn/master/ssr
https://raw.githubusercontent.com/AzadNetCH/Clash/main/AzadNet.yml
https://raw.githubusercontent.com/AzadNetCH/Clash/refs/heads/main/AzadNet_iOS.txt
https://raw.githubusercontent.com/baip01/clash/main/clash
https://raw.githubusercontent.com/baipiao0/baipiao02/main/v2ray
https://raw.githubusercontent.com/Barabama/FreeNodes/refs/heads/main/nodes/clashmeta.txt
https://raw.githubusercontent.com/Barabama/FreeNodes/refs/heads/main/nodes/clashmeta.yaml
https://raw.githubusercontent.com/Barabama/FreeNodes/refs/heads/main/nodes/ndnode.txt
https://raw.githubusercontent.com/Barabama/FreeNodes/refs/heads/main/nodes/ndnode.yaml
https://raw.githubusercontent.com/Barabama/FreeNodes/refs/heads/main/nodes/nodefree.txt
https://raw.githubusercontent.com/Barabama/FreeNodes/refs/heads/main/nodes/nodefree.yaml
https://raw.githubusercontent.com/Barabama/FreeNodes/refs/heads/main/nodes/nodev2ray.txt
https://raw.githubusercontent.com/Barabama/FreeNodes/refs/heads/main/nodes/nodev2ray.yaml
https://raw.githubusercontent.com/Barabama/FreeNodes/refs/heads/main/nodes/v2rayshare.txt
https://raw.githubusercontent.com/Barabama/FreeNodes/refs/heads/main/nodes/v2rayshare.yaml
https://raw.githubusercontent.com/Barabama/FreeNodes/refs/heads/main/nodes/wenode.txt
https://raw.githubusercontent.com/Barabama/FreeNodes/refs/heads/main/nodes/wenode.yaml
https://raw.githubusercontent.com/Barabama/FreeNodes/refs/heads/main/nodes/yudou66.txt
https://raw.githubusercontent.com/Barabama/FreeNodes/refs/heads/main/nodes/yudou66.yaml
https://raw.githubusercontent.com/barry-far/V2ray-Configs/main/Splitted-By-Protocol/hysteria2.txt
https://raw.githubusercontent.com/barry-far/V2ray-Configs/main/Splitted-By-Protocol/vless.txt
https://raw.githubusercontent.com/barry-far/V2ray-Configs/refs/heads/main/All_Configs_Sub.txt
https://raw.githubusercontent.com/bingoYB/node_processing/main/dist/all.yaml
https://raw.githubusercontent.com/budamu/clashconfig/main/v2ray.txt
https://raw.githubusercontent.com/budamu/clashconfig/main/v2ray2.txt
https://raw.githubusercontent.com/BUTUbird/ClashPoint/main/application.yaml
https://raw.githubusercontent.com/caijh/FreeProxiesScraper/main/README.md
https://raw.githubusercontent.com/cdp2020/v2ray/master/README.md
https://raw.githubusercontent.com/chfchf0306/clash/main/clash
https://raw.githubusercontent.com/chfchf0306/jeidian4.18/main/4.18
https://raw.githubusercontent.com/chongdong1230/dxz/main/clash
https://raw.githubusercontent.com/codingbox/Free-Node-Merge/main/node.txt
https://raw.githubusercontent.com/Creativveb/v2configs/main/updated
https://raw.githubusercontent.com/cxr9912/cxr2022/main/free.yaml
https://raw.githubusercontent.com/cxr9912/cxr2022/main/mix.yaml
https://raw.githubusercontent.com/cxr9912/cxr2022/main/ss.yaml
https://raw.githubusercontent.com/cxr9912/cxr2022/main/ssr.yaml
https://raw.githubusercontent.com/cxr9912/cxr2022/main/vmess.yaml
https://raw.githubusercontent.com/cxr9912/cxr2022/refs/heads/main/18cj.json
https://raw.githubusercontent.com/cxr9912/cxr2022/refs/heads/main/aaaaaaaa.yaml
https://raw.githubusercontent.com/cxr9912/cxr2022/refs/heads/main/free.yaml
https://raw.githubusercontent.com/cxr9912/cxr2022/refs/heads/main/ss2088.txt
https://raw.githubusercontent.com/dalazhi/v2ray/main/v2ray%E8%AE%A2%E9%98%85
https://raw.githubusercontent.com/dalazhi/v2ray/main/v2ray订阅
https://raw.githubusercontent.com/dream4network/telegram-configs-collector/main/protocols/hysteria
https://raw.githubusercontent.com/dream4network/telegram-configs-collector/main/protocols/reality
https://raw.githubusercontent.com/dream4network/telegram-configs-collector/main/protocols/shadowsocks
https://raw.githubusercontent.com/dream4network/telegram-configs-collector/main/protocols/trojan
https://raw.githubusercontent.com/dream4network/telegram-configs-collector/main/protocols/tuic
https://raw.githubusercontent.com/dream4network/telegram-configs-collector/main/protocols/vless
https://raw.githubusercontent.com/dream4network/telegram-configs-collector/main/protocols/vmess
https://raw.githubusercontent.com/dream4network/telegram-configs-collector/main/splitted/mixed
https://raw.githubusercontent.com/dream4network/telegram-configs-collector/main/subscribe/protocols/juicity
https://raw.githubusercontent.com/du5/free/master/file/0909/Clash.yaml
https://raw.githubusercontent.com/ebrasha/free-v2ray-public-list/refs/heads/main/V2Ray-Config-By-EbraSha.txt
https://raw.githubusercontent.com/ebrasha/free-v2ray-public-list/refs/heads/main/V2Ray-Config-By-EbraSha-All-Type.txt
https://raw.githubusercontent.com/Epodonios/v2ray-configs/main/All_Configs_base64_Sub.txt
https://raw.githubusercontent.com/Epodonios/v2ray-configs/main/Splitted-By-Protocol/mix.txt
https://raw.githubusercontent.com/Epodonios/v2ray-configs/main/Splitted-By-Protocol/ss.txt
https://raw.githubusercontent.com/Epodonios/v2ray-configs/main/Splitted-By-Protocol/ssr.txt
https://raw.githubusercontent.com/Epodonios/v2ray-configs/main/Splitted-By-Protocol/trojan.txt
https://raw.githubusercontent.com/Epodonios/v2ray-configs/main/Splitted-By-Protocol/vless.txt
https://raw.githubusercontent.com/Epodonios/v2ray-configs/main/Splitted-By-Protocol/vmess.txt
https://raw.githubusercontent.com/Epodonios/v2ray-configs/refs/heads/main/Splitted-By-Protocol/ss.txt
https://raw.githubusercontent.com/Epodonios/v2ray-configs/refs/heads/main/Splitted-By-Protocol/ssr.txt
https://raw.githubusercontent.com/Epodonios/v2ray-configs/refs/heads/main/Splitted-By-Protocol/trojan.txt
https://raw.githubusercontent.com/Epodonios/v2ray-configs/refs/heads/main/Splitted-By-Protocol/vless.txt
https://raw.githubusercontent.com/Epodonios/v2ray-configs/refs/heads/main/Splitted-By-Protocol/vmess.txt
https://raw.githubusercontent.com/ermaozi01/free_clash_vpn/main/subscribe/clash.yml
https://raw.githubusercontent.com/ermaozi01/free_clash_vpn/main/subscribe/v2ray.txt
https://raw.githubusercontent.com/eycorsican/rule-sets/master/kitsunebi_sub
https://raw.githubusercontent.com/Flik6/getNode/main/clash.yaml
https://raw.githubusercontent.com/Flik6/getNode/main/v2ray.txt
https://raw.githubusercontent.com/free18/v2ray/main/Clash.yaml
https://raw.githubusercontent.com/freebaipiao/freebaipiao/main/jiassweetoy3.yaml
https://raw.githubusercontent.com/freefq/free/master/README.md
https://raw.githubusercontent.com/freefq/free/master/v2
https://raw.githubusercontent.com/freenodes/freenodes/main/clash.yaml
https://raw.githubusercontent.com/freev2rayconfig/V2RAY_SUBSCRIPTION_LINK/main/v2rayconfigs.txt
https://raw.githubusercontent.com/gfpcom/free-proxy-list/main/list/http.txt
https://raw.githubusercontent.com/gfpcom/free-proxy-list/main/list/https.txt
https://raw.githubusercontent.com/gfpcom/free-proxy-list/main/list/socks4.txt
https://raw.githubusercontent.com/gfpcom/free-proxy-list/main/list/socks4a.txt
https://raw.githubusercontent.com/gfpcom/free-proxy-list/main/list/socks5.txt
https://raw.githubusercontent.com/gfpcom/free-proxy-list/main/list/socks5h.txt
https://raw.githubusercontent.com/gfpcom/free-proxy-list/main/list/ss.txt
https://raw.githubusercontent.com/gfpcom/free-proxy-list/main/list/ssr.txt
https://raw.githubusercontent.com/gfpcom/free-proxy-list/main/list/trojan.txt
https://raw.githubusercontent.com/gfpcom/free-proxy-list/main/list/vless.txt
https://raw.githubusercontent.com/gfpcom/free-proxy-list/main/list/vmess.txt
https://raw.githubusercontent.com/gitbigg/permalink/main/subscribe
https://raw.githubusercontent.com/gooooooooooooogle/Clash-Config/main/Clash.yaml
https://raw.githubusercontent.com/gtang8/SubCrawler/main/sub/share/all
https://raw.githubusercontent.com/HakurouKen/free-node/main/public
https://raw.githubusercontent.com/hkaa0/permalink/e8f97142d083c0f5dac55af7b6531b300f273b4d/proxy/V2ray
https://raw.githubusercontent.com/hkaa0/permalink/main/proxy/clash
https://raw.githubusercontent.com/hkaa0/permalink/main/proxy/V2ray
https://raw.githubusercontent.com/hotsymbol/vpnsetting/master/v2rayopen
https://raw.githubusercontent.com/hsb4657/v2ray/main/lastest.txt
https://raw.githubusercontent.com/Huibq/TrojanLinks/master/links/ss
https://raw.githubusercontent.com/Huibq/TrojanLinks/master/links/ss_with_plugin
https://raw.githubusercontent.com/Huibq/TrojanLinks/master/links/ssr
https://raw.githubusercontent.com/Huibq/TrojanLinks/master/links/temporary
https://raw.githubusercontent.com/Huibq/TrojanLinks/master/links/trojan
https://raw.githubusercontent.com/Huibq/TrojanLinks/master/links/vless
https://raw.githubusercontent.com/Huibq/TrojanLinks/master/links/vmess
https://raw.githubusercontent.com/Huibq/TrojanLinks/master/links/vmess#ignore=vmess
https://raw.githubusercontent.com/iboxz/free-v2ray-collector/main/main
https://raw.githubusercontent.com/iboxz/free-v2ray-collector/main/main/shadowsocks
https://raw.githubusercontent.com/iboxz/free-v2ray-collector/main/main/trojan
https://raw.githubusercontent.com/iboxz/free-v2ray-collector/main/main/vless
https://raw.githubusercontent.com/igeekshare/GeekshareFreeNode/main/clash/Geekshare.yaml
https://raw.githubusercontent.com/imboys/proxyForClash/refs/heads/master/free%20proxy.yml
https://raw.githubusercontent.com/imohammadkhalili/V2RAY/main/Mkhalili
https://raw.githubusercontent.com/IranianCypherpunks/Xray/main/Sub
https://raw.githubusercontent.com/IranianCypherpunks/Xray/refs/heads/main/Sub
https://raw.githubusercontent.com/itxve/fetch-clash-node/main/node/ClashNode.yaml
https://raw.githubusercontent.com/iwxf/free-v2ray/master/index.html
https://raw.githubusercontent.com/Jason05211211/Freerocket/main/freessr
https://raw.githubusercontent.com/Jia-Pingwa/free-v2ray-merge/main/output.txt
https://raw.githubusercontent.com/JieErJingFu/FreeNodesV2RayorTrojan_20210113-/main/EncryptedFreeNodes.txt
https://raw.githubusercontent.com/jikelonglie/meskell/main/meskell
https://raw.githubusercontent.com/jiquanxiang/abc/main/v7
https://raw.githubusercontent.com/Jsnzkpg/Jsnzkpg/Jsnzkpg/Jsnzkpg
https://raw.githubusercontent.com/Junely/clash/main/template3.yaml
https://raw.githubusercontent.com/jw853355718/clash_233/master/config.yml
https://raw.githubusercontent.com/kaoxindalao/v2raycheshi/main/v2raycheshi
https://raw.githubusercontent.com/kevin-wud/v2ray-node/main/clash.yaml
https://raw.githubusercontent.com/lagzian/SS-Collector/main/mix_clash.yaml
https://raw.githubusercontent.com/LayneChai/subscribe/main/README.md
https://raw.githubusercontent.com/lcx12901/v2ray-/master/sspool.herokuapp.com/yzcloud.yaml
https://raw.githubusercontent.com/lcx12901/v2ray-/master/sspool.herokuapp.com/yzcloud2.yaml
https://raw.githubusercontent.com/learnhard-cn/free_proxy_ss/main/clash/clash.provider.yaml
https://raw.githubusercontent.com/learnhard-cn/free_proxy_ss/main/clash/config.yaml
https://raw.githubusercontent.com/learnhard-cn/free_proxy_ss/main/free
https://raw.githubusercontent.com/learnhard-cn/free_proxy_ss/main/ss/sssub
https://raw.githubusercontent.com/learnhard-cn/free_proxy_ss/main/ssr/ssrsub
https://raw.githubusercontent.com/learnhard-cn/free_proxy_ss/main/v2ray/v2raysub
https://raw.githubusercontent.com/Leon406/SubCrawler/main/sub/share/all3
https://raw.githubusercontent.com/Leon406/SubCrawler/main/sub/share/all4
https://raw.githubusercontent.com/Leon406/SubCrawler/main/sub/share/v2
https://raw.githubusercontent.com/Lewis-1217/FreeNodes/main/bpjzx1
https://raw.githubusercontent.com/Lewis-1217/FreeNodes/main/bpjzx2
https://raw.githubusercontent.com/lflflf999/0516/main/BX-JD
https://raw.githubusercontent.com/lisylva-lee/v2dyku/main/ssr
https://raw.githubusercontent.com/lisylva-lee/v2dyku/main/v2dy
https://raw.githubusercontent.com/luxl-1379/merge/77247d23def72b25226dfa741614e9b07a569c72/sub/sub_merge_base64.txt
https://raw.githubusercontent.com/Mahanfix/v2rayvpn/main/mahanfix
https://raw.githubusercontent.com/Mahdi0024/ProxyCollector/refs/heads/master/sub/proxies.txt
https://raw.githubusercontent.com/mahdibland/ShadowsocksAggregator/master/sub/sub_merge.txt
https://raw.githubusercontent.com/mahdibland/V2RayAggregator/master/sub/sub_merge.txt
https://raw.githubusercontent.com/MatinGhanbari/v2ray-configs/main/subscriptions/filtered/subs/hy2.txt
https://raw.githubusercontent.com/MatinGhanbari/v2ray-configs/main/subscriptions/filtered/subs/ss.txt
https://raw.githubusercontent.com/MatinGhanbari/v2ray-configs/main/subscriptions/filtered/subs/ssr.txt
https://raw.githubusercontent.com/MatinGhanbari/v2ray-configs/main/subscriptions/filtered/subs/trojan.txt
https://raw.githubusercontent.com/MatinGhanbari/v2ray-configs/main/subscriptions/filtered/subs/tuic.txt
https://raw.githubusercontent.com/MatinGhanbari/v2ray-configs/main/subscriptions/filtered/subs/vless.txt
https://raw.githubusercontent.com/MatinGhanbari/v2ray-configs/main/subscriptions/filtered/subs/vmess.txt
https://raw.githubusercontent.com/mermeroo/Clash-V2ray/main/v2ray
https://raw.githubusercontent.com/mermeroo/free-v2ray-collector/main/main/mix
https://raw.githubusercontent.com/mermeroo/free-v2ray-collector/main/main/reality
https://raw.githubusercontent.com/mermeroo/free-v2ray-collector/main/main/shadowsocks
https://raw.githubusercontent.com/mermeroo/free-v2ray-collector/main/main/trojan
https://raw.githubusercontent.com/mermeroo/free-v2ray-collector/main/main/vless
https://raw.githubusercontent.com/mermeroo/free-v2ray-collector/main/main/vmess
https://raw.githubusercontent.com/mermeroo/Loon/main/node
https://raw.githubusercontent.com/mermeroo/Loon/main/node%202
https://raw.githubusercontent.com/mermeroo/Loon/refs/heads/main/all.nodes.txt
https://raw.githubusercontent.com/mermeroo/QuantumultX/refs/heads/main/Trojan.nodes
https://raw.githubusercontent.com/mermeroo/QX/refs/heads/main/Nodes
https://raw.githubusercontent.com/mfuu/v2ray/master/merge/merge.txt
https://raw.githubusercontent.com/mfuu/v2ray/master/v2ray
https://raw.githubusercontent.com/mfuu/v2ray/refs/heads/master/v2ray
https://raw.githubusercontent.com/MhdiTaheri/V2rayCollector/main/sub/hysteriabase64
https://raw.githubusercontent.com/MhdiTaheri/V2rayCollector/main/sub/mix
https://raw.githubusercontent.com/MhdiTaheri/V2rayCollector/main/sub/ss
https://raw.githubusercontent.com/MhdiTaheri/V2rayCollector/main/sub/ssbase64
https://raw.githubusercontent.com/MhdiTaheri/V2rayCollector/main/sub/trojanbase64
https://raw.githubusercontent.com/MhdiTaheri/V2rayCollector/main/sub/tuicbase64
https://raw.githubusercontent.com/MhdiTaheri/V2rayCollector/main/sub/vless
https://raw.githubusercontent.com/MhdiTaheri/V2rayCollector/main/sub/vmess
https://raw.githubusercontent.com/mheidari98/.proxy/main/all
https://raw.githubusercontent.com/mheidari98/.proxy/refs/heads/main/all
https://raw.githubusercontent.com/mheidari98/.proxy/refs/heads/main/ss
https://raw.githubusercontent.com/mheidari98/.proxy/refs/heads/main/trojan
https://raw.githubusercontent.com/mheidari98/.proxy/refs/heads/main/vless
https://raw.githubusercontent.com/mheidari98/.proxy/refs/heads/main/vmess
https://raw.githubusercontent.com/Misaka-blog/chromego_merge/main/sub/merged_proxies_new.yaml
https://raw.githubusercontent.com/misersun/config003/main/config_all.yaml
https://raw.githubusercontent.com/misersun/config003/main/config_all_quest.yaml
https://raw.githubusercontent.com/mlabalabala/v2ray-node/main/nodefree4clash.txt
https://raw.githubusercontent.com/Mohammadgb0078/IRV2ray/main/vless.txt
https://raw.githubusercontent.com/Mohammadgb0078/IRV2ray/main/vmess.txt
https://raw.githubusercontent.com/MOnday9907/v2ray/main/v2ray.txt
https://raw.githubusercontent.com/moneyfly1/sublist/main/clash.yml
https://raw.githubusercontent.com/Mr8AHAL/v2ray/main/SERVER.txt
https://raw.githubusercontent.com/MrMohebi/xray-proxy-grabber-telegram/master/collected-proxies/clash-meta/all.yaml
https://raw.githubusercontent.com/MrMohebi/xray-proxy-grabber-telegram/master/collected-proxies/row-url/actives.txt
https://raw.githubusercontent.com/MrMohebi/xray-proxy-grabber-telegram/master/collected-proxies/row-url/all.txt
https://raw.githubusercontent.com/MrPooyaX/SansorchiFucker/main/data.txt
https://raw.githubusercontent.com/MrPooyaX/SansorchiFucker/refs/heads/main/data.txt
https://raw.githubusercontent.com/MrPooyaX/VpnsFucking/main/Shenzo.txt
https://raw.githubusercontent.com/MrPooyaX/VpnsFucking/refs/heads/main/BeVpn.txt
https://raw.githubusercontent.com/MrPooyaX/VpnsFucking/refs/heads/main/Shenzo.txt
https://raw.githubusercontent.com/nasheep/FreeNode/main/clash/PlayLab
https://raw.githubusercontent.com/NiceVPN123/NiceVPN/main/Clash.yaml
https://raw.githubusercontent.com/obscure1990/freeVM/master/snippets/nodes.yml
https://raw.githubusercontent.com/openRunner/clash-freenode/main/v2ray.txt
https://raw.githubusercontent.com/oslook/clash-freenode/main/clash.yaml
https://raw.githubusercontent.com/parkerpa/zypjj/main/clash
https://raw.githubusercontent.com/parsashonam/v2ray/main/all
https://raw.githubusercontent.com/peasoft/NoMoreWalls/master/list.yml
https://raw.githubusercontent.com/peasoft/NoMoreWalls/refs/heads/master/list.txt
https://raw.githubusercontent.com/personqianduixue/SubCrawler/main/sub/share/all
https://raw.githubusercontent.com/pojiezhiyuanjun/2023/master/0804clash.yml
https://raw.githubusercontent.com/pojiezhiyuanjun/freev2/master/20200808.txt
https://raw.githubusercontent.com/QQnight/SubCrawler/main/sub/share/all
https://raw.githubusercontent.com/RaymondHarris971/ssrsub/master/9a075bdee5.txt
https://raw.githubusercontent.com/renyige1314/CLASH/main/CLASH
https://raw.githubusercontent.com/resasanian/Mirza/main/mirza-all.txt
https://raw.githubusercontent.com/resasanian/Mirza/main/mirza-ss.txt
https://raw.githubusercontent.com/resasanian/Mirza/main/mirza-ssr.txt
https://raw.githubusercontent.com/resasanian/Mirza/main/mirza-trojan.txt
https://raw.githubusercontent.com/resasanian/Mirza/main/mirza-vless.txt
https://raw.githubusercontent.com/resasanian/Mirza/main/mirza-vmess.txt
https://raw.githubusercontent.com/resasanian/Mirza/main/sub
https://raw.githubusercontent.com/ripaojiedian/freenode/main/sub
https://raw.githubusercontent.com/ronghuaxueleng/get_v2/main/pub/changfengoss.yaml
https://raw.githubusercontent.com/ronghuaxueleng/get_v2/main/pub/combine.yaml
https://raw.githubusercontent.com/roosterkid/openproxylist/refs/heads/main/V2RAY_RAW.txt
https://raw.githubusercontent.com/rxsweet/CM_Vmess/refs/heads/main/test.txt
https://raw.githubusercontent.com/rxsweet/proxies/main/sub/free.yaml
https://raw.githubusercontent.com/rxsweet/proxies/main/sub/rx.yaml
https://raw.githubusercontent.com/rxsweet/proxies/main/sub/sources/dynamicAll.yaml
https://raw.githubusercontent.com/rxsweet/proxies/main/sub/sources/miningAll.yaml
https://raw.githubusercontent.com/rxsweet/proxies/main/sub/srx.yaml
https://raw.githubusercontent.com/SamanValipour1/My-v2ray-configs/main/MySub.txt
https://raw.githubusercontent.com/SamanValipour1/My-v2ray-configs/refs/heads/main/MySub.txt
https://raw.githubusercontent.com/sami-soft/v2rayN_proxy/main/new1.txt
https://raw.githubusercontent.com/samjoeyang/subscribe/main/fly
https://raw.githubusercontent.com/sansorchi/sansorchi/refs/heads/main/data.txt
https://raw.githubusercontent.com/SANYIMOE/VPN-free/4cf1dfd9e9b1f612a60f8796f43ea17f2bca0727/conf/data.txt
https://raw.githubusercontent.com/SANYIMOE/VPN-free/5b5c8c09aa665169692ffcb48fed7c786bf0e737/conf/data.txt
https://raw.githubusercontent.com/SANYIMOE/VPN-free/6e93041767a76c3104062551b003f29ea55f584e/conf/data.txt
https://raw.githubusercontent.com/SANYIMOE/VPN-free/9ecbfd0efd89256e136f7b8c4558dc94fe1905af/conf/data.txt
https://raw.githubusercontent.com/SANYIMOE/VPN-free/bfd7d84e84ef6fbbd89352dea17fdbcb8ac3e29a/conf/data.txt
https://raw.githubusercontent.com/SANYIMOE/VPN-free/master/sub
https://raw.githubusercontent.com/sh3d0ww02f/sh3d0ww02f.github.io/main/clash1.yaml
https://raw.githubusercontent.com/sh3d0ww02f/sh3d0ww02f.github.io/main/ssr.config
https://raw.githubusercontent.com/shabane/kamaji/master/hub/b64/merged.txt
https://raw.githubusercontent.com/shabane/kamaji/master/hub/b64/ss.txt
https://raw.githubusercontent.com/shabane/kamaji/master/hub/b64/trojan.txt
https://raw.githubusercontent.com/shabane/kamaji/master/hub/b64/vless.txt
https://raw.githubusercontent.com/shabane/kamaji/master/hub/b64/vmess.txt
https://raw.githubusercontent.com/shbioc/clash/main/aaa01.yaml
https://raw.githubusercontent.com/shirkerboy/scp/main/sub
https://raw.githubusercontent.com/snakem982/proxypool/main/nodelist.txt
https://raw.githubusercontent.com/snakem982/proxypool/main/source/v2ray.txt
https://raw.githubusercontent.com/snakem982/proxypool/main/source/v2ray-2.txt
https://raw.githubusercontent.com/soroushmirzaei/telegram-configs-collector/main/channels/protocols/hysteria
https://raw.githubusercontent.com/soroushmirzaei/telegram-configs-collector/main/channels/protocols/juicity
https://raw.githubusercontent.com/soroushmirzaei/telegram-configs-collector/main/channels/protocols/reality
https://raw.githubusercontent.com/soroushmirzaei/telegram-configs-collector/main/channels/protocols/shadowsocks
https://raw.githubusercontent.com/soroushmirzaei/telegram-configs-collector/main/channels/protocols/trojan
https://raw.githubusercontent.com/soroushmirzaei/telegram-configs-collector/main/channels/protocols/tuic
https://raw.githubusercontent.com/soroushmirzaei/telegram-configs-collector/main/channels/protocols/vless
https://raw.githubusercontent.com/soroushmirzaei/telegram-configs-collector/main/channels/protocols/vmess
https://raw.githubusercontent.com/soroushmirzaei/telegram-configs-collector/main/protocols/hysteria
https://raw.githubusercontent.com/soroushmirzaei/telegram-configs-collector/main/protocols/juicity
https://raw.githubusercontent.com/soroushmirzaei/telegram-configs-collector/main/protocols/reality
https://raw.githubusercontent.com/soroushmirzaei/telegram-configs-collector/main/protocols/shadowsocks
https://raw.githubusercontent.com/soroushmirzaei/telegram-configs-collector/main/protocols/trojan
https://raw.githubusercontent.com/soroushmirzaei/telegram-configs-collector/main/protocols/tuic
https://raw.githubusercontent.com/soroushmirzaei/telegram-configs-collector/main/protocols/vless
https://raw.githubusercontent.com/soroushmirzaei/telegram-configs-collector/main/protocols/vmess
https://raw.githubusercontent.com/ssrsub/ssr/master/Clash.yml
https://raw.githubusercontent.com/ssrsub/ssr/master/ssrsub
https://raw.githubusercontent.com/ssrsub/ssr/master/ss-sub
https://raw.githubusercontent.com/ssrsub/ssr/master/trojan
https://raw.githubusercontent.com/ssrsub/ssr/master/V2Ray
https://raw.githubusercontent.com/Strongmiao168/v2ray/main/1203
https://raw.githubusercontent.com/sun9426/sun9426.github.io/main/subscribe/Clash.yaml
https://raw.githubusercontent.com/Surfboardv2ray/TGParse/main/python/hy2
https://raw.githubusercontent.com/Surfboardv2ray/TGParse/main/python/hysteria
https://raw.githubusercontent.com/Surfboardv2ray/TGParse/main/python/hysteria2
https://raw.githubusercontent.com/Surfboardv2ray/TGParse/main/splitted/hy2
https://raw.githubusercontent.com/Surfboardv2ray/TGParse/main/splitted/hysteria2
https://raw.githubusercontent.com/tbbatbb/Proxy/master/dist/clash.config.yaml
https://raw.githubusercontent.com/Tenerome/v2ray/main/vmess.txt
https://raw.githubusercontent.com/tjyu010/jiedian/main/21
https://raw.githubusercontent.com/tony0392/clash/main/clash.yaml
https://raw.githubusercontent.com/ts-sf/fly/main/clash
https://raw.githubusercontent.com/ts-sf/fly/main/v2
https://raw.githubusercontent.com/V2RAYCONFIGSPOOL/V2RAY_SUB/main/V2RAY_SUB.txt
https://raw.githubusercontent.com/Vauth/node/main/Main
https://raw.githubusercontent.com/Vauth/node/main/Master
https://raw.githubusercontent.com/voken100g/AutoSSR/master/online
https://raw.githubusercontent.com/voken100g/AutoSSR/master/recent
https://raw.githubusercontent.com/vpei/free-node-1/main/o/proxies.txt
https://raw.githubusercontent.com/vpei/free-node-1/refs/heads/main/res/nod-0.txt
https://raw.githubusercontent.com/vpei/free-node-1/refs/heads/main/res/nod-1.txt
https://raw.githubusercontent.com/vpei/free-node-1/refs/heads/main/res/nod-2.txt
https://raw.githubusercontent.com/vpei/free-node-1/refs/heads/main/res/nod-3.txt
https://raw.githubusercontent.com/vpei/free-node-1/refs/heads/main/res/nod-4.txt
https://raw.githubusercontent.com/vpei/free-node-1/refs/heads/main/res/nod-5.txt
https://raw.githubusercontent.com/vpei/free-node-1/refs/heads/main/res/nod-6.txt
https://raw.githubusercontent.com/vpei/free-node-1/refs/heads/main/res/nod-7.txt
https://raw.githubusercontent.com/vpei/free-node-1/refs/heads/main/res/nod-8.txt
https://raw.githubusercontent.com/vpei/free-node-1/refs/heads/main/res/nod-9.txt
https://raw.githubusercontent.com/VpnNetwork01/vpn-net/main/README.md
https://raw.githubusercontent.com/vveg26/chromego_merge/main/sub/merged_proxies.yaml
https://raw.githubusercontent.com/vveg26/get_proxy/main/dist/clash.config.yaml
https://raw.githubusercontent.com/vxiaov/free_proxies/main/links.txt
https://raw.githubusercontent.com/vxiaov/free_proxies/refs/heads/main/links.txt
https://raw.githubusercontent.com/vxiaov/free_proxy_ss/main/ss/sssub
https://raw.githubusercontent.com/vxiaov/free_proxy_ss/main/ssr/ssrsub
https://raw.githubusercontent.com/vxiaov/free_proxy_ss/main/v2ray/v2raysub
https://raw.githubusercontent.com/w1770946466/Auto_proxy/main/Long_term_subscription_num
https://raw.githubusercontent.com/w1770946466/Auto_proxy/main/Long_term_subscription2
https://raw.githubusercontent.com/w1770946466/Auto_proxy/main/Long_term_subscription3
https://raw.githubusercontent.com/webdao/v2ray/master/nodes.txt
https://raw.githubusercontent.com/webdao/v2ray/refs/heads/master/nodes.txt
https://raw.githubusercontent.com/webdao/v2ray/refs/heads/master/nodes2.txt
https://raw.githubusercontent.com/webdao/v2ray/refs/heads/master/nodes3.txt
https://raw.githubusercontent.com/WilliamStar007/ClashX-V2Ray-TopFreeProxy/main/combine/clash.config.yaml
https://raw.githubusercontent.com/wrfree/free/refs/heads/main/ssr
https://raw.githubusercontent.com/wrfree/free/refs/heads/main/v2
https://raw.githubusercontent.com/xhmotor/V2rayn/main/v2rayn
https://raw.githubusercontent.com/xiaoji235/airport-free/refs/heads/main/v2ray.txt
https://raw.githubusercontent.com/xiyaowong/freeFQ/main/v2ray
https://raw.githubusercontent.com/yaney01/Yaney01/main/temporary
https://raw.githubusercontent.com/yaney01/Yaney01/main/yaney_01
https://raw.githubusercontent.com/YasserDivaR/pr0xy/main/ShadowSocks2021.txt
https://raw.githubusercontent.com/YasserDivaR/pr0xy/main/winformClash.yaml
https://raw.githubusercontent.com/yebekhe/TelegramV2rayCollector/main/sub/base64/mix
https://raw.githubusercontent.com/yebekhe/TelegramV2rayCollector/main/sub/normal/donated
https://raw.githubusercontent.com/yebekhe/TelegramV2rayCollector/main/sub/normal/hysteria2
https://raw.githubusercontent.com/yebekhe/TelegramV2rayCollector/main/sub/normal/reality
https://raw.githubusercontent.com/yebekhe/TelegramV2rayCollector/main/sub/normal/shadowsocks
https://raw.githubusercontent.com/yebekhe/TelegramV2rayCollector/main/sub/normal/trojan
https://raw.githubusercontent.com/yebekhe/TelegramV2rayCollector/main/sub/normal/tuic
https://raw.githubusercontent.com/yebekhe/TelegramV2rayCollector/main/sub/normal/vless
https://raw.githubusercontent.com/yebekhe/TelegramV2rayCollector/main/sub/normal/vmess
https://raw.githubusercontent.com/yebekhe/vpn-fail/refs/heads/main/sub-link
https://raw.githubusercontent.com/youfoundamin/V2rayCollector/main/mixed_iran.txt
https://raw.githubusercontent.com/youfoundamin/V2rayCollector/main/ss_iran.txt
https://raw.githubusercontent.com/youfoundamin/V2rayCollector/main/trojan_iran.txt
https://raw.githubusercontent.com/youfoundamin/V2rayCollector/main/vless_iran.txt
https://raw.githubusercontent.com/youfoundamin/V2rayCollector/main/vmess_iran.txt
https://raw.githubusercontent.com/youkai0100/youkai/master/README.md
https://raw.githubusercontent.com/zhangkaiitugithub/passcro/main/speednodes.yaml
https://raw.githubusercontent.com/zhlx2835/freefq/main/clash.yaml
https://raw.githubusercontent.com/zhlx2835/freefq/main/v2
https://raw.githubusercontent.com/zjfb/SubCrawler/main/sub/share/all
https://raw.githubusercontent.com/zjr13808836946/zjr_clash/main/V2_SSR_M
https://raw.githubusercontent.com/ZY-404/v2ray/main/v2ray.txt
https://raw.githubusercontent.com/ZywChannel/free/main/sub
https://raw.githubusercontent.com/zzz6839/SubCrawler/main/sub/share/all
https://rvorch.treze.cc/clash/proxies
https://s1.byte16.com/api/v1/client/subscribe?token=feba159f3478ff8936f52a43d88aae8b
https://shadow-socks-share.herokuapp.com
https://sub.diba.workers.dev
https://sub.pmsub.me/base64
https://sub.pmsub.me/clash.yaml
https://sub.sharecentre.online/sub&flag=clash
https://sub123.71345.xyz/api/v1/client/subscribe?token=67d0e817bbb631b2aa14bfe031334415
https://sub123.71345.xyz/api/v1/client/subscribe?token=7eb7f9c181fe90a98a53d28b1a905b5d
https://sub123.71345.xyz/api/v1/client/subscribe?token=95388132afab15570d496c96fe99474d
https://sub123.71345.xyz/api/v1/client/subscribe?token=b34b2e4e8eeec829e368fd631b20fbd1
https://sub123.71345.xyz/api/v1/client/subscribe?token=ba1d0c5044be749390ee0eb2e6af88e3
https://sub123.71345.xyz/api/v1/client/subscribe?token=f0858ff0a06e3e5c377ab69522abc04d
https://subscribe.suwas.xyz/api/v1/client/subscribe?
https://tgscan.onrender.com/sub10/base64
https://tgscan.onrender.com/sub3
https://tgscan.onrender.com/sub5
https://tgscan.onrender.com/sub9/base64
https://timell.pages.dev/clash/proxies
https://toshare.tosslk.xyz/RCbVccf
https://v2ray.neocities.org/v2ray.txt
https://v2rayshare.com/wp-content/uploads/2022/12/20221208.txt
https://view.freev2ray.org/
https://vpnyyds.link/free
https://www.4spaces.org/free/
https://www.freefq.com/free-ss/](https://www.freefq.com/free-ss/
https://www.freefq.com/free-ssr
https://www.freefq.com/v2ray/
https://www.freess.best/v2ray.html
https://www.freevpnnet.com
https://www.liesauer.net/yogurt/subscribe?ACCESS_TOKEN=DAYxR3mMaZAsaqUb
https://www.xrayvip.com/free.txt
https://www.yfjc.xyz/api/v1/client/subscribe?token=7cda8ee5472db4dcb6779955e4211996
https://www.yfjc.xyz/api/v1/client/subscribe?token=7d9cb26c107f04ecd6fdec6644f810c9
https://www.youneed.win/free-ss
https://youlianboshi.netlify.app
https://zfjvpn.gitbook.io/123
rot.9o9.top:880/clash/proxies
