开始测试...
时间: 2025-06-26 02:09:30 JST
系统资源:                total        used        free      shared  buff/cache   available
Mem:            15Gi       820Mi        13Gi        43Mi       1.6Gi        14Gi
Swap:          4.0Gi          0B       4.0Gi
文件描述符限制: 65536
-------------------------------------
下载节点配置...
下载: https://raw.githubusercontent.com/qjlxg/vt/refs/heads/main/data/sub.txt
下载完成，节点数: 88986
检查依赖...
依赖安装完成
加载缓存: data/dns_cache.txt
预解析域名...
解析: us1.520748.xyz
失败: us1.520748.xyz
解析: aws.qiongqi8138.ga
失败: aws.qiongqi8138.ga
解析: 300.shecanmarket.com
成功: 300.shecanmarket.com -> 217.60.236.215
解析: stw5-tg-data.amazonwebservicess.com
失败: stw5-tg-data.amazonwebservicess.com
解析: jpa-zf.clm10086.xyz
失败: jpa-zf.clm10086.xyz
解析: ak1686.www.outline.network.fr8678825324247b8176d59f83c30bd94d23d2e3ac5cd4a743bkwqeikvdyufr.cyou
失败: ak1686.www.outline.network.fr8678825324247b8176d59f83c30bd94d23d2e3ac5cd4a743bkwqeikvdyufr.cyou
解析: footlo.argha-v2pedia.monster
失败: footlo.argha-v2pedia.monster
解析: crm.sant.ir
失败: crm.sant.ir
解析: id09tk.ifengsoutu233.tk
失败: id09tk.ifengsoutu233.tk
解析: sla.cn.964e995b760.gogodns.xin
失败: sla.cn.964e995b760.gogodns.xin
解析: jd100.zahuopu.top
失败: jd100.zahuopu.top
解析: jp6.speed-mitce.top
失败: jp6.speed-mitce.top
解析: scloud52.jafiyun.world
失败: scloud52.jafiyun.world
解析: ak1377.free.www.outline.network
失败: ak1377.free.www.outline.network
解析: 6ushrhml7ttpliy3.lovebaipiao.net
失败: 6ushrhml7ttpliy3.lovebaipiao.net
解析: vpn.pnm1.com
失败: vpn.pnm1.com
解析: b.dg.cat77.cloud
失败: b.dg.cat77.cloud
解析: hmahdi11.varzesh3.ru
失败: hmahdi11.varzesh3.ru
解析: sfo.iqmtp.live
失败: sfo.iqmtp.live
解析: FreakConfig.plantgreen.ir
失败: FreakConfig.plantgreen.ir
解析: azgy001.xibai6.top
失败: azgy001.xibai6.top
解析: jp-45s-s65x-595adf.jumaonet.com
失败: jp-45s-s65x-595adf.jumaonet.com
解析: 20007.purefast2.com
失败: 20007.purefast2.com
解析: n24.emovpn.xyz
失败: n24.emovpn.xyz
解析: jgwhdlb3.gaox.ml
失败: jgwhdlb3.gaox.ml
解析: jp5.speed-mitce.top
失败: jp5.speed-mitce.top
解析: t03.ssrsub.com02.selfupay.com
失败: t03.ssrsub.com02.selfupay.com
解析: zf2.windowsupdate1.com
失败: zf2.windowsupdate1.com
解析: 625tw.ok365.cyou
失败: 625tw.ok365.cyou
解析: fn600mliness019.svcline.com
失败: fn600mliness019.svcline.com
解析: k-r03.loveroise.com
失败: k-r03.loveroise.com
解析: kr3.535eb521-9fe0-4478-b090-2a5cee4bb04a.191981000.nbvpn.org
失败: kr3.535eb521-9fe0-4478-b090-2a5cee4bb04a.191981000.nbvpn.org
解析: ak1542.free.www.outline.network
失败: ak1542.free.www.outline.network
解析: cn1.applebench.tech
失败: cn1.applebench.tech
解析: hk5.speed-mitce.top
失败: hk5.speed-mitce.top
解析: ssrsub.t09.trojan.tel
失败: ssrsub.t09.trojan.tel
解析: scloud58.jafiyun.world
失败: scloud58.jafiyun.world
解析: meli1.dashvili.ir
成功: meli1.dashvili.ir -> 85.133.225.73
解析: inputbugwildcard.cloudproxyip.my.id
失败: inputbugwildcard.cloudproxyip.my.id
解析: sg.838501.xyz
失败: sg.838501.xyz
解析: ak1751.www.outline.network.fr8678825324247b8176d59f83c30bd94d23d2e3ac5cd4a743bkwqeikvdyufr.cyou
失败: ak1751.www.outline.network.fr8678825324247b8176d59f83c30bd94d23d2e3ac5cd4a743bkwqeikvdyufr.cyou
解析: mgd-zf.clm10086.xyz
失败: mgd-zf.clm10086.xyz
解析: pxvip101.qlgq1.pw
失败: pxvip101.qlgq1.pw
解析: scloud55.jafiyun.world
失败: scloud55.jafiyun.world
解析: shard3fobon.maniyadg7shard.ir
成功: shard3fobon.maniyadg7shard.ir -> 151.101.3.8
解析: edge-hncm.themars.top
失败: edge-hncm.themars.top
解析: oss-cn-shanghai.westdatacloud.top
失败: oss-cn-shanghai.westdatacloud.top
解析: csavietnam1.csadata4g.me
失败: csavietnam1.csadata4g.me
解析: gzyd02.jcnode.top
失败: gzyd02.jcnode.top
解析: gzdx.jcnode.top
失败: gzdx.jcnode.top
解析: jgwdb4.gaox.ml
失败: jgwdb4.gaox.ml
解析: outline-hk.ttkcloud.buzz
失败: outline-hk.ttkcloud.buzz
解析: nl-2.parsroute.com
失败: nl-2.parsroute.com
解析: in-01.licom.ml
失败: in-01.licom.ml
解析: id08tk.ifengsoutu233.tk
失败: id08tk.ifengsoutu233.tk
解析: dl-tw1.steamdownload.top
失败: dl-tw1.steamdownload.top
解析: tel.bo3kot.com
失败: tel.bo3kot.com
解析: gonggao05.niuniucloud.xyz
失败: gonggao05.niuniucloud.xyz
解析: awshk3-tg-data.amazonwebservicess.com
失败: awshk3-tg-data.amazonwebservicess.com
解析: jp-03.licom.ml
失败: jp-03.licom.ml
解析: cnamemc1.cdncisco4.co
失败: cnamemc1.cdncisco4.co
解析: fr10.sulink.one
失败: fr10.sulink.one
解析: shzz.ikuncloud.com
失败: shzz.ikuncloud.com
解析: hkt2.sulink.one
失败: hkt2.sulink.one
解析: jpc-zf.clm10086.xyz
失败: jpc-zf.clm10086.xyz
解析: hel-zf.clm10086.xyz
失败: hel-zf.clm10086.xyz
解析: z6.gozargah.one
失败: z6.gozargah.one
解析: lm.api-catssr.catcloud.host
失败: lm.api-catssr.catcloud.host
解析: ArV2ray.mehpow.IR
失败: ArV2ray.mehpow.IR
解析: gghktv6.jueduibupao.top
失败: gghktv6.jueduibupao.top
解析: sj.5216818.xyz
失败: sj.5216818.xyz
解析: fr.emergency.sibrayane.store
失败: fr.emergency.sibrayane.store
解析: awssg6-tg-data.amazonwebservicess.com
失败: awssg6-tg-data.amazonwebservicess.com
解析: 116.fastea.top
失败: 116.fastea.top
解析: uk.london1.vpntester.net
失败: uk.london1.vpntester.net
解析: csgo-news.film2serial.cloud
失败: csgo-news.film2serial.cloud
解析: gzyd2.52147.top
失败: gzyd2.52147.top
解析: awssg8-tg-data.amazonwebservicess.com
失败: awssg8-tg-data.amazonwebservicess.com
解析: starlink-tko5.2513142.xyz
成功: starlink-tko5.2513142.xyz -> 18.181.168.130
解析: core1.steamdownload.top
失败: core1.steamdownload.top
解析: xscdfr5.freevpnatm2025.dpdns.org
失败: xscdfr5.freevpnatm2025.dpdns.org
解析: ger1.swaparoo.org
失败: ger1.swaparoo.org
解析: jp4.fighting.win
失败: jp4.fighting.win
解析: tiantianshaoxiangzuzhounimasile2bdgou.dawodejiedianquanjiachumengeichezhuangsi.xyz
失败: tiantianshaoxiangzuzhounimasile2bdgou.dawodejiedianquanjiachumengeichezhuangsi.xyz
解析: iepl02.mzthcj.cn
失败: iepl02.mzthcj.cn
解析: kh1.nodegz.top
失败: kh1.nodegz.top
解析: us.scproxy.top
失败: us.scproxy.top
解析: gkifo-8-tr-0.tw-tpe-hinet-0-0.o-two.xyz
失败: gkifo-8-tr-0.tw-tpe-hinet-0-0.o-two.xyz
解析: gmegme.ml
失败: gmegme.ml
解析: juus.zdzdzd.xyz
失败: juus.zdzdzd.xyz
解析: lv3oiwdaxsaowhdnjkzxw.occwaszxjjhwx.cyou
失败: lv3oiwdaxsaowhdnjkzxw.occwaszxjjhwx.cyou
解析: edge-mars.themars.top
失败: edge-mars.themars.top
解析: dl-sg1.steamdownload.top
失败: dl-sg1.steamdownload.top
解析: ru01.awcloud.top
失败: ru01.awcloud.top
解析: hk4.microsoftjs.top
失败: hk4.microsoftjs.top
解析: awsjp20-data.amazon-azure.com
失败: awsjp20-data.amazon-azure.com
解析: 43-153-34-170.ipv4.rush.ml
失败: 43-153-34-170.ipv4.rush.ml
解析: t03.ssrsub.comrver-01.selfupay.com
失败: t03.ssrsub.comrver-01.selfupay.com
解析: awshk2-data.amazon-azure.com
失败: awshk2-data.amazon-azure.com
解析: zzfjfgjytjyrtehrt54gsgsdfggedrh5re4364352536234yddd56gsffdsherhbresgsdfdsfssdxxww.us
失败: zzfjfgjytjyrtehrt54gsgsdfggedrh5re4364352536234yddd56gsffdsherhbresgsdfdsfssdxxww.us
解析: ak1790.www.outline.network.fr8678825324247b8176d59f83c30bd94d23d2e3ac5cd4a743bkwqeikvdyufr.cyou
失败: ak1790.www.outline.network.fr8678825324247b8176d59f83c30bd94d23d2e3ac5cd4a743bkwqeikvdyufr.cyou
解析: sjoin.outline-vpn.cloud
失败: sjoin.outline-vpn.cloud
解析: mci.kyc-crm.ir
失败: mci.kyc-crm.ir
解析: awssg2-tg-data.amazonwebservicess.com
失败: awssg2-tg-data.amazonwebservicess.com
解析: cnamemc.ciscocdn1.live
失败: cnamemc.ciscocdn1.live
解析: serv4.alpha2.sbs
失败: serv4.alpha2.sbs
解析: sg3.ktmurl.club
失败: sg3.ktmurl.club
解析: jp2.trojan.telserver-02.selfupay.com
失败: jp2.trojan.telserver-02.selfupay.com
解析: n3.nufsx.top
失败: n3.nufsx.top
解析: trxjp.ballistics.top
失败: trxjp.ballistics.top
解析: 004282c1-sbdj40-sdlngq-1n7jq.ru.z7zi.com
失败: 004282c1-sbdj40-sdlngq-1n7jq.ru.z7zi.com
解析: hk5.microsoftjs.top
失败: hk5.microsoftjs.top
解析: ak1605.fr8678825324247b8176d59f83c30bd94d23d2e3ac5cd4a743bkwqeikvdyufr.cyou
失败: ak1605.fr8678825324247b8176d59f83c30bd94d23d2e3ac5cd4a743bkwqeikvdyufr.cyou
解析: v2cross.com.01.v2ce.com
失败: v2cross.com.01.v2ce.com
解析: fnhk1000snews004.svcline.com
失败: fnhk1000snews004.svcline.com
解析: z15.idcloudhost.de
失败: z15.idcloudhost.de
解析: c1.vact.ir
失败: c1.vact.ir
解析: out.jijifun.com
失败: out.jijifun.com
解析: jp1.fighting.win
失败: jp1.fighting.win
解析: polished-ox.treefrog761.one
成功: polished-ox.treefrog761.one -> 91.195.240.94
解析: fra1.connecton.surf
失败: fra1.connecton.surf
解析: awssg7-tg-data.amazonwebservicess.com
失败: awssg7-tg-data.amazonwebservicess.com
解析: relay.wl-node1.com
失败: relay.wl-node1.com
解析: london.pinssr.ml
失败: london.pinssr.ml
解析: kr2.qingyun123.xyz
失败: kr2.qingyun123.xyz
解析: service.ouluyun9803.com
失败: service.ouluyun9803.com
解析: Germany.fast.hosting-ip.com
成功: Germany.fast.hosting-ip.com -> 151.101.3.8
解析: jgwxn4.gaox.ml
失败: jgwxn4.gaox.ml
解析: hk.binguo.link
失败: hk.binguo.link
解析: h1d3.hamrahconf.ir
成功: h1d3.hamrahconf.ir -> 5.75.197.204
解析: tw02.hy-2.sbs
失败: tw02.hy-2.sbs
解析: 1.hk1997.pro
失败: 1.hk1997.pro
解析: ada102.oshtd.com
失败: ada102.oshtd.com
解析: jgwdj3.gaox.ml
失败: jgwdj3.gaox.ml
解析: cdn.getasa.ir
失败: cdn.getasa.ir
解析: sg-server-01.selfupay.com
失败: sg-server-01.selfupay.com
解析: admin-singaporewest.040503.xyz
失败: admin-singaporewest.040503.xyz
解析: microsoft-jp05.syjd.xyz
失败: microsoft-jp05.syjd.xyz
解析: sg5.acyun.me
失败: sg5.acyun.me
解析: us2.speed-mitce.top
失败: us2.speed-mitce.top
解析: dl-jp5.efyunpan.com
失败: dl-jp5.efyunpan.com
解析: osav101.jd0001.top
失败: osav101.jd0001.top
解析: hke-zf.clm10086.xyz
失败: hke-zf.clm10086.xyz
解析: kr3.microsoftjs.top
失败: kr3.microsoftjs.top
解析: sensible-crow.goat627.mom
失败: sensible-crow.goat627.mom
解析: ak1829.www.outline.network.fr8678825324247b8176d59f83c30bd94d23d2e3ac5cd4a743bkwqeikvdyufr.cyou
失败: ak1829.www.outline.network.fr8678825324247b8176d59f83c30bd94d23d2e3ac5cd4a743bkwqeikvdyufr.cyou
解析: ak1813.www.outline.network.fr8678825324247b8176d59f83c30bd94d23d2e3ac5cd4a743bkwqeikvdyufr.cyou
失败: ak1813.www.outline.network.fr8678825324247b8176d59f83c30bd94d23d2e3ac5cd4a743bkwqeikvdyufr.cyou
解析: ak1732.www.outline.network.fr8678825324247b8176d59f83c30bd94d23d2e3ac5cd4a743bkwqeikvdyufr.cyou
失败: ak1732.www.outline.network.fr8678825324247b8176d59f83c30bd94d23d2e3ac5cd4a743bkwqeikvdyufr.cyou
解析: sgp4.kfcnode.xyz
失败: sgp4.kfcnode.xyz
解析: sg8.421421.xyz
失败: sg8.421421.xyz
解析: h649960.waihuizhibiaowang.com
失败: h649960.waihuizhibiaowang.com
解析: sg07v6.sulink.one
失败: sg07v6.sulink.one
解析: yd.epclub.xyz
失败: yd.epclub.xyz
解析: scloud59.jafiyun.world
失败: scloud59.jafiyun.world
解析: milkgogo.ga
失败: milkgogo.ga
解析: lv2iwahxwawhooiixzawx.occwaszxjjhwx.cyou
失败: lv2iwahxwawhooiixzawx.occwaszxjjhwx.cyou
解析: ptrk.w6w.live
失败: ptrk.w6w.live
解析: h217022.waihuizhibiaowang.com
失败: h217022.waihuizhibiaowang.com
解析: 2u3k01.abzoones.xyz
失败: 2u3k01.abzoones.xyz
解析: 2121--join.outline-vpn.cloud
失败: 2121--join.outline-vpn.cloud
解析: kr1.mhw7e2.online
失败: kr1.mhw7e2.online
解析: awsjp4-data.amazon-azure.com
失败: awsjp4-data.amazon-azure.com
解析: to.crushs.cc
失败: to.crushs.cc
解析: uk.gamingbazirani.ir
失败: uk.gamingbazirani.ir
解析: dl-tw4.steamdownload.top
失败: dl-tw4.steamdownload.top
解析: Mashhad-Website.thorav.ir
失败: Mashhad-Website.thorav.ir
解析: dl-hk2.steamdownload.top
失败: dl-hk2.steamdownload.top
解析: jpb-zf.clm10086.xyz
失败: jpb-zf.clm10086.xyz
解析: mahdiserver-903.pages.dev
失败: mahdiserver-903.pages.dev
解析: Join--VPNCUSTOMIZE.V2ray.re
失败: Join--VPNCUSTOMIZE.V2ray.re
解析: zzcm06.cacbce.com
失败: zzcm06.cacbce.com
解析: hk-server-01.selfupay.com
失败: hk-server-01.selfupay.com
解析: nl1.nodegz.top
失败: nl1.nodegz.top
解析: shttweb.tcekx.cn
失败: shttweb.tcekx.cn
解析: 1223join.outline-vpn.cloud
失败: 1223join.outline-vpn.cloud
解析: vluk3.g2ray.com
失败: vluk3.g2ray.com
解析: udhk2-tg-data.amazonwebservicess.com
失败: udhk2-tg-data.amazonwebservicess.com
解析: sg6.sulink.one
失败: sg6.sulink.one
解析: awsin3-data.amazon-azure.com
失败: awsin3-data.amazon-azure.com
解析: bphk3.mybestjj.com
失败: bphk3.mybestjj.com
解析: agroup.node3.s.nodelist-gfwairport1.download
失败: agroup.node3.s.nodelist-gfwairport1.download
解析: sg3.speed-mitce.top
失败: sg3.speed-mitce.top
解析: awssg18-data.amazon-azure.com
失败: awssg18-data.amazon-azure.com
解析: v3-us.aliyun-obsd.xyz
失败: v3-us.aliyun-obsd.xyz
解析: asdmnioqw21dom.nekodafu.xyz
失败: asdmnioqw21dom.nekodafu.xyz
解析: shadowsocks.ctsubvpn.ggff.net
失败: shadowsocks.ctsubvpn.ggff.net
解析: fn600mliness017.svcline.com
失败: fn600mliness017.svcline.com
解析: web.ararat3d.com
失败: web.ararat3d.com
解析: 1024tw01.tfzhc.top
失败: 1024tw01.tfzhc.top
解析: youtube-bai-piao-wang-zhe-usa.98848.xyz
失败: youtube-bai-piao-wang-zhe-usa.98848.xyz
解析: jd101.8faka.tk
失败: jd101.8faka.tk
解析: ak1603.fr8678825324247b8176d59f83c30bd94d23d2e3ac5cd4a743bkwqeikvdyufr.cyou
失败: ak1603.fr8678825324247b8176d59f83c30bd94d23d2e3ac5cd4a743bkwqeikvdyufr.cyou
解析: sbl.ailicf.us.kg
失败: sbl.ailicf.us.kg
解析: fag-zf.clm10086.xyz
失败: fag-zf.clm10086.xyz
解析: fra.iranbuildings.com
成功: fra.iranbuildings.com -> 185.243.49.155
解析: sg-01.tiktokcdn.top
失败: sg-01.tiktokcdn.top
解析: other.binguo.link
失败: other.binguo.link
解析: awshk8-data.amazon-azure.com
失败: awshk8-data.amazon-azure.com
解析: jp3.speed-mitce.top
失败: jp3.speed-mitce.top
解析: t03.ssrsub.comusa-server-02.selfupay.com
失败: t03.ssrsub.comusa-server-02.selfupay.com
解析: p5.punchline.ir
失败: p5.punchline.ir
解析: iran.mbahmaee.xyz
失败: iran.mbahmaee.xyz
解析: pp1.zhengzhongfeizhu.xyz
失败: pp1.zhengzhongfeizhu.xyz
解析: dnssdall.agentlink.cc
失败: dnssdall.agentlink.cc
解析: v2rayngcloud.ddns.net
失败: v2rayngcloud.ddns.net
解析: cn.speedabc.xyz
失败: cn.speedabc.xyz
解析: mga-zf.clm10086.xyz
失败: mga-zf.clm10086.xyz
解析: www.outline.network.ak1905.fr8678825324247b8176d59f83c30bd94d23d2e3ac5cd4a743bkwqeikvdyufr.cyou
失败: www.outline.network.ak1905.fr8678825324247b8176d59f83c30bd94d23d2e3ac5cd4a743bkwqeikvdyufr.cyou
解析: hkj-zf.clm10086.xyz
失败: hkj-zf.clm10086.xyz
解析: fuckxiaofenhong.ga
失败: fuckxiaofenhong.ga
解析: wash.inbarayeman.xyz
失败: wash.inbarayeman.xyz
解析: 8t6w02.abzoones.xyz
失败: 8t6w02.abzoones.xyz
解析: gg.xn--gmqa02ag57d.com
失败: gg.xn--gmqa02ag57d.com
解析: srv3.shodam.tech
失败: srv3.shodam.tech
解析: forward3.maryam1700.com
失败: forward3.maryam1700.com
解析: its.zarashop0.ir
成功: its.zarashop0.ir -> 116.203.69.142
解析: zxpfgo.ssplane.cn
失败: zxpfgo.ssplane.cn
解析: blog.netsdddru.xyz
失败: blog.netsdddru.xyz
解析: bai-piao-wang-zhe-iplc12.98848.xyz
失败: bai-piao-wang-zhe-iplc12.98848.xyz
解析: test.yoyohihi.com
成功: test.yoyohihi.com -> 81.12.33.149
解析: 1002tw01.tfzhc.top
失败: 1002tw01.tfzhc.top
解析: j-p01.niuniucloud.xyz
失败: j-p01.niuniucloud.xyz
解析: 4o5a3u01.mcfront.xyz
失败: 4o5a3u01.mcfront.xyz
解析: 8t6w01.abzoones.xyz
失败: 8t6w01.abzoones.xyz
解析: singapore3.678789.xyz
失败: singapore3.678789.xyz
解析: ct.henet.top
失败: ct.henet.top
解析: u-s04.niuniucloud.xyz
失败: u-s04.niuniucloud.xyz
解析: scloudtw1-tg-data.amazonwebservicess.com
失败: scloudtw1-tg-data.amazonwebservicess.com
解析: sg1.fkfirewall.top
失败: sg1.fkfirewall.top
解析: yup.441122.xyz
失败: yup.441122.xyz
解析: mxg-zf.clm10086.xyz
失败: mxg-zf.clm10086.xyz
解析: s-sg01.aikun.online
失败: s-sg01.aikun.online
解析: hk64.fans8.xyzver-02.selfupay.com
失败: hk64.fans8.xyzver-02.selfupay.com
解析: mgc-zf.clm10086.xyz
失败: mgc-zf.clm10086.xyz
解析: vpnmizban.iranigamebaz.ir
失败: vpnmizban.iranigamebaz.ir
解析: ssrsub.t03.trojan.tel
失败: ssrsub.t03.trojan.tel
解析: cn-szcm.mzthcj.cn
失败: cn-szcm.mzthcj.cn
解析: ap-northeast.6641634715834932.me
失败: ap-northeast.6641634715834932.me
解析: s400l.ddns1.pw
失败: s400l.ddns1.pw
解析: hkt200m-2.amazonwebservicess.com
失败: hkt200m-2.amazonwebservicess.com
解析: taig-zf.clm10086.xyz
失败: taig-zf.clm10086.xyz
解析: c2.vact.ir
失败: c2.vact.ir
解析: pishgam.sdcards.ir
成功: pishgam.sdcards.ir -> 104.16.53.11
解析: jp-server-02.selfupay.com
失败: jp-server-02.selfupay.com
解析: oss-cn-guangzhou.westdatacloud.xyz
失败: oss-cn-guangzhou.westdatacloud.xyz
解析: sg-02.licom.ml
失败: sg-02.licom.ml
解析: vpnbigbang1.ddns.net
失败: vpnbigbang1.ddns.net
解析: wj-kr-01.wujie.bio
失败: wj-kr-01.wujie.bio
解析: trfg.ballistics.top
失败: trfg.ballistics.top
解析: www.tegzitp.net
失败: www.tegzitp.net
解析: psm.kyc-crm.ir
失败: psm.kyc-crm.ir
解析: hk-tj.superyuluo.asia
失败: hk-tj.superyuluo.asia
解析: public.alpanel.top
失败: public.alpanel.top
解析: ak1400.free.www.outline.network
失败: ak1400.free.www.outline.network
解析: j-p01.loveroise.com
失败: j-p01.loveroise.com
解析: hk1.qingyun123.xyz
失败: hk1.qingyun123.xyz
解析: www.legendaryking.link
失败: www.legendaryking.link
解析: tw-hy2-3.speed-mitce.top
失败: tw-hy2-3.speed-mitce.top
解析: sg2.microsoftjs.top
失败: sg2.microsoftjs.top
解析: awshk5-tg-data.amazonwebservicess.com
失败: awshk5-tg-data.amazonwebservicess.com
解析: 4a2u0a02.mcfront.xyz
失败: 4a2u0a02.mcfront.xyz
解析: oxaxcgs.772xx.cn
失败: oxaxcgs.772xx.cn
解析: hk6.microsoftjs.top
失败: hk6.microsoftjs.top
解析: 5m4h0k02.mcfront.xyz
失败: 5m4h0k02.mcfront.xyz
解析: tw02v6.sulian.life
失败: tw02v6.sulian.life
解析: kr7.speed-mitce.top
失败: kr7.speed-mitce.top
解析: wtt.888553.xyz
失败: wtt.888553.xyz
解析: all-vpncustomize.aparat.lol
失败: all-vpncustomize.aparat.lol
解析: szct.lele233.top
失败: szct.lele233.top
解析: prod6-cloud03-net03.cyberscaler.com
成功: prod6-cloud03-net03.cyberscaler.com -> 99.199.73.53
解析: cnamemc1.cdncisco3.co
失败: cnamemc1.cdncisco3.co
解析: awsjp14-data.amazon-azure.com
失败: awsjp14-data.amazon-azure.com
解析: bolan-zf.clm10086.xyz
失败: bolan-zf.clm10086.xyz
解析: panel.castomayz.ir
失败: panel.castomayz.ir
解析: awshk12-data.amazon-azure.com
失败: awshk12-data.amazon-azure.com
解析: us2.trojanvh.xyz
失败: us2.trojanvh.xyz
解析: d-us-a.zerocafe.win
失败: d-us-a.zerocafe.win
解析: PXZMC.gamespacy.com
成功: PXZMC.gamespacy.com -> 46.101.114.35
解析: 123.jieyusustc.top
失败: 123.jieyusustc.top
解析: tj2.dalazhi.eu.org
失败: tj2.dalazhi.eu.org
解析: mask65.api-tel.xyz
成功: mask65.api-tel.xyz -> 85.198.22.13
解析: us.binguo.link
失败: us.binguo.link
解析: us1.test3.net
失败: us1.test3.net
解析: awssg4-tg-data.amazonwebservicess.com
失败: awssg4-tg-data.amazonwebservicess.com
解析: hkvip102.qlgq1.pw
失败: hkvip102.qlgq1.pw
解析: hk3.lvwf8n-hh8e-2300-nmoo-d2e9naobeacn.9d8f269f96b25232-759cbb36d6548597.kaufen
失败: hk3.lvwf8n-hh8e-2300-nmoo-d2e9naobeacn.9d8f269f96b25232-759cbb36d6548597.kaufen
解析: cm.spacez.cloud
失败: cm.spacez.cloud
解析: vlgr3.g2ray.com
失败: vlgr3.g2ray.com
解析: gzyd1.52147.top
失败: gzyd1.52147.top
解析: vlfr1.g2ray.com
失败: vlfr1.g2ray.com
解析: k1.fast.hosting-ip.com
成功: k1.fast.hosting-ip.com -> 151.101.242.172
解析: js.ygdyf.com
失败: js.ygdyf.com
解析: VPNBIGBANG.ddns.net
失败: VPNBIGBANG.ddns.net
解析: awshk11-data.amazon-azure.com
失败: awshk11-data.amazon-azure.com
解析: sg1.421421.xyz
失败: sg1.421421.xyz
解析: tls.zeoaeriedo-saioesrio.ir
失败: tls.zeoaeriedo-saioesrio.ir
解析: jp01.awcloud.top
失败: jp01.awcloud.top
解析: nautica.foolvpn.me
失败: nautica.foolvpn.me
解析: diwu64.di5ji.lat
成功: diwu64.di5ji.lat -> 209.141.35.56
解析: ak1709.www.outline.network.fr8678825324247b8176d59f83c30bd94d23d2e3ac5cd4a743bkwqeikvdyufr.cyou
失败: ak1709.www.outline.network.fr8678825324247b8176d59f83c30bd94d23d2e3ac5cd4a743bkwqeikvdyufr.cyou
解析: vless-cf.mioch.online
失败: vless-cf.mioch.online
解析: asia1.oceis.net
失败: asia1.oceis.net
解析: wkl-zf.clm10086.xyz
失败: wkl-zf.clm10086.xyz
解析: s-g03.loveroise.com
失败: s-g03.loveroise.com
解析: surfboard-fr.jingfan.cyou
失败: surfboard-fr.jingfan.cyou
解析: xxooo.club
失败: xxooo.club
解析: join2.sevenoseven.tech
失败: join2.sevenoseven.tech
解析: cld1.niassa.ir
失败: cld1.niassa.ir
解析: vlnl.g2ray.com
失败: vlnl.g2ray.com
解析: dl-jp1.steamdownload.top
失败: dl-jp1.steamdownload.top
解析: 921tw.tfzhc.top
失败: 921tw.tfzhc.top
解析: www.outline.network.ak1968.fr8678825324247b8176d59f83c30bd94d23d2e3ac5cd4a743bkwqeikvdyufr.cyou
失败: www.outline.network.ak1968.fr8678825324247b8176d59f83c30bd94d23d2e3ac5cd4a743bkwqeikvdyufr.cyou
解析: yyyhk3.ikuncloud.com
失败: yyyhk3.ikuncloud.com
解析: zzjp1.baf1.sbs
失败: zzjp1.baf1.sbs
解析: 2d1t5w02.mcfront.xyz
失败: 2d1t5w02.mcfront.xyz
解析: ss.ger.pinssr.ml
失败: ss.ger.pinssr.ml
解析: sg05.170203.xyz
失败: sg05.170203.xyz
解析: kr4.speed-mitce.top
失败: kr4.speed-mitce.top
解析: mtn.kyc-crm.ir
失败: mtn.kyc-crm.ir
解析: jp1.speed-mitce.top
失败: jp1.speed-mitce.top
解析: xiaonangua.lwjyj.com
失败: xiaonangua.lwjyj.com
解析: kh1.balink.buzz
失败: kh1.balink.buzz
解析: awsjp3-data.amazon-azure.com
失败: awsjp3-data.amazon-azure.com
解析: hk-01.leco.ml
失败: hk-01.leco.ml
解析: 20001.purefast2.com
失败: 20001.purefast2.com
解析: de.lunarmc.ir
失败: de.lunarmc.ir
解析: mci------join.outline-vpn.cloud
失败: mci------join.outline-vpn.cloud
解析: hk0101.lgm88.top
失败: hk0101.lgm88.top
解析: 8h2k03.abzoones.xyz
失败: 8h2k03.abzoones.xyz
解析: exkkdx600mtwlines008.fnline.me
失败: exkkdx600mtwlines008.fnline.me
解析: ak1851.www.outline.network.fr8678825324247b8176d59f83c30bd94d23d2e3ac5cd4a743bkwqeikvdyufr.cyou
失败: ak1851.www.outline.network.fr8678825324247b8176d59f83c30bd94d23d2e3ac5cd4a743bkwqeikvdyufr.cyou
解析: k-r01.loveroise.com
失败: k-r01.loveroise.com
解析: mza2tu.lizardshop.org
成功: mza2tu.lizardshop.org -> 185.14.160.247
解析: jp2.speed-mitce.top
失败: jp2.speed-mitce.top
解析: sg1.nodegz.top
失败: sg1.nodegz.top
解析: mcix.kyc-crm.ir
失败: mcix.kyc-crm.ir
解析: 4t1r5u01.mcfront.xyz
失败: 4t1r5u01.mcfront.xyz
解析: ddns.kunlunlancloud.com
失败: ddns.kunlunlancloud.com
解析: ausss.pinssr.ml
失败: ausss.pinssr.ml
解析: aws1.yydsdy.top
失败: aws1.yydsdy.top
解析: jp-tk-32.fuckjdieng.uk
失败: jp-tk-32.fuckjdieng.uk
解析: vv.outline-vpn.cloud
失败: vv.outline-vpn.cloud
解析: p1.bxy-fun3.com
失败: p1.bxy-fun3.com
解析: www.anloao.cf
失败: www.anloao.cf
解析: permissions.freetrade.link
失败: permissions.freetrade.link
解析: ak1767.www.outline.network.fr8678825324247b8176d59f83c30bd94d23d2e3ac5cd4a743bkwqeikvdyufr.cyou
失败: ak1767.www.outline.network.fr8678825324247b8176d59f83c30bd94d23d2e3ac5cd4a743bkwqeikvdyufr.cyou
解析: 03.xn--8fr22cd4k1m9c.cn
失败: 03.xn--8fr22cd4k1m9c.cn
解析: alIi.soBaTnEt.iR
成功: alIi.soBaTnEt.iR -> 151.101.3.8
解析: awsjp19-data.amazon-azure.com
失败: awsjp19-data.amazon-azure.com
解析: us-la-39.fnhffffe4.cc
失败: us-la-39.fnhffffe4.cc
解析: apsc52dp7cj6bnhd.anrida715.me
失败: apsc52dp7cj6bnhd.anrida715.me
解析: stonebreak.online
失败: stonebreak.online
解析: awsjp1-data.amazon-azure.com
失败: awsjp1-data.amazon-azure.com
解析: mf01.xmss.vip
失败: mf01.xmss.vip
解析: awssg15-data.amazon-azure.com
失败: awssg15-data.amazon-azure.com
解析: dd6.asalemaraghe.ir
失败: dd6.asalemaraghe.ir
解析: bgroup.node4.s.nodelist-gfwairport1.download
失败: bgroup.node4.s.nodelist-gfwairport1.download
解析: node-d.iepl-relay.02.oni-chan.xyz
失败: node-d.iepl-relay.02.oni-chan.xyz
解析: jp2.535eb521-9fe0-4478-b090-2a5cee4bb04a.191981000.nbvpn.org
失败: jp2.535eb521-9fe0-4478-b090-2a5cee4bb04a.191981000.nbvpn.org
解析: 5m4h0k03.mcfront.xyz
失败: 5m4h0k03.mcfront.xyz
解析: hbcu.xn--dlq110j6ul.cc
失败: hbcu.xn--dlq110j6ul.cc
解析: cz.v212.fun
失败: cz.v212.fun
解析: scloud54.jafiyun.world
失败: scloud54.jafiyun.world
解析: usibm.ptuu.tk
失败: usibm.ptuu.tk
解析: jp-02-tr.yhyun.top
失败: jp-02-tr.yhyun.top
解析: gtm1.ktmwan.com
失败: gtm1.ktmwan.com
解析: ak1757.www.outline.network.fr8678825324247b8176d59f83c30bd94d23d2e3ac5cd4a743bkwqeikvdyufr.cyou
失败: ak1757.www.outline.network.fr8678825324247b8176d59f83c30bd94d23d2e3ac5cd4a743bkwqeikvdyufr.cyou
解析: dl-eu2.steamdownload.top
失败: dl-eu2.steamdownload.top
解析: t03.ssrsub.comr-02.selfupay.com
失败: t03.ssrsub.comr-02.selfupay.com
解析: awssg16-data.amazon-azure.com
失败: awssg16-data.amazon-azure.com
解析: unicomus.mipglxi.cn
失败: unicomus.mipglxi.cn
解析: z13.idcloudhost.de
失败: z13.idcloudhost.de
解析: macro.letitbe.ink
失败: macro.letitbe.ink
解析: ultimate-stack.atomwan.link
失败: ultimate-stack.atomwan.link
解析: 4a2u0a03.mcfront.xyz
失败: 4a2u0a03.mcfront.xyz
解析: cd.rutracker-cn.com
失败: cd.rutracker-cn.com
解析: mx1ccfa.matrix-shop8.ir
失败: mx1ccfa.matrix-shop8.ir
解析: dl-jp2.steamdownload.top
失败: dl-jp2.steamdownload.top
解析: mktw600mline005.kuainiaojs.club
失败: mktw600mline005.kuainiaojs.club
解析: mods.lnmarketplace.net
失败: mods.lnmarketplace.net
解析: vlse.g2ray.com
失败: vlse.g2ray.com
解析: hk18.microsoftjs.top
失败: hk18.microsoftjs.top
解析: ahkt.sulink.one
失败: ahkt.sulink.one
解析: tj-sg02.yiyodns.xyz
失败: tj-sg02.yiyodns.xyz
解析: us.kunlun-ppg.com
失败: us.kunlun-ppg.com
解析: awshk15-data.amazon-azure.com
失败: awshk15-data.amazon-azure.com
解析: ak1839.www.outline.network.fr8678825324247b8176d59f83c30bd94d23d2e3ac5cd4a743bkwqeikvdyufr.cyou
失败: ak1839.www.outline.network.fr8678825324247b8176d59f83c30bd94d23d2e3ac5cd4a743bkwqeikvdyufr.cyou
解析: gzcjyda.donghui.tech
失败: gzcjyda.donghui.tech
解析: ydthree2.yb59.uk
失败: ydthree2.yb59.uk
解析: eagle.hafezdivan.online.
失败: eagle.hafezdivan.online.
解析: jgw4.gaox.ml
失败: jgw4.gaox.ml
解析: ak1701.www.outline.network.fr8678825324247b8176d59f83c30bd94d23d2e3ac5cd4a743bkwqeikvdyufr.cyou
失败: ak1701.www.outline.network.fr8678825324247b8176d59f83c30bd94d23d2e3ac5cd4a743bkwqeikvdyufr.cyou
解析: iri.punezism.top
成功: iri.punezism.top -> 95.38.153.30
解析: dl-sg2.steamdownload.top
失败: dl-sg2.steamdownload.top
解析: ssrsub.o06.trojan.tel
失败: ssrsub.o06.trojan.tel
解析: ydsichuan01.bpzhuanfa.com
失败: ydsichuan01.bpzhuanfa.com
解析: 876.outline-vpn.cloud
失败: 876.outline-vpn.cloud
解析: sa.unlimitedtraffic.top
失败: sa.unlimitedtraffic.top
解析: serv3.alpha2.sbs
失败: serv3.alpha2.sbs
解析: ak1694.www.outline.network.fr8678825324247b8176d59f83c30bd94d23d2e3ac5cd4a743bkwqeikvdyufr.cyou
失败: ak1694.www.outline.network.fr8678825324247b8176d59f83c30bd94d23d2e3ac5cd4a743bkwqeikvdyufr.cyou
解析: cloud.configforvpn.fun
失败: cloud.configforvpn.fun
解析: awshk10-tg-data.amazonwebservicess.com
失败: awshk10-tg-data.amazonwebservicess.com
解析: grit.tak30zanjan.ir
失败: grit.tak30zanjan.ir
解析: sh2.18comic.ml
失败: sh2.18comic.ml
解析: 112.fastea.top
失败: 112.fastea.top
解析: bjcu.xzyunjiasu.icu
失败: bjcu.xzyunjiasu.icu
解析: dd14.mehdit.ir
失败: dd14.mehdit.ir
解析: scloud60.jafiyun.world
失败: scloud60.jafiyun.world
解析: n00003.bzdqsmzngpyyng.sbs
失败: n00003.bzdqsmzngpyyng.sbs
解析: id07tk.ifengsoutu233.tk
失败: id07tk.ifengsoutu233.tk
解析: 1.windscribe.cam
失败: 1.windscribe.cam
解析: v2cross.com.05.v2ce.com
失败: v2cross.com.05.v2ce.com
解析: 1c7s2g02.mcfront.xyz
失败: 1c7s2g02.mcfront.xyz
解析: ss.india.pinssr.ml
失败: ss.india.pinssr.ml
解析: image.gengsang.me
失败: image.gengsang.me
解析: frad.webshecan.cloud
失败: frad.webshecan.cloud
解析: awskr2-data.amazon-azure.com
失败: awskr2-data.amazon-azure.com
解析: svip2.365ip.cloud
失败: svip2.365ip.cloud
解析: ruid-zf.clm10086.xyz
失败: ruid-zf.clm10086.xyz
解析: catnet-unicom.gatknqh.cn
失败: catnet-unicom.gatknqh.cn
解析: awssg20-data.amazon-azure.com
失败: awssg20-data.amazon-azure.com
解析: zhuhai.cfcloud.life
失败: zhuhai.cfcloud.life
解析: sg2.vless.co
失败: sg2.vless.co
解析: cdn.melodyshopone2.ir
失败: cdn.melodyshopone2.ir
解析: fhcarm2.gaox.ml
失败: fhcarm2.gaox.ml
解析: bia-t-o.outline-vpn.cloud
失败: bia-t-o.outline-vpn.cloud
解析: awshk19-data.amazon-azure.com
失败: awshk19-data.amazon-azure.com
解析: gonggao01.niuniucloud.xyz
失败: gonggao01.niuniucloud.xyz
解析: stw6-tg-data.amazonwebservicess.com
失败: stw6-tg-data.amazonwebservicess.com
解析: vveee.mmzhk.website
失败: vveee.mmzhk.website
解析: dl-hk1.efpan.one
失败: dl-hk1.efpan.one
解析: stw4-tg-data.amazonwebservicess.com
失败: stw4-tg-data.amazonwebservicess.com
解析: vluk.g2ray.com
失败: vluk.g2ray.com
解析: monardas.aurorainiceland.com
失败: monardas.aurorainiceland.com
解析: vluk1.g2ray.com
失败: vluk1.g2ray.com
解析: share.softbank.mjj-home.com
失败: share.softbank.mjj-home.com
解析: 4.forlive.live
失败: 4.forlive.live
解析: tk-002-001.xiaoxiaobujidao.xyz
失败: tk-002-001.xiaoxiaobujidao.xyz
解析: sg-lt.aoop.top
失败: sg-lt.aoop.top
解析: sg2ws.hotfun.buzz
失败: sg2ws.hotfun.buzz
解析: edge-earth.themars.top
失败: edge-earth.themars.top
解析: hkzl2.sulink.one
失败: hkzl2.sulink.one
解析: su.balink.buzz
失败: su.balink.buzz
解析: ccy.colacloud.free.hr
失败: ccy.colacloud.free.hr
解析: Channel-VPNCUSTOMIZE.V2ray.motorcycles
失败: Channel-VPNCUSTOMIZE.V2ray.motorcycles
解析: mx.worldwide.my.id
失败: mx.worldwide.my.id
解析: kcdtw2-tg-data.amazon-azure.com
失败: kcdtw2-tg-data.amazon-azure.com
解析: vlca.g2ray.com
失败: vlca.g2ray.com
解析: t03.ssrsub.comserver-02.selfupay.com
失败: t03.ssrsub.comserver-02.selfupay.com
解析: g.hy2.one
失败: g.hy2.one
解析: kr2.520748.xyz
失败: kr2.520748.xyz
解析: kr-s-1.fuckjdieng.uk
失败: kr-s-1.fuckjdieng.uk
解析: tw02.diwaleifast.com
失败: tw02.diwaleifast.com
解析: us1.jjzgy.live
失败: us1.jjzgy.live
解析: VPNCUSTOMIZE.Elmahstyle.ir
失败: VPNCUSTOMIZE.Elmahstyle.ir
解析: awshk1-tg-data.amazonwebservicess.com
失败: awshk1-tg-data.amazonwebservicess.com
解析: r5.safyno.tk
失败: r5.safyno.tk
解析: dl-jp6.steamdownload.top
失败: dl-jp6.steamdownload.top
解析: xg107.npv4.com
失败: xg107.npv4.com
解析: java.ct.arvancode.eu.org
失败: java.ct.arvancode.eu.org
解析: dnshkt.zzcnpro.com
失败: dnshkt.zzcnpro.com
解析: tj-us02.yiyodns.xyz
失败: tj-us02.yiyodns.xyz
解析: xmssmf01.xmss.vip
失败: xmssmf01.xmss.vip
解析: dl-sg4.steamdownload.top
失败: dl-sg4.steamdownload.top
解析: us02.sulink.one
失败: us02.sulink.one
解析: c186608d-6bef-4eb3-ac43-331a3e5333ea.wnbo.top
失败: c186608d-6bef-4eb3-ac43-331a3e5333ea.wnbo.top
解析: frontend.yijianlian.app
失败: frontend.yijianlian.app
解析: awssg1-tg-data.amazonwebservicess.com
失败: awssg1-tg-data.amazonwebservicess.com
解析: yind-zf.clm10086.xyz
失败: yind-zf.clm10086.xyz
解析: all.vipxali.cfd
失败: all.vipxali.cfd
解析: jp.huahua.company
失败: jp.huahua.company
解析: 996de.996cloud.xyz
失败: 996de.996cloud.xyz
解析: 8h2k02.abzoones.xyz
失败: 8h2k02.abzoones.xyz
解析: www.outline.network.ak1887.fr8678825324247b8176d59f83c30bd94d23d2e3ac5cd4a743bkwqeikvdyufr.cyou
失败: www.outline.network.ak1887.fr8678825324247b8176d59f83c30bd94d23d2e3ac5cd4a743bkwqeikvdyufr.cyou
解析: turkycf.configforvpn.fun
失败: turkycf.configforvpn.fun
解析: german.vp22ray.site
失败: german.vp22ray.site
解析: t03.ssrsub.comerver-02.selfupay.com
失败: t03.ssrsub.comerver-02.selfupay.com
解析: awsjp2-data.amazon-azure.com
失败: awsjp2-data.amazon-azure.com
解析: hbcu.lele233.top
失败: hbcu.lele233.top
解析: antipingfree.antimelinet.click
失败: antipingfree.antimelinet.click
解析: jp1.asasone.cyou
失败: jp1.asasone.cyou
解析: scloud15.jafiyun.world
失败: scloud15.jafiyun.world
解析: hmrah.zedmodeon.lat
失败: hmrah.zedmodeon.lat
解析: k-r01.niuniucloud.xyz
失败: k-r01.niuniucloud.xyz
解析: awsjp1-tg-data.amazonwebservicess.com
失败: awsjp1-tg-data.amazonwebservicess.com
解析: de.838501.xyz
失败: de.838501.xyz
解析: mgb-zf.clm10086.xyz
失败: mgb-zf.clm10086.xyz
解析: jp2.mhw7e2.online
失败: jp2.mhw7e2.online
解析: free.hellray-server.fun
失败: free.hellray-server.fun
解析: nlmarzt.dorodorodaram.xyz
成功: nlmarzt.dorodorodaram.xyz -> 185.49.105.236
解析: jgwdb2.gaox.ml
失败: jgwdb2.gaox.ml
解析: ukvip101.qlgq1.pw
失败: ukvip101.qlgq1.pw
解析: stw3-tg-data.amazonwebservicess.com
失败: stw3-tg-data.amazonwebservicess.com
解析: b-t.us.hyperlinkvpn.xyz
失败: b-t.us.hyperlinkvpn.xyz
解析: ydl-zf.clm10086.xyz
失败: ydl-zf.clm10086.xyz
解析: basics.efcloud.cc
失败: basics.efcloud.cc
解析: ssr3.ssrsub.com
失败: ssr3.ssrsub.com
解析: ak1627.fr8678825324247b8176d59f83c30bd94d23d2e3ac5cd4a743bkwqeikvdyufr.cyou
失败: ak1627.fr8678825324247b8176d59f83c30bd94d23d2e3ac5cd4a743bkwqeikvdyufr.cyou
解析: hk11.microsoftjs.top
失败: hk11.microsoftjs.top
解析: ap-northeast-1.openssl3.com
失败: ap-northeast-1.openssl3.com
解析: 996sg.996cloud.xyz
失败: 996sg.996cloud.xyz
解析: ArV2ry.mehpow.IR
失败: ArV2ry.mehpow.IR
解析: 93343878961078676381579883502615.international-ixp.com
成功: 93343878961078676381579883502615.international-ixp.com -> 185.97.119.204
解析: LIGHTNING6..12spedtest.store
失败: LIGHTNING6..12spedtest.store
解析: hk003.hy2.one
失败: hk003.hy2.one
解析: kra-zf.clm10086.xyz
失败: kra-zf.clm10086.xyz
解析: xiby-zf.clm10086.xyz
失败: xiby-zf.clm10086.xyz
解析: yangleduo.cf
失败: yangleduo.cf
解析: mv-tw05.link
失败: mv-tw05.link
解析: hk12.microsoftjs.top
失败: hk12.microsoftjs.top
解析: hy2-1.694463.xyz
失败: hy2-1.694463.xyz
解析: trxn.ballistics.top
失败: trxn.ballistics.top
解析: t03.ssrsub.comhk-server-02.selfupay.com
失败: t03.ssrsub.comhk-server-02.selfupay.com
解析: sg.securevpn.cc
失败: sg.securevpn.cc
解析: abc.websitea.xyz
失败: abc.websitea.xyz
解析: euro.nextloink.com
失败: euro.nextloink.com
解析: hadi.v2rayngz.com
失败: hadi.v2rayngz.com
解析: twgcp.sharecentre.online
失败: twgcp.sharecentre.online
解析: lsb-zf.clm10086.xyz
失败: lsb-zf.clm10086.xyz
解析: cos-ap-beijing.westdatacloud.top
失败: cos-ap-beijing.westdatacloud.top
解析: x.gotout.work
失败: x.gotout.work
解析: mtn-iTV2RAY.ddns.net
失败: mtn-iTV2RAY.ddns.net
解析: vx.ylks.xyz
失败: vx.ylks.xyz
解析: cm.henet.top
失败: cm.henet.top
解析: ASER.digimajaz-social.ir
失败: ASER.digimajaz-social.ir
解析: mr.reiisvezze2.ir
成功: mr.reiisvezze2.ir -> 185.226.119.38
解析: mk002tw600.feijijiasu.club
失败: mk002tw600.feijijiasu.club
解析: blue99shop.ir
失败: blue99shop.ir
解析: ned-server-01.selfupay.com
失败: ned-server-01.selfupay.com
解析: domain2025.dpdns.org
失败: domain2025.dpdns.org
解析: 73hk02.ok365.cyou
失败: 73hk02.ok365.cyou
解析: composed-mustang.treefrog761.one
成功: composed-mustang.treefrog761.one -> 91.195.240.94
解析: scloud42.jafiyun.world
失败: scloud42.jafiyun.world
解析: hk1.trumpmvp.com
失败: hk1.trumpmvp.com
解析: s-g04.loveroise.com
失败: s-g04.loveroise.com
解析: mci.tahermollaei.pw
失败: mci.tahermollaei.pw
解析: xijinping.19890604.day
失败: xijinping.19890604.day
解析: sycu.zf.9hz.xyz
失败: sycu.zf.9hz.xyz
解析: bh.ylks.xyz
失败: bh.ylks.xyz
解析: ak1534.free.www.outline.network
失败: ak1534.free.www.outline.network
解析: ak1811.www.outline.network.fr8678825324247b8176d59f83c30bd94d23d2e3ac5cd4a743bkwqeikvdyufr.cyou
失败: ak1811.www.outline.network.fr8678825324247b8176d59f83c30bd94d23d2e3ac5cd4a743bkwqeikvdyufr.cyou
解析: gzcm.pf.20229393.xyz
失败: gzcm.pf.20229393.xyz
解析: dl-sg3.steamdownload.top
失败: dl-sg3.steamdownload.top
解析: hsadly.huasuan666.top
成功: hsadly.huasuan666.top -> 107.173.37.52
解析: kr1.elknode.top
失败: kr1.elknode.top
解析: jpf-zf.clm10086.xyz
失败: jpf-zf.clm10086.xyz
解析: pop.z.xgp.gfwcaonimanmsl.cf
失败: pop.z.xgp.gfwcaonimanmsl.cf
解析: mww2.rogha.ir
失败: mww2.rogha.ir
解析: onlinec.cc
失败: onlinec.cc
解析: WLF-V-P-N-ID2.dnsfree.one
失败: WLF-V-P-N-ID2.dnsfree.one
解析: relay1.wl-node1.com
失败: relay1.wl-node1.com
解析: nanfei-zf.clm10086.xyz
失败: nanfei-zf.clm10086.xyz
解析: cd529a06-85c5-4662-9157-a0ce584cd324.interface.buzz
失败: cd529a06-85c5-4662-9157-a0ce584cd324.interface.buzz
解析: 18af2b3fcdb049509aa2.synom-beyron.info
失败: 18af2b3fcdb049509aa2.synom-beyron.info
解析: 5m4h0k01.mcfront.xyz
失败: 5m4h0k01.mcfront.xyz
解析: usa-join.outline-vpn.fun
失败: usa-join.outline-vpn.fun
解析: jp06v1.xmsj.red
失败: jp06v1.xmsj.red
解析: 7p3h01.abzoones.xyz
失败: 7p3h01.abzoones.xyz
解析: kke.ylks.link
失败: kke.ylks.link
解析: east.eeeeeef998.buzz
失败: east.eeeeeef998.buzz
解析: shankh.772xx.cn
失败: shankh.772xx.cn
解析: ak1655.www.outline.network.fr8678825324247b8176d59f83c30bd94d23d2e3ac5cd4a743bkwqeikvdyufr.cyou
失败: ak1655.www.outline.network.fr8678825324247b8176d59f83c30bd94d23d2e3ac5cd4a743bkwqeikvdyufr.cyou
解析: vlfr.g2ray.com
失败: vlfr.g2ray.com
解析: outline-sg.ttkcloud.buzz
失败: outline-sg.ttkcloud.buzz
解析: 170-187-134-190.ipv4.rush.ml
失败: 170-187-134-190.ipv4.rush.ml
解析: ak1847.www.outline.network.fr8678825324247b8176d59f83c30bd94d23d2e3ac5cd4a743bkwqeikvdyufr.cyou
失败: ak1847.www.outline.network.fr8678825324247b8176d59f83c30bd94d23d2e3ac5cd4a743bkwqeikvdyufr.cyou
解析: join3.sevenoseven.tech
失败: join3.sevenoseven.tech
解析: z14.idcloudhost.de
失败: z14.idcloudhost.de
解析: best.configforvpn.fun
失败: best.configforvpn.fun
解析: surfboard-nl.cloudlion.online
失败: surfboard-nl.cloudlion.online
解析: ver-02.selfupay.com
失败: ver-02.selfupay.com
解析: wh.fq-number-001.co
失败: wh.fq-number-001.co
解析: fhcamd2.gaox.ml
失败: fhcamd2.gaox.ml
解析: microsoft-jp01.syjd.xyz
失败: microsoft-jp01.syjd.xyz
解析: id03tk.ifengsoutu233.tk
失败: id03tk.ifengsoutu233.tk
解析: bdvasxmahl.injafarvpnwebelieve.gq
失败: bdvasxmahl.injafarvpnwebelieve.gq
解析: ak1517.free.www.outline.network
失败: ak1517.free.www.outline.network
解析: dl-hk1.steamdownload.top
失败: dl-hk1.steamdownload.top
解析: jgwcc3.gaox.ml
失败: jgwcc3.gaox.ml
解析: awshk16-data.amazon-azure.com
失败: awshk16-data.amazon-azure.com
解析: dl-hk4.efpan.one
失败: dl-hk4.efpan.one
解析: awshk2-tg-data.amazonwebservicess.com
失败: awshk2-tg-data.amazonwebservicess.com
解析: s-hk01.aikun.online
失败: s-hk01.aikun.online
解析: xieyi.jddg.me
失败: xieyi.jddg.me
解析: erver-02.selfupay.com
失败: erver-02.selfupay.com
解析: 6hkf1.102ctc.xyz
失败: 6hkf1.102ctc.xyz
解析: hk3.balink.buzz
失败: hk3.balink.buzz
解析: p1.bxy-fun1.com
失败: p1.bxy-fun1.com
解析: jp4.535eb521-9fe0-4478-b090-2a5cee4bb04a.191981000.nbvpn.org
失败: jp4.535eb521-9fe0-4478-b090-2a5cee4bb04a.191981000.nbvpn.org
解析: moblev2-sg.mipglxi.cn
失败: moblev2-sg.mipglxi.cn
解析: dx.xxmd.online
失败: dx.xxmd.online
解析: ora.blowm1k.club
失败: ora.blowm1k.club
解析: piniajp01.abbblog.xyz
失败: piniajp01.abbblog.xyz
解析: mw7.transitkala.com
失败: mw7.transitkala.com
解析: awshk8-tg-data.amazonwebservicess.com
失败: awshk8-tg-data.amazonwebservicess.com
解析: tw2.microsoftjs.top
失败: tw2.microsoftjs.top
解析: mcis-join.outline-vpn.cloud
失败: mcis-join.outline-vpn.cloud
解析: t03.ssrsub.comned-server-01.selfupay.com
失败: t03.ssrsub.comned-server-01.selfupay.com
解析: test.vless.tk
失败: test.vless.tk
解析: web.bbv2ry.pics
失败: web.bbv2ry.pics
解析: niaa.ddns.net
失败: niaa.ddns.net
解析: al.balink.buzz
失败: al.balink.buzz
解析: vluk2.g2ray.com
失败: vluk2.g2ray.com
解析: hhfzjh.ishenlong88.top
失败: hhfzjh.ishenlong88.top
解析: awsus1-tg-data.amazon-azure.com
失败: awsus1-tg-data.amazon-azure.com
解析: tj2.dalazhi.cyou
失败: tj2.dalazhi.cyou
解析: k-r02.niuniucloud.xyz
失败: k-r02.niuniucloud.xyz
解析: hu9l7.890606.xyz
失败: hu9l7.890606.xyz
解析: ssr4.ssrsub.com
失败: ssr4.ssrsub.com
解析: untmkks.twxvdp.xyz
失败: untmkks.twxvdp.xyz
解析: ak1759.www.outline.network.fr8678825324247b8176d59f83c30bd94d23d2e3ac5cd4a743bkwqeikvdyufr.cyou
失败: ak1759.www.outline.network.fr8678825324247b8176d59f83c30bd94d23d2e3ac5cd4a743bkwqeikvdyufr.cyou
解析: hnzz.ikuncloud.com
失败: hnzz.ikuncloud.com
解析: dl-hk3.efyunpan.com
失败: dl-hk3.efyunpan.com
解析: nice-jp03.tiktokcdn.buzz
失败: nice-jp03.tiktokcdn.buzz
解析: 1freehttpcustom-free-httpcustom-free-httpcustom-free-httpcustom.vip-f.top
失败: 1freehttpcustom-free-httpcustom-free-httpcustom-free-httpcustom.vip-f.top
解析: ftp55.basalam.eu
成功: ftp55.basalam.eu -> 151.101.3.8
解析: stw9-tg-data.amazonwebservicess.com
失败: stw9-tg-data.amazonwebservicess.com
解析: us1.balink.buzz
失败: us1.balink.buzz
解析: plus2---join.outline-vpn.cloud
失败: plus2---join.outline-vpn.cloud
解析: cos-ap-guangzhou.westdatacloud.top
失败: cos-ap-guangzhou.westdatacloud.top
解析: free.miladiran1.shop
失败: free.miladiran1.shop
解析: camy3aydjwpettcn.psuddd789.com
失败: camy3aydjwpettcn.psuddd789.com
解析: bhxzb.mmzhk.website
失败: bhxzb.mmzhk.website
解析: proxy.01.onenovnode.org
失败: proxy.01.onenovnode.org
解析: awsjp9-tg-data.amazonwebservicess.com
失败: awsjp9-tg-data.amazonwebservicess.com
解析: 09b80c4b-syiv40-szz8qz-mv7m.cm5.cnkuaishou.com
成功: 09b80c4b-syiv40-szz8qz-mv7m.cm5.cnkuaishou.com -> 183.240.180.16
解析: node-sp-1-v4.soundlesss.com
成功: node-sp-1-v4.soundlesss.com -> 37.143.130.216
解析: tw.softbank.mjj-home.com
失败: tw.softbank.mjj-home.com
解析: awskr1-data.amazon-azure.com
失败: awskr1-data.amazon-azure.com
解析: hn.yuyan.vin
失败: hn.yuyan.vin
解析: four.felinetest.site
失败: four.felinetest.site
解析: 09303582303.ddns.net
失败: 09303582303.ddns.net
解析: 727tw01.ok365.cyou
失败: 727tw01.ok365.cyou
解析: jpe-zf.clm10086.xyz
失败: jpe-zf.clm10086.xyz
解析: jp-tk-31.fuckjdieng.uk
失败: jp-tk-31.fuckjdieng.uk
解析: cf.naixii.top
失败: cf.naixii.top
解析: novinhost.shop
失败: novinhost.shop
解析: kr.520748.xyz
失败: kr.520748.xyz
解析: hkk-zf.clm10086.xyz
失败: hkk-zf.clm10086.xyz
解析: dl-am1.steamdownload.top
失败: dl-am1.steamdownload.top
解析: awsjp10-tg-data.amazonwebservicess.com
失败: awsjp10-tg-data.amazonwebservicess.com
解析: hks.untilmu.com
失败: hks.untilmu.com
解析: uss.kmairplan.one
失败: uss.kmairplan.one
解析: jpaz.ktmurl.club
失败: jpaz.ktmurl.club
解析: jgwld3.gaox.ml
失败: jgwld3.gaox.ml
解析: gy.bzcv.cn
失败: gy.bzcv.cn
解析: ak1830.www.outline.network.fr8678825324247b8176d59f83c30bd94d23d2e3ac5cd4a743bkwqeikvdyufr.cyou
失败: ak1830.www.outline.network.fr8678825324247b8176d59f83c30bd94d23d2e3ac5cd4a743bkwqeikvdyufr.cyou
解析: fn600mlines021.svcline.com
失败: fn600mlines021.svcline.com
解析: moblev2.mipglxi.cn
失败: moblev2.mipglxi.cn
解析: hkd-zf.clm10086.xyz
失败: hkd-zf.clm10086.xyz
解析: ipt.ai-app-list.buzz
失败: ipt.ai-app-list.buzz
解析: 611hk01.fans8.xyz
失败: 611hk01.fans8.xyz
解析: melo-mtn.outline-vpn.cloud
失败: melo-mtn.outline-vpn.cloud
解析: vpnbigbang.ddns.net
失败: vpnbigbang.ddns.net
解析: jgw2.gaox.ml
失败: jgw2.gaox.ml
解析: awsjp18-data.amazon-azure.com
失败: awsjp18-data.amazon-azure.com
解析: all.mdvpnsec.cfd
失败: all.mdvpnsec.cfd
解析: ip2.nofiltering2.sbs
失败: ip2.nofiltering2.sbs
解析: awssg13-tg-data.amazonwebservicess.com
失败: awssg13-tg-data.amazonwebservicess.com
解析: microsoft-hk04.syjd.xyz
失败: microsoft-hk04.syjd.xyz
解析: awssg5-tg-data.amazonwebservicess.com
失败: awssg5-tg-data.amazonwebservicess.com
解析: hhfzhh.ishenlong88.top
失败: hhfzhh.ishenlong88.top
解析: tank.19890604.day
失败: tank.19890604.day
解析: awsus2-data.amazon-azure.com
失败: awsus2-data.amazon-azure.com
解析: jp.ss200m.pinssr.ml
失败: jp.ss200m.pinssr.ml
解析: gy.51vv.top
失败: gy.51vv.top
解析: zyrk.w6w.live
失败: zyrk.w6w.live
解析: sg.421421.xyz
失败: sg.421421.xyz
解析: fi.zytro.su
失败: fi.zytro.su
解析: hk.kaipi.link
成功: hk.kaipi.link -> 103.30.77.111
解析: 9s5g03.abzoones.xyz
失败: 9s5g03.abzoones.xyz
解析: kr2.speed-mitce.top
失败: kr2.speed-mitce.top
解析: fuckxijinping.cf
失败: fuckxijinping.cf
解析: roco.7gozar.net
成功: roco.7gozar.net -> 195.211.47.49
解析: jgwxn3.gaox.ml
失败: jgwxn3.gaox.ml
解析: t5.ssrsub.com
失败: t5.ssrsub.com
解析: hhzljdsg.ishenlong88.top
失败: hhzljdsg.ishenlong88.top
解析: profile.progbyrazyar.ir
失败: profile.progbyrazyar.ir
解析: sky998dmit3.xyz
失败: sky998dmit3.xyz
解析: a1.veryfastnet1.tk
失败: a1.veryfastnet1.tk
解析: ak1354.free.www.outline.network
失败: ak1354.free.www.outline.network
解析: gzdx01.jcnode.top
失败: gzdx01.jcnode.top
解析: awshk18-data.amazon-azure.com
失败: awshk18-data.amazon-azure.com
解析: scloud41.jafiyun.world
失败: scloud41.jafiyun.world
解析: s2.sulink.one
失败: s2.sulink.one
解析: elsxxx.youxuan.wiki
失败: elsxxx.youxuan.wiki
解析: tw01.henet.top
失败: tw01.henet.top
解析: 996in.996cloud.xyz
失败: 996in.996cloud.xyz
解析: hkt2.hy2.one
失败: hkt2.hy2.one
解析: 5a9046ed-syiv40-t35wl0-1r9dt.hy2.gotochinatown.net
成功: 5a9046ed-syiv40-t35wl0-1r9dt.hy2.gotochinatown.net -> 107.167.18.102
解析: pixel.tabriztech.xyz
成功: pixel.tabriztech.xyz -> 185.14.160.21
解析: pish1.testspeedge.ir
失败: pish1.testspeedge.ir
解析: sg1.fighting.win
失败: sg1.fighting.win
解析: shouer4jia24.209966.xyz
失败: shouer4jia24.209966.xyz
解析: jgwcc1.gaox.ml
失败: jgwcc1.gaox.ml
解析: dl-hk4.steamdownload.top
失败: dl-hk4.steamdownload.top
解析: ashburn2.678789.xyz
失败: ashburn2.678789.xyz
解析: v1.arvancode.eu.org
失败: v1.arvancode.eu.org
解析: hw.ylks.xyz
失败: hw.ylks.xyz
解析: mci.moel.cloud
失败: mci.moel.cloud
解析: bgroup.node3.t.nodelist-gfwairport1.download
失败: bgroup.node3.t.nodelist-gfwairport1.download
解析: zf1.windowsupdate1.com
失败: zf1.windowsupdate1.com
解析: scloud47.jafiyun.world
失败: scloud47.jafiyun.world
解析: n1.boutiqueman.shop
失败: n1.boutiqueman.shop
解析: gz1.18comic.ml
失败: gz1.18comic.ml
解析: sg5.speed-mitce.top
失败: sg5.speed-mitce.top
解析: ir15.sogol98.com
成功: ir15.sogol98.com -> 178.239.146.9
解析: ael-zf.clm10086.xyz
失败: ael-zf.clm10086.xyz
解析: usamd.ptuu.gq
失败: usamd.ptuu.gq
解析: awshk20-data.amazon-azure.com
失败: awshk20-data.amazon-azure.com
解析: js.xyzxyz8.xyz
失败: js.xyzxyz8.xyz
解析: t6.ssrsub.com
失败: t6.ssrsub.com
解析: kr.ktmurl.club
失败: kr.ktmurl.club
解析: awshk6-tg-data.amazonwebservicess.com
失败: awshk6-tg-data.amazonwebservicess.com
解析: 996us.996cloud.xyz
失败: 996us.996cloud.xyz
解析: shhproxy.varzesh3-cnd.site
失败: shhproxy.varzesh3-cnd.site
解析: awshk4-tg-data.amazonwebservicess.com
失败: awshk4-tg-data.amazonwebservicess.com
解析: join1.sevenoseven.tech
失败: join1.sevenoseven.tech
解析: awsau1-data.amazon-azure.com
失败: awsau1-data.amazon-azure.com
解析: 048.888553.xyz
失败: 048.888553.xyz
解析: tr.smart-gym.ir
失败: tr.smart-gym.ir
解析: my01.awcloud.top
失败: my01.awcloud.top
解析: sg-aaa-sjf-4555-ass-78xa.jumaonet.com
失败: sg-aaa-sjf-4555-ass-78xa.jumaonet.com
解析: jianpz-zf.clm10086.xyz
失败: jianpz-zf.clm10086.xyz
解析: zhuanfayyds.xn--pssq69d.xyz
失败: zhuanfayyds.xn--pssq69d.xyz
解析: us3.421421.xyz
失败: us3.421421.xyz
解析: k-r03.niuniucloud.xyz
失败: k-r03.niuniucloud.xyz
解析: ukt1.sshocean.net
失败: ukt1.sshocean.net
解析: hk9.microsoftjs.top
失败: hk9.microsoftjs.top
解析: starlink-tw3.2513142.xyz
成功: starlink-tw3.2513142.xyz -> 111.252.136.98
解析: us04.sulink.one
失败: us04.sulink.one
解析: hk19.microsoftjs.top
失败: hk19.microsoftjs.top
解析: aafrtpfxr.twl01i9zjfegelp.5xfsur8v62.gosdk.xyz
失败: aafrtpfxr.twl01i9zjfegelp.5xfsur8v62.gosdk.xyz
解析: sgd-zf.clm10086.xyz
失败: sgd-zf.clm10086.xyz
解析: jp4.speed-mitce.top
失败: jp4.speed-mitce.top
解析: ca1.balink.buzz
失败: ca1.balink.buzz
解析: 6w7j3p02.mcfront.xyz
失败: 6w7j3p02.mcfront.xyz
解析: jgwhdlb2.gaox.ml
失败: jgwhdlb2.gaox.ml
解析: stw7-tg-data.amazonwebservicess.com
失败: stw7-tg-data.amazonwebservicess.com
解析: awsus5-data.amazon-azure.com
失败: awsus5-data.amazon-azure.com
解析: gmegme.tk
失败: gmegme.tk
解析: de.tjvpn.org
失败: de.tjvpn.org
解析: r-02.selfupay.com
失败: r-02.selfupay.com
解析: ak1801.www.outline.network.fr8678825324247b8176d59f83c30bd94d23d2e3ac5cd4a743bkwqeikvdyufr.cyou
失败: ak1801.www.outline.network.fr8678825324247b8176d59f83c30bd94d23d2e3ac5cd4a743bkwqeikvdyufr.cyou
解析: freakconfig59.usecharge.ir
失败: freakconfig59.usecharge.ir
解析: jpg-zf.clm10086.xyz
失败: jpg-zf.clm10086.xyz
解析: bjst-zf.clm10086.xyz
失败: bjst-zf.clm10086.xyz
解析: jscm.lele233.top
失败: jscm.lele233.top
解析: z12.idcloudhost.de
失败: z12.idcloudhost.de
解析: hncu.pf.20229393.xyz
失败: hncu.pf.20229393.xyz
解析: outline-jp.ttkcloud.buzz
失败: outline-jp.ttkcloud.buzz
解析: ak1796.www.outline.network.fr8678825324247b8176d59f83c30bd94d23d2e3ac5cd4a743bkwqeikvdyufr.cyou
失败: ak1796.www.outline.network.fr8678825324247b8176d59f83c30bd94d23d2e3ac5cd4a743bkwqeikvdyufr.cyou
解析: cp-asus.ml
失败: cp-asus.ml
解析: trotro.ml
失败: trotro.ml
解析: awsjp.blowm1k.club
失败: awsjp.blowm1k.club
解析: de.melov2ray.shop
失败: de.melov2ray.shop
解析: Tr.hotspoto.news
成功: Tr.hotspoto.news -> 213.142.133.76
解析: agroup.node3.t.nodelist-gfwairport.download
失败: agroup.node3.t.nodelist-gfwairport.download
解析: kcdtw1-tg-data.amazonwebservicess.com
失败: kcdtw1-tg-data.amazonwebservicess.com
解析: 1024hk02.tfzhc.top
失败: 1024hk02.tfzhc.top
解析: catnet-moble.gatknqh.cn
失败: catnet-moble.gatknqh.cn
解析: hkf-zf.clm10086.xyz
失败: hkf-zf.clm10086.xyz
解析: bx-zf.clm10086.xyz
失败: bx-zf.clm10086.xyz
解析: zzcm10.cacbce.com
失败: zzcm10.cacbce.com
解析: cdnssr.ssrsub.com
失败: cdnssr.ssrsub.com
解析: n00005.bzdqsmzngpyyng.sbs
失败: n00005.bzdqsmzngpyyng.sbs
解析: vpnbigbang01.ddns.net
失败: vpnbigbang01.ddns.net
解析: us05.sulink.one
失败: us05.sulink.one
解析: id02tk.ifengsoutu233.tk
失败: id02tk.ifengsoutu233.tk
解析: sinash02.dghjkjhertyuihgfddfghjasdertyuudfghjaxcvbj.com
失败: sinash02.dghjkjhertyuihgfddfghjasdertyuudfghjaxcvbj.com
解析: uk1.trojanvh.xyz
失败: uk1.trojanvh.xyz
解析: ars2.pingreducer.top
失败: ars2.pingreducer.top
解析: hk5.network-cdn-gw.cc
失败: hk5.network-cdn-gw.cc
解析: gz.cm.izhimajiasu.com
失败: gz.cm.izhimajiasu.com
解析: all.vpncustomize.cam
失败: all.vpncustomize.cam
解析: cn-hk-package.hyperlinkvpn.xyz
失败: cn-hk-package.hyperlinkvpn.xyz
解析: ak1749.www.outline.network.fr8678825324247b8176d59f83c30bd94d23d2e3ac5cd4a743bkwqeikvdyufr.cyou
失败: ak1749.www.outline.network.fr8678825324247b8176d59f83c30bd94d23d2e3ac5cd4a743bkwqeikvdyufr.cyou
解析: ALL-CUSTOMVPNSERVER.IPSTOREIRAN.COM
失败: ALL-CUSTOMVPNSERVER.IPSTOREIRAN.COM
解析: owl.applegrafix.com
失败: owl.applegrafix.com
解析: sgt1.sshocean.net
失败: sgt1.sshocean.net
解析: free.tharuwa.cfd
失败: free.tharuwa.cfd
解析: scloud50.jafiyun.ltd
失败: scloud50.jafiyun.ltd
解析: jp2.fighting.win
失败: jp2.fighting.win
解析: test2.vpremiumservice.shop
失败: test2.vpremiumservice.shop
解析: joinmahdiserver-857.pages.dev
失败: joinmahdiserver-857.pages.dev
解析: fgh9jkr5.890617.xyz
失败: fgh9jkr5.890617.xyz
解析: amir.greenboys.xyz
失败: amir.greenboys.xyz
解析: 924hk02.tfzhc.top
失败: 924hk02.tfzhc.top
解析: Gang.FK4EVER-3.hosting-ip.com
失败: Gang.FK4EVER-3.hosting-ip.com
解析: eu-east-ruo.openssl3.com
失败: eu-east-ruo.openssl3.com
解析: hk6.speed-mitce.top
失败: hk6.speed-mitce.top
解析: ah.zhuanfa.tk
失败: ah.zhuanfa.tk
解析: azhk1-tg-data.amazonwebservicess.com
失败: azhk1-tg-data.amazonwebservicess.com
解析: azsg2-tg-data.amazonwebservicess.com
失败: azsg2-tg-data.amazonwebservicess.com
解析: n00001.bzdqsmzngpyyng.sbs
失败: n00001.bzdqsmzngpyyng.sbs
解析: i.badboys.gq
失败: i.badboys.gq
解析: 3bd9.55dca.e048.f65-fef1f.yfjcs.com
失败: 3bd9.55dca.e048.f65-fef1f.yfjcs.com
解析: hk5.iepl.cooc.icu
失败: hk5.iepl.cooc.icu
解析: CUSTOMIZEV2ray.V2ray.motorcycles
失败: CUSTOMIZEV2ray.V2ray.motorcycles
解析: client.asucaeva.net
失败: client.asucaeva.net
解析: jd5.zahuopu.top
失败: jd5.zahuopu.top
解析: apnep2erpyyj4ef86.anrida715.me
失败: apnep2erpyyj4ef86.anrida715.me
解析: ssrsub.t06.trojan.tel
失败: ssrsub.t06.trojan.tel
解析: i5.arsalanv3.sbs
失败: i5.arsalanv3.sbs
解析: trqb-zf.clm10086.xyz
失败: trqb-zf.clm10086.xyz
解析: zoomgov.com.vless-cf.mioch.online
失败: zoomgov.com.vless-cf.mioch.online
解析: UK.IPCLOUD.SHOP
失败: UK.IPCLOUD.SHOP
解析: ca01.hy-2.sbs
失败: ca01.hy-2.sbs
解析: hg5.leifengkeji.live
失败: hg5.leifengkeji.live
解析: lv2.ttkcloud.xyz
失败: lv2.ttkcloud.xyz
解析: 1.mg.us.cat77.cloud
失败: 1.mg.us.cat77.cloud
解析: nmcm.lele233.top
失败: nmcm.lele233.top
解析: hk-server-02.selfupay.com
失败: hk-server-02.selfupay.com
解析: am.rainplay.cn
失败: am.rainplay.cn
解析: surfboard-de.jingfan.cyou
失败: surfboard-de.jingfan.cyou
解析: kr6.speed-mitce.top
失败: kr6.speed-mitce.top
解析: piniaus01.abbblog.xyz
失败: piniaus01.abbblog.xyz
解析: aws-hk03.aikun.online
失败: aws-hk03.aikun.online
解析: 1j8p03.abzoones.xyz
失败: 1j8p03.abzoones.xyz
解析: piniasg01.abbblog.xyz
失败: piniasg01.abbblog.xyz
解析: sg03v6.sulink.one
失败: sg03v6.sulink.one
解析: hk10.microsoftjs.top
失败: hk10.microsoftjs.top
解析: hkg-zf.clm10086.xyz
失败: hkg-zf.clm10086.xyz
解析: dow.spslean.pw
成功: dow.spslean.pw -> 193.151.137.175
解析: zl-zf.clm10086.xyz
失败: zl-zf.clm10086.xyz
解析: ak1641.www.outline.network.fr8678825324247b8176d59f83c30bd94d23d2e3ac5cd4a743bkwqeikvdyufr.cyou
失败: ak1641.www.outline.network.fr8678825324247b8176d59f83c30bd94d23d2e3ac5cd4a743bkwqeikvdyufr.cyou
解析: v3-hk.aliyun-obsd.xyz
失败: v3-hk.aliyun-obsd.xyz
解析: mtn0.fedi.pw
失败: mtn0.fedi.pw
解析: hkmf1.speedcncnforward2.tk
失败: hkmf1.speedcncnforward2.tk
解析: dl-hk3.steamdownload.top
失败: dl-hk3.steamdownload.top
解析: awsau2-data.amazon-azure.com
失败: awsau2-data.amazon-azure.com
解析: t8.ssrsub.com
失败: t8.ssrsub.com
解析: de01.awcloud.top
失败: de01.awcloud.top
解析: hkmax01.170203.xyz
失败: hkmax01.170203.xyz
解析: 805hk.ok365.cyou
失败: 805hk.ok365.cyou
解析: eqzlq.mmzhk.website
失败: eqzlq.mmzhk.website
解析: Tabriz-Website.thorav.ir
失败: Tabriz-Website.thorav.ir
解析: us01.shenzhouplus.cf
失败: us01.shenzhouplus.cf
解析: scloudtw2-tg-data.amazonwebservicess.com
失败: scloudtw2-tg-data.amazonwebservicess.com
解析: jp.421421.xyz
失败: jp.421421.xyz
解析: KOSeMADAR-PUBLISHER.ddns.net
失败: KOSeMADAR-PUBLISHER.ddns.net
解析: srv2.shodam.tech
失败: srv2.shodam.tech
解析: gxct.lele233.top
失败: gxct.lele233.top
解析: de.talaniom.com
失败: de.talaniom.com
解析: fi2.iranbax.cfd
失败: fi2.iranbax.cfd
解析: ahgdjs.digitalcity7.com
失败: ahgdjs.digitalcity7.com
解析: re.freedrping.store
失败: re.freedrping.store
解析: dl-hk3.efpan.one
失败: dl-hk3.efpan.one
解析: dl-hk6.steamdownload.top
失败: dl-hk6.steamdownload.top
解析: svip.365ip.cloud
失败: svip.365ip.cloud
解析: ipV2Ray-mci.ddns.net
失败: ipV2Ray-mci.ddns.net
解析: dudu02.ddnsguru.com
失败: dudu02.ddnsguru.com
解析: us.hw-dns.com
失败: us.hw-dns.com
解析: sinagz.dghjkjhertyuihgfddfghjasdertyuudfghjaxcvbj.com
失败: sinagz.dghjkjhertyuihgfddfghjasdertyuudfghjaxcvbj.com
解析: global-jp-1.node-ddns.netlib.net
失败: global-jp-1.node-ddns.netlib.net
解析: Canada.pelosi.ml
失败: Canada.pelosi.ml
解析: pub2.legendaryking.link
失败: pub2.legendaryking.link
解析: nc.cm.xiaomi-api.xyz
成功: nc.cm.xiaomi-api.xyz -> 120.241.29.152
解析: kr3.speed-mitce.top
失败: kr3.speed-mitce.top
解析: pro-hk1-6.nigirocloud.com
失败: pro-hk1-6.nigirocloud.com
解析: awssg12-tg-data.amazonwebservicess.com
失败: awssg12-tg-data.amazonwebservicess.com
解析: us5.speed-mitce.top
失败: us5.speed-mitce.top
解析: hk1.microsoftjs.top
失败: hk1.microsoftjs.top
解析: 626sg05.ok365.cyou
失败: 626sg05.ok365.cyou
解析: tacotasty.tk
失败: tacotasty.tk
解析: youtube-bai-piao-wang-zhe.gb.884899.cf
失败: youtube-bai-piao-wang-zhe.gb.884899.cf
解析: ir.Pitsvn.ir
失败: ir.Pitsvn.ir
解析: awshk9-tg-data.amazonwebservicess.com
失败: awshk9-tg-data.amazonwebservicess.com
解析: ak1812.www.outline.network.fr8678825324247b8176d59f83c30bd94d23d2e3ac5cd4a743bkwqeikvdyufr.cyou
失败: ak1812.www.outline.network.fr8678825324247b8176d59f83c30bd94d23d2e3ac5cd4a743bkwqeikvdyufr.cyou
解析: a.gfw.services
失败: a.gfw.services
解析: vlfr2.g2ray.com
失败: vlfr2.g2ray.com
解析: 1.hg.kr.cat77.cloud
失败: 1.hg.kr.cat77.cloud
解析: ak1632.fr8678825324247b8176d59f83c30bd94d23d2e3ac5cd4a743bkwqeikvdyufr.cyou
失败: ak1632.fr8678825324247b8176d59f83c30bd94d23d2e3ac5cd4a743bkwqeikvdyufr.cyou
解析: 00178641680d4f73a85ff60e4cd27628sa.jkcloud.xyz
失败: 00178641680d4f73a85ff60e4cd27628sa.jkcloud.xyz
解析: 43-154-228-196.ipv4.rush.ml
失败: 43-154-228-196.ipv4.rush.ml
解析: 625us.ok365.cyou
失败: 625us.ok365.cyou
解析: jgwcc2.gaox.ml
失败: jgwcc2.gaox.ml
解析: juzisg.zdzdzd.xyz
失败: juzisg.zdzdzd.xyz
解析: us4.speed-mitce.top
失败: us4.speed-mitce.top
解析: www.outline.network.ak1908.fr8678825324247b8176d59f83c30bd94d23d2e3ac5cd4a743bkwqeikvdyufr.cyou
失败: www.outline.network.ak1908.fr8678825324247b8176d59f83c30bd94d23d2e3ac5cd4a743bkwqeikvdyufr.cyou
解析: usa8.wujie8.xyz
失败: usa8.wujie8.xyz
解析: medw-zf.clm10086.xyz
失败: medw-zf.clm10086.xyz
解析: us4.elknode.top
失败: us4.elknode.top
解析: sa.steamdownload.top
失败: sa.steamdownload.top
解析: dl-us2.steamdownload.top
失败: dl-us2.steamdownload.top
解析: ak1846.www.outline.network.fr8678825324247b8176d59f83c30bd94d23d2e3ac5cd4a743bkwqeikvdyufr.cyou
失败: ak1846.www.outline.network.fr8678825324247b8176d59f83c30bd94d23d2e3ac5cd4a743bkwqeikvdyufr.cyou
解析: food3.hamrahconfig.com
失败: food3.hamrahconfig.com
解析: www.outline.network.ak1966.fr8678825324247b8176d59f83c30bd94d23d2e3ac5cd4a743bkwqeikvdyufr.cyou
失败: www.outline.network.ak1966.fr8678825324247b8176d59f83c30bd94d23d2e3ac5cd4a743bkwqeikvdyufr.cyou
解析: de.ailicf.us.kg
失败: de.ailicf.us.kg
解析: cnamemt.ciscocdn2.live
失败: cnamemt.ciscocdn2.live
解析: ak1643.www.outline.network.fr8678825324247b8176d59f83c30bd94d23d2e3ac5cd4a743bkwqeikvdyufr.cyou
失败: ak1643.www.outline.network.fr8678825324247b8176d59f83c30bd94d23d2e3ac5cd4a743bkwqeikvdyufr.cyou
解析: microsoft-hk05.syjd.xyz
失败: microsoft-hk05.syjd.xyz
解析: uk.ukrageshark.shop
失败: uk.ukrageshark.shop
解析: tw02.sulian.life
失败: tw02.sulian.life
解析: bgroup.node1.t.nodelist-gfwairport1.download
失败: bgroup.node1.t.nodelist-gfwairport1.download
解析: ak1663.www.outline.network.fr8678825324247b8176d59f83c30bd94d23d2e3ac5cd4a743bkwqeikvdyufr.cyou
失败: ak1663.www.outline.network.fr8678825324247b8176d59f83c30bd94d23d2e3ac5cd4a743bkwqeikvdyufr.cyou
解析: clientss.asucaeva.net
失败: clientss.asucaeva.net
解析: h-k02.niuniucloud.xyz
失败: h-k02.niuniucloud.xyz
解析: j-p04.loveroise.com
失败: j-p04.loveroise.com
解析: sg-c.interone.my.id
失败: sg-c.interone.my.id
解析: 7i4n01.abzoones.xyz
失败: 7i4n01.abzoones.xyz
解析: VPNBIGBANG11.ddns.net
失败: VPNBIGBANG11.ddns.net
解析: dhdsjcdkk1.suyun.live
失败: dhdsjcdkk1.suyun.live
解析: piniahk01.abbblog.xyz
失败: piniahk01.abbblog.xyz
解析: scloud53.jafiyun.world
失败: scloud53.jafiyun.world
解析: tw2.asasone.cyou
失败: tw2.asasone.cyou
解析: fn600mliness016.svcline.com
失败: fn600mliness016.svcline.com
解析: 9t1d5e01.mcfront.xyz
失败: 9t1d5e01.mcfront.xyz
解析: tjsedht.cfprefer1.xyz
失败: tjsedht.cfprefer1.xyz
解析: usa-server-02.selfupay.com
失败: usa-server-02.selfupay.com
解析: ak1473.free.www.outline.network
失败: ak1473.free.www.outline.network
解析: sanjose2.678789.xyz
失败: sanjose2.678789.xyz
解析: ak1793.www.outline.network.fr8678825324247b8176d59f83c30bd94d23d2e3ac5cd4a743bkwqeikvdyufr.cyou
失败: ak1793.www.outline.network.fr8678825324247b8176d59f83c30bd94d23d2e3ac5cd4a743bkwqeikvdyufr.cyou
解析: hhzljdus.ishenlong88.top
失败: hhzljdus.ishenlong88.top
解析: ly.ylks.xyz
失败: ly.ylks.xyz
解析: ak1501.free.www.outline.network
失败: ak1501.free.www.outline.network
解析: hk01.shenzhouplus.cf
失败: hk01.shenzhouplus.cf
解析: awshk1-data.amazon-azure.com
失败: awshk1-data.amazon-azure.com
解析: bpb-xiaoer886.pages.dev
失败: bpb-xiaoer886.pages.dev
解析: ak1783.www.outline.network.fr8678825324247b8176d59f83c30bd94d23d2e3ac5cd4a743bkwqeikvdyufr.cyou
失败: ak1783.www.outline.network.fr8678825324247b8176d59f83c30bd94d23d2e3ac5cd4a743bkwqeikvdyufr.cyou
解析: jp.binguo.link
失败: jp.binguo.link
解析: hzcm.zf.9hz.xyz
失败: hzcm.zf.9hz.xyz
解析: hk02.awcloud.top
失败: hk02.awcloud.top
解析: ak1713.www.outline.network.fr8678825324247b8176d59f83c30bd94d23d2e3ac5cd4a743bkwqeikvdyufr.cyou
失败: ak1713.www.outline.network.fr8678825324247b8176d59f83c30bd94d23d2e3ac5cd4a743bkwqeikvdyufr.cyou
解析: trojan-ctb-sg01.globalssh.xyz
失败: trojan-ctb-sg01.globalssh.xyz
解析: vlgr2.g2ray.com
失败: vlgr2.g2ray.com
解析: fnhk1000snews008.svcline.com
失败: fnhk1000snews008.svcline.com
解析: germany.khoreshtsabzi.ir
失败: germany.khoreshtsabzi.ir
解析: u-s01.niuniucloud.xyz
失败: u-s01.niuniucloud.xyz
解析: agroup.node3.t.nodelist-gfwairport1.download
失败: agroup.node3.t.nodelist-gfwairport1.download
解析: xckr.cokecloud.top
失败: xckr.cokecloud.top
解析: heuil.mmzhk.website
失败: heuil.mmzhk.website
解析: sg.hktkcloud.cloud
失败: sg.hktkcloud.cloud
解析: www.outline.network.ak1910.fr8678825324247b8176d59f83c30bd94d23d2e3ac5cd4a743bkwqeikvdyufr.cyou
失败: www.outline.network.ak1910.fr8678825324247b8176d59f83c30bd94d23d2e3ac5cd4a743bkwqeikvdyufr.cyou
解析: h-k01.loveroise.com
失败: h-k01.loveroise.com
解析: kr.sl.pelosi.ml
失败: kr.sl.pelosi.ml
解析: amini1.ddns.net
失败: amini1.ddns.net
解析: shay.v2rayngz.com
失败: shay.v2rayngz.com
解析: sje.5216818.xyz
失败: sje.5216818.xyz
解析: hk7.microsoftjs.top
失败: hk7.microsoftjs.top
解析: ssrsub.o05.trojan.tel
失败: ssrsub.o05.trojan.tel
解析: goreng.cepu.us.kg
失败: goreng.cepu.us.kg
解析: trojanjp.hktkcloud.cloud
失败: trojanjp.hktkcloud.cloud
解析: jgwhdlb1.gaox.ml
失败: jgwhdlb1.gaox.ml
解析: els-zf.clm10086.xyz
失败: els-zf.clm10086.xyz
解析: 04.123445566.xyz
失败: 04.123445566.xyz
解析: g3.hy2.one
失败: g3.hy2.one
解析: hnt.cndns.shop
失败: hnt.cndns.shop
解析: yuena-zf.clm10086.xyz
失败: yuena-zf.clm10086.xyz
解析: cat1.sshocean.net
失败: cat1.sshocean.net
解析: sgb.mdfg.tk
失败: sgb.mdfg.tk
解析: microsoft-si03.syjd.xyz
失败: microsoft-si03.syjd.xyz
解析: dev4-vip.digitalldns.com
失败: dev4-vip.digitalldns.com
解析: hx.ylks.xyz
失败: hx.ylks.xyz
解析: us2.555199.xyz
失败: us2.555199.xyz
解析: shanghaidx.onenovnode.org
失败: shanghaidx.onenovnode.org
解析: us1.speed-mitce.top
失败: us1.speed-mitce.top
解析: twb-zf.clm10086.xyz
失败: twb-zf.clm10086.xyz
解析: agt-zf.clm10086.xyz
失败: agt-zf.clm10086.xyz
解析: surfboard-lu.cloudlion.online
失败: surfboard-lu.cloudlion.online
解析: ynb.441122.xyz
失败: ynb.441122.xyz
解析: usfree2.jiantian.xyz
失败: usfree2.jiantian.xyz
解析: piniatw01.abbblog.xyz
失败: piniatw01.abbblog.xyz
解析: Arx.fast.hosting-ip.com
成功: Arx.fast.hosting-ip.com -> 151.101.3.8
解析: gmegme.gq
失败: gmegme.gq
解析: outline-us.ttkcloud.buzz
失败: outline-us.ttkcloud.buzz
解析: cdn1.cachexy.cf
失败: cdn1.cachexy.cf
解析: 8l2k1r01.mcfront.xyz
失败: 8l2k1r01.mcfront.xyz
解析: hk3.microsoftjs.top
失败: hk3.microsoftjs.top
解析: awsjp16-data.amazon-azure.com
失败: awsjp16-data.amazon-azure.com
解析: blackpool-dashbord-fast-provider-net.varzesh313.ir
失败: blackpool-dashbord-fast-provider-net.varzesh313.ir
解析: German.vp22ray.site
失败: German.vp22ray.site
解析: us02.421421.xyz
失败: us02.421421.xyz
解析: j-p02.niuniucloud.xyz
失败: j-p02.niuniucloud.xyz
解析: hkb-zf.clm10086.xyz
失败: hkb-zf.clm10086.xyz
解析: nice-us01.tiktokcdn.buzz
失败: nice-us01.tiktokcdn.buzz
解析: us-a.interone.my.id
失败: us-a.interone.my.id
解析: nld.zerocafe.win
失败: nld.zerocafe.win
解析: hz.hkix.jimaoyun.top
失败: hz.hkix.jimaoyun.top
解析: sgb-zf.clm10086.xyz
失败: sgb-zf.clm10086.xyz
解析: tr-a-cmi.yearone.cyou
失败: tr-a-cmi.yearone.cyou
解析: jp.blowm1k.club
失败: jp.blowm1k.club
解析: dl-hk5.steamdownload.top
失败: dl-hk5.steamdownload.top
解析: antipingfree.melin.shop
失败: antipingfree.melin.shop
解析: hgmf.speedcncnforward2.tk
失败: hgmf.speedcncnforward2.tk
解析: awshk3-data.amazon-azure.com
失败: awshk3-data.amazon-azure.com
解析: hkh-zf.clm10086.xyz
失败: hkh-zf.clm10086.xyz
解析: scloud16.jafiyun.world
失败: scloud16.jafiyun.world
解析: surfboard-fr.cloudlion.online
成功: surfboard-fr.cloudlion.online -> 35.181.166.28
解析: join-bede-achavpn.claudify.org
失败: join-bede-achavpn.claudify.org
解析: Shiraz-Website.acveo.ir
失败: Shiraz-Website.acveo.ir
解析: jp03.fasttudou.top
失败: jp03.fasttudou.top
解析: awsjp7-tg-data.amazonwebservicess.com
失败: awsjp7-tg-data.amazonwebservicess.com
解析: Uk.Javabgo.Com
成功: Uk.Javabgo.Com -> 173.234.79.83
解析: Join.ShhProxy.Site
失败: Join.ShhProxy.Site
解析: west.vless.tk
失败: west.vless.tk
解析: id-1.vless.co
失败: id-1.vless.co
解析: bia.zedmodeon.lat
失败: bia.zedmodeon.lat
解析: gghkt2v6.jueduibupao.top
失败: gghkt2v6.jueduibupao.top
解析: tr-c-cmi.yearone.cyou
失败: tr-c-cmi.yearone.cyou
解析: svvip101.qlgq1.pw
失败: svvip101.qlgq1.pw
解析: global-sg-1.node-ddns.netlib.net
失败: global-sg-1.node-ddns.netlib.net
解析: pro.sulink.one
失败: pro.sulink.one
解析: awshk17-data.amazon-azure.com
失败: awshk17-data.amazon-azure.com
解析: hk5.jstcx.com
失败: hk5.jstcx.com
解析: awshk1-zj.amazon-azure.com
失败: awshk1-zj.amazon-azure.com
解析: narcod-ping.numallaf.shop
失败: narcod-ping.numallaf.shop
解析: 996ca.996cloud.xyz
失败: 996ca.996cloud.xyz
解析: 2d1t5w03.mcfront.xyz
失败: 2d1t5w03.mcfront.xyz
解析: twa-zf.clm10086.xyz
失败: twa-zf.clm10086.xyz
解析: gsgs.hy2.one
失败: gsgs.hy2.one
解析: 1002hk1326.tfzhc.top
失败: 1002hk1326.tfzhc.top
解析: kr5.speed-mitce.top
失败: kr5.speed-mitce.top
解析: sph30a.superstrings.top
失败: sph30a.superstrings.top
解析: trqa-zf.clm10086.xyz
失败: trqa-zf.clm10086.xyz
解析: lt.plggogo.xyz
失败: lt.plggogo.xyz
解析: relay-hk-az.fib-sys.cyou
失败: relay-hk-az.fib-sys.cyou
解析: cf.rutracker-cn.com
失败: cf.rutracker-cn.com
解析: ss1.ctsubvpn.ggff.net
失败: ss1.ctsubvpn.ggff.net
解析: arlbxldpb5a6rbck.anrida715.me
失败: arlbxldpb5a6rbck.anrida715.me
解析: hncm.pf.20229393.xyz
失败: hncm.pf.20229393.xyz
解析: kr1.speed-mitce.top
失败: kr1.speed-mitce.top
解析: wj-jp-02.wujie.bio
失败: wj-jp-02.wujie.bio
解析: ygvbhutfcdcfcv.beingpopular.sbs
失败: ygvbhutfcdcfcv.beingpopular.sbs
解析: jujp.zdzdzd.xyz
失败: jujp.zdzdzd.xyz
解析: cqbpa.mmzhk.website
失败: cqbpa.mmzhk.website
解析: sgp-2.fuckjdieng.uk
失败: sgp-2.fuckjdieng.uk
解析: rver-01.selfupay.com
失败: rver-01.selfupay.com
解析: p-server-02.selfupay.com
失败: p-server-02.selfupay.com
解析: ak1661.www.outline.network.fr8678825324247b8176d59f83c30bd94d23d2e3ac5cd4a743bkwqeikvdyufr.cyou
失败: ak1661.www.outline.network.fr8678825324247b8176d59f83c30bd94d23d2e3ac5cd4a743bkwqeikvdyufr.cyou
解析: cnuakpj.772xx.cn
失败: cnuakpj.772xx.cn
解析: sgp-3.fuckjdieng.uk
失败: sgp-3.fuckjdieng.uk
解析: jgwdj4.gaox.ml
失败: jgwdj4.gaox.ml
解析: zzcm09.zzcnpro.com
失败: zzcm09.zzcnpro.com
解析: trojan.wefuckgfw.gq
失败: trojan.wefuckgfw.gq
解析: rus.pelosi.ml
失败: rus.pelosi.ml
解析: h745768.waihuizhibiaowang.com
失败: h745768.waihuizhibiaowang.com
解析: gy.666666222.shop
失败: gy.666666222.shop
解析: pwa.persiankid.ir
失败: pwa.persiankid.ir
解析: ak1438.free.www.outline.network
失败: ak1438.free.www.outline.network
解析: t3.ssrsub.com
失败: t3.ssrsub.com
解析: ak1840.www.outline.network.fr8678825324247b8176d59f83c30bd94d23d2e3ac5cd4a743bkwqeikvdyufr.cyou
失败: ak1840.www.outline.network.fr8678825324247b8176d59f83c30bd94d23d2e3ac5cd4a743bkwqeikvdyufr.cyou
解析: freakconfig58.usecharge.ir
失败: freakconfig58.usecharge.ir
解析: j-p04.niuniucloud.xyz
失败: j-p04.niuniucloud.xyz
解析: ce.rutracker-cn.com
失败: ce.rutracker-cn.com
解析: us.strand21.xyz
失败: us.strand21.xyz
解析: t-wn04.loveroise.com
失败: t-wn04.loveroise.com
解析: sge-zf.clm10086.xyz
失败: sge-zf.clm10086.xyz
解析: stw8-tg-data.amazonwebservicess.com
失败: stw8-tg-data.amazonwebservicess.com
解析: fn600mlines024.svcline.com
失败: fn600mlines024.svcline.com
解析: nv73.momdping.com
成功: nv73.momdping.com -> 185.143.235.201
解析: awsjp11-data.amazon-azure.com
失败: awsjp11-data.amazon-azure.com
解析: arm.ptuu.gq
失败: arm.ptuu.gq
解析: ak1468.free.www.outline.network
失败: ak1468.free.www.outline.network
解析: sp01.sulink.one
失败: sp01.sulink.one
解析: 3d1c4a01.mcfront.xyz
失败: 3d1c4a01.mcfront.xyz
解析: t.nargil00.site
成功: t.nargil00.site -> 85.133.250.30
解析: gdcm.lele233.top
失败: gdcm.lele233.top
解析: sg4.elknode.top
失败: sg4.elknode.top
解析: 2233Cloud
失败: 2233Cloud
解析: tj-us01.yiyodns.xyz
失败: tj-us01.yiyodns.xyz
解析: sgvip101.qlgq1.pw
失败: sgvip101.qlgq1.pw
解析: delivery.flareai.site
失败: delivery.flareai.site
解析: p1.bxy-fun2.com
失败: p1.bxy-fun2.com
解析: trojan.wefuckgfw.ga
失败: trojan.wefuckgfw.ga
解析: nwarne.fast.hosting-ip.com
成功: nwarne.fast.hosting-ip.com -> 151.101.3.8
解析: j-p02.loveroise.com
失败: j-p02.loveroise.com
解析: dj1.yiyiyun.top
失败: dj1.yiyiyun.top
解析: antipingchannel.antiping.click
失败: antipingchannel.antiping.click
解析: awsin2-data.amazon-azure.com
失败: awsin2-data.amazon-azure.com
解析: dl-am2.steamdownload.top
失败: dl-am2.steamdownload.top
解析: se5.reata.ir
成功: se5.reata.ir -> 94.101.177.33
解析: cnamemk.ciscocdn1.live
失败: cnamemk.ciscocdn1.live
解析: ytqavxg.civxkk.lol
失败: ytqavxg.civxkk.lol
解析: azhj001.xibai6.top
失败: azhj001.xibai6.top
解析: awssg3-data.amazon-azure.com
失败: awssg3-data.amazon-azure.com
解析: ak1772.www.outline.network.fr8678825324247b8176d59f83c30bd94d23d2e3ac5cd4a743bkwqeikvdyufr.cyou
失败: ak1772.www.outline.network.fr8678825324247b8176d59f83c30bd94d23d2e3ac5cd4a743bkwqeikvdyufr.cyou
解析: agroup.node2.t.nodelist-gfwairport1.download
失败: agroup.node2.t.nodelist-gfwairport1.download
解析: us.disnet.gq
失败: us.disnet.gq
解析: fkvip101.qlgq1.pw
失败: fkvip101.qlgq1.pw
解析: core1.efpan.one
失败: core1.efpan.one
解析: onejp.888553.xyz
失败: onejp.888553.xyz
解析: download2tw.windowsupdate1.com
失败: download2tw.windowsupdate1.com
解析: xibaozi.19890604.day
失败: xibaozi.19890604.day
解析: hka-zf.clm10086.xyz
失败: hka-zf.clm10086.xyz
解析: awsjp6-data.amazon-azure.com
失败: awsjp6-data.amazon-azure.com
解析: azgy001.xiba1.xyz
失败: azgy001.xiba1.xyz
解析: bgroup.node4.t.nodelist-gfwairport1.download
失败: bgroup.node4.t.nodelist-gfwairport1.download
解析: id06tk.ifengsoutu233.tk
失败: id06tk.ifengsoutu233.tk
解析: 1024sg99.tfzhc.top
失败: 1024sg99.tfzhc.top
解析: dx.ktmwan.top
失败: dx.ktmwan.top
解析: agroup.node5.t.nodelist-gfwairport1.download
失败: agroup.node5.t.nodelist-gfwairport1.download
解析: Shiraz-Website.thorav.ir
失败: Shiraz-Website.thorav.ir
解析: awsjp17-data.amazon-azure.com
失败: awsjp17-data.amazon-azure.com
解析: deguo-zf.clm10086.xyz
失败: deguo-zf.clm10086.xyz
解析: sg6.hy2.one
失败: sg6.hy2.one
解析: gcmovies.site
失败: gcmovies.site
解析: cn1.iepl.starlink.st
失败: cn1.iepl.starlink.st
解析: ir.lightning2025.top
成功: ir.lightning2025.top -> 94.139.183.195
解析: xmssmf03.xmss.vip
失败: xmssmf03.xmss.vip
解析: www.cjf0423.cf
失败: www.cjf0423.cf
解析: jp1.microsoftjs.top
失败: jp1.microsoftjs.top
解析: www.outline.network.ak1909.fr8678825324247b8176d59f83c30bd94d23d2e3ac5cd4a743bkwqeikvdyufr.cyou
失败: www.outline.network.ak1909.fr8678825324247b8176d59f83c30bd94d23d2e3ac5cd4a743bkwqeikvdyufr.cyou
解析: scloud44.jafiyun.ltd
失败: scloud44.jafiyun.ltd
解析: chinahr.cf
失败: chinahr.cf
解析: awsus3-data.amazon-azure.com
失败: awsus3-data.amazon-azure.com
解析: hhzljdjp.ishenlong88.top
失败: hhzljdjp.ishenlong88.top
解析: 1804.19.56.61
失败: 1804.19.56.61
解析: dl-eu1.efpan.one
失败: dl-eu1.efpan.one
解析: 1j8p02.abzoones.xyz
失败: 1j8p02.abzoones.xyz
解析: vlbe.g2ray.com
失败: vlbe.g2ray.com
解析: scloud45.jafiyun.world
失败: scloud45.jafiyun.world
解析: hkc-zf.clm10086.xyz
失败: hkc-zf.clm10086.xyz
解析: 1c7s2g01.mcfront.xyz
失败: 1c7s2g01.mcfront.xyz
解析: t03.ssrsub.comk-server-02.selfupay.com
失败: t03.ssrsub.comk-server-02.selfupay.com
解析: amirhgermany.norozhost.com
成功: amirhgermany.norozhost.com -> 138.68.96.231
解析: www.outline.network.ak1954.fr8678825324247b8176d59f83c30bd94d23d2e3ac5cd4a743bkwqeikvdyufr.cyou
失败: www.outline.network.ak1954.fr8678825324247b8176d59f83c30bd94d23d2e3ac5cd4a743bkwqeikvdyufr.cyou
解析: tw.xibai6.top
失败: tw.xibai6.top
解析: 1j8p01.abzoones.xyz
失败: 1j8p01.abzoones.xyz
解析: jgwdj1.gaox.ml
失败: jgwdj1.gaox.ml
解析: vpnbigbang12.ddns.net
失败: vpnbigbang12.ddns.net
解析: aws.untilmu.com
失败: aws.untilmu.com
解析: phxv001.jd0001.top
失败: phxv001.jd0001.top
解析: gzyd.jcnode.top
失败: gzyd.jcnode.top
解析: t03.ssrsub.comjp-server-02.selfupay.com
失败: t03.ssrsub.comjp-server-02.selfupay.com
解析: cos-ap-beijing.westdatacloud.xyz
失败: cos-ap-beijing.westdatacloud.xyz
解析: trhl.ballistics.top
失败: trhl.ballistics.top
解析: mtnx.kyc-crm.ir
失败: mtnx.kyc-crm.ir
解析: id10tk.ifengsoutu233.tk
失败: id10tk.ifengsoutu233.tk
解析: 6q3i1n01.mcfront.xyz
失败: 6q3i1n01.mcfront.xyz
解析: ak1835.www.outline.network.fr8678825324247b8176d59f83c30bd94d23d2e3ac5cd4a743bkwqeikvdyufr.cyou
失败: ak1835.www.outline.network.fr8678825324247b8176d59f83c30bd94d23d2e3ac5cd4a743bkwqeikvdyufr.cyou
解析: h-k02.loveroise.com
失败: h-k02.loveroise.com
解析: new.viporg12345.info
失败: new.viporg12345.info
解析: jp1.cnamazon.sbs
失败: jp1.cnamazon.sbs
解析: qwanck.xyz
失败: qwanck.xyz
解析: usa-server-02.selfupay.com.selfupay.com
失败: usa-server-02.selfupay.com.selfupay.com
解析: awsjp5-data.amazon-azure.com
失败: awsjp5-data.amazon-azure.com
解析: aafrtpfxr.hkl01i9zjfegelp.5xfsur8v62.gosdk.xyz
失败: aafrtpfxr.hkl01i9zjfegelp.5xfsur8v62.gosdk.xyz
解析: awssg19-data.amazon-azure.com
失败: awssg19-data.amazon-azure.com
解析: svip1.365ip.cloud
失败: svip1.365ip.cloud
解析: krb-zf.clm10086.xyz
失败: krb-zf.clm10086.xyz
解析: alianq-zf.clm10086.xyz
失败: alianq-zf.clm10086.xyz
解析: irNt.Nisvn.ir
失败: irNt.Nisvn.ir
解析: webshecan.webredirect.org
失败: webshecan.webredirect.org
解析: csavietnam2.csadata4g.me
失败: csavietnam2.csadata4g.me
解析: hk2.microsoftjs.top
失败: hk2.microsoftjs.top
解析: 996jp.996cloud.xyz
失败: 996jp.996cloud.xyz
解析: cm1-go.go001.buzz
失败: cm1-go.go001.buzz
解析: ccjp3.cutcloudjd.site
失败: ccjp3.cutcloudjd.site
解析: hki-zf.clm10086.xyz
失败: hki-zf.clm10086.xyz
解析: g.soskom.ir
失败: g.soskom.ir
解析: us01.awcloud.top
失败: us01.awcloud.top
解析: kr-s-3.fuckjdieng.uk
失败: kr-s-3.fuckjdieng.uk
解析: cm.db-link.in
失败: cm.db-link.in
解析: id04tk.ifengsoutu233.tk
失败: id04tk.ifengsoutu233.tk
解析: iplc-enter-tw-xe.fib-sys.xyz
失败: iplc-enter-tw-xe.fib-sys.xyz
解析: t-wn03.loveroise.com
失败: t-wn03.loveroise.com
解析: 996uk.996cloud.xyz
失败: 996uk.996cloud.xyz
解析: scloud57.jafiyun.world
失败: scloud57.jafiyun.world
解析: adly-zf.clm10086.xyz
失败: adly-zf.clm10086.xyz
解析: free.sabettrade.shop
失败: free.sabettrade.shop
解析: tw-oo-01.click
失败: tw-oo-01.click
解析: tw1.balink.buzz
失败: tw1.balink.buzz
解析: duvip001.qlgq1.pw
失败: duvip001.qlgq1.pw
解析: fnhk1000new009.svcline.com
失败: fnhk1000new009.svcline.com
解析: media.flareai.store
失败: media.flareai.store
解析: scloud43.jafiyun.world
失败: scloud43.jafiyun.world
解析: jnd-zf.clm10086.xyz
失败: jnd-zf.clm10086.xyz
解析: z11.idcloudhost.de
失败: z11.idcloudhost.de
解析: 1030hk99.fans8.xyz
失败: 1030hk99.fans8.xyz
解析: awssg11-data.amazon-azure.com
失败: awssg11-data.amazon-azure.com
解析: ak1518.free.www.outline.network
失败: ak1518.free.www.outline.network
解析: b.mg.us.cat77.cloud
失败: b.mg.us.cat77.cloud
解析: 7f98cedf-c70b-48e4-b7ec-4c2394ced310.404sx.com
失败: 7f98cedf-c70b-48e4-b7ec-4c2394ced310.404sx.com
解析: agroup.node5.s.nodelist-gfwairport1.download
失败: agroup.node5.s.nodelist-gfwairport1.download
解析: ak1640.www.outline.network.fr8678825324247b8176d59f83c30bd94d23d2e3ac5cd4a743bkwqeikvdyufr.cyou
失败: ak1640.www.outline.network.fr8678825324247b8176d59f83c30bd94d23d2e3ac5cd4a743bkwqeikvdyufr.cyou
解析: pviranian.ip-venzo.com
失败: pviranian.ip-venzo.com
解析: zemni1.saintbiv.ir
失败: zemni1.saintbiv.ir
解析: download1hkt.windowsupdate1.com
失败: download1hkt.windowsupdate1.com
解析: tray.tawanaclub.tk
失败: tray.tawanaclub.tk
解析: sg9.microsoftjs.top
失败: sg9.microsoftjs.top
解析: sgc-zf.clm10086.xyz
失败: sgc-zf.clm10086.xyz
解析: hk0.iepl.cooc.icu
失败: hk0.iepl.cooc.icu
解析: s-g04.beef1917.com
失败: s-g04.beef1917.com
解析: ten-hk-88fg7f.tianziyu.com
失败: ten-hk-88fg7f.tianziyu.com
解析: jp07.sulink.one
失败: jp07.sulink.one
解析: tw1111.tfzhc.top
失败: tw1111.tfzhc.top
解析: fast.peace.lemoex.blog
成功: fast.peace.lemoex.blog -> 151.101.3.8
解析: 1c7s2g03.mcfront.xyz
失败: 1c7s2g03.mcfront.xyz
解析: www.yuyu96.cf
失败: www.yuyu96.cf
解析: sg-sr-116.mitoption.com
失败: sg-sr-116.mitoption.com
解析: bai-piao-wang-zhe-iplc4.98848.xyz
失败: bai-piao-wang-zhe-iplc4.98848.xyz
解析: youtube-bai-piao-wang-zhe-us.98848.xyz
失败: youtube-bai-piao-wang-zhe-us.98848.xyz
解析: vcv-join.outline-vpn.cloud
失败: vcv-join.outline-vpn.cloud
解析: cz5.v2ce.com
失败: cz5.v2ce.com
解析: jp02.network-cdn-gw.cc
失败: jp02.network-cdn-gw.cc
解析: ak1551.free.www.outline.network
失败: ak1551.free.www.outline.network
解析: 1a4p0h01.mcfront.xyz
失败: 1a4p0h01.mcfront.xyz
解析: jp1.535eb521-9fe0-4478-b090-2a5cee4bb04a.191981000.nbvpn.org
失败: jp1.535eb521-9fe0-4478-b090-2a5cee4bb04a.191981000.nbvpn.org
解析: jps.untilmu.com
失败: jps.untilmu.com
解析: jp.strand21.xyz
失败: jp.strand21.xyz
解析: jp.838501.xyz
失败: jp.838501.xyz
解析: gdcub.yunnode.win
失败: gdcub.yunnode.win
解析: turkws.configforvpn.fun
失败: turkws.configforvpn.fun
解析: sg7.speed-mitce.top
失败: sg7.speed-mitce.top
解析: us-0001-sjfa-vdfk-bdtsa.jumaonet.com
失败: us-0001-sjfa-vdfk-bdtsa.jumaonet.com
解析: awssg14-data.amazon-azure.com
失败: awssg14-data.amazon-azure.com
解析: 6w7j3p01.mcfront.xyz
失败: 6w7j3p01.mcfront.xyz
解析: sh.cm.izhimajiasu.com
失败: sh.cm.izhimajiasu.com
解析: wtww.xinshang.org
失败: wtww.xinshang.org
解析: k-r04.loveroise.com
失败: k-r04.loveroise.com
解析: fl0022.flyflylflyflysbs.sbs
失败: fl0022.flyflylflyflysbs.sbs
解析: surfboard-ie.jingfan.cyou
失败: surfboard-ie.jingfan.cyou
解析: s-2jp02.aikun.online
失败: s-2jp02.aikun.online
解析: us-05.licom.ml
失败: us-05.licom.ml
解析: remo.a.lifiline.info
成功: remo.a.lifiline.info -> 2.59.135.137
解析: 3-249-129-98.ipv4.rush.ml
失败: 3-249-129-98.ipv4.rush.ml
解析: amini2.ddns.net
失败: amini2.ddns.net
解析: 96110.cf.09880227.xyz
失败: 96110.cf.09880227.xyz
解析: hk1.mhw7e2.online
失败: hk1.mhw7e2.online
解析: lx.ylks.xyz
失败: lx.ylks.xyz
解析: xibun.gq
失败: xibun.gq
解析: id05tk.ifengsoutu233.tk
失败: id05tk.ifengsoutu233.tk
解析: dl-us3.steamdownload.top
失败: dl-us3.steamdownload.top
解析: usa.838501.xyz
失败: usa.838501.xyz
解析: mci-iTV2RAY.ddns.net
失败: mci-iTV2RAY.ddns.net
解析: 10086.com
失败: 10086.com
解析: jpd-zf.clm10086.xyz
失败: jpd-zf.clm10086.xyz
解析: hnyd.52147.top
失败: hnyd.52147.top
解析: germany.gamingbazirani.ir
失败: germany.gamingbazirani.ir
解析: de2.arta-net.top
失败: de2.arta-net.top
解析: 996hk.996cloud.xyz
失败: 996hk.996cloud.xyz
解析: cf-wkrs-pages-vless-aoy.pages.dev
失败: cf-wkrs-pages-vless-aoy.pages.dev
解析: ca1.vless.co
失败: ca1.vless.co
解析: 19226tj.matrixxx888.com
失败: 19226tj.matrixxx888.com
解析: awssg9-tg-data.amazonwebservicess.com
失败: awssg9-tg-data.amazonwebservicess.com
解析: alejandracaiccedo.com
失败: alejandracaiccedo.com
解析: sg4.speed-mitce.top
失败: sg4.speed-mitce.top
解析: gonggao03.niuniucloud.xyz
失败: gonggao03.niuniucloud.xyz
解析: ssrsub.t04.trojan.tel
失败: ssrsub.t04.trojan.tel
解析: 56c918c15a09403d93c037772a69dwd.jkcloud.xyz
失败: 56c918c15a09403d93c037772a69dwd.jkcloud.xyz
解析: kt.p.mkitty.top
失败: kt.p.mkitty.top
解析: as.unlimitedtraffic.top
失败: as.unlimitedtraffic.top
解析: xibun.ga
失败: xibun.ga
解析: ddns.olucloud.subapi.cc
失败: ddns.olucloud.subapi.cc
解析: us3.speed-mitce.top
失败: us3.speed-mitce.top
解析: s3.sulink.one
失败: s3.sulink.one
解析: uciran.wallerman-come.gq
失败: uciran.wallerman-come.gq
解析: WLF-V-P-N-ID.dnsfree.one
失败: WLF-V-P-N-ID.dnsfree.one
解析: sg02.awcloud.top
失败: sg02.awcloud.top
解析: agroup.node1.t.nodelist-gfwairport1.download
失败: agroup.node1.t.nodelist-gfwairport1.download
解析: xglmt.hy-2.sbs
失败: xglmt.hy-2.sbs
解析: digikala.online24net.ir
成功: digikala.online24net.ir -> 151.101.3.8
解析: sga-zf.clm10086.xyz
失败: sga-zf.clm10086.xyz
解析: grampfzin.uksouth.cloudapp.azure.com
失败: grampfzin.uksouth.cloudapp.azure.com
解析: starlink-fra.2513142.xyz
成功: starlink-fra.2513142.xyz -> 3.72.4.75
解析: jd100.8faka.tk
失败: jd100.8faka.tk
解析: t5.teslacdn2.live
失败: t5.teslacdn2.live
解析: garnet.torch1.top
失败: garnet.torch1.top
解析: chinahumanr.ml
失败: chinahumanr.ml
解析: t03.ssrsub.comhk-server-01.selfupay.com
失败: t03.ssrsub.comhk-server-01.selfupay.com
解析: cs.ttkcloud.xyz
失败: cs.ttkcloud.xyz
解析: falungong.19890604.day
失败: falungong.19890604.day
解析: 2.hg.kr.cat77.cloud
失败: 2.hg.kr.cat77.cloud
解析: www.outline.network.ak1913.fr8678825324247b8176d59f83c30bd94d23d2e3ac5cd4a743bkwqeikvdyufr.cyou
失败: www.outline.network.ak1913.fr8678825324247b8176d59f83c30bd94d23d2e3ac5cd4a743bkwqeikvdyufr.cyou
解析: vpncustomize.cam
失败: vpncustomize.cam
解析: topical-gibbon.goat627.mom
失败: topical-gibbon.goat627.mom
解析: azjp7-tg-data.amazonwebservicess.com
失败: azjp7-tg-data.amazonwebservicess.com
解析: xyz.csdl.online
成功: xyz.csdl.online -> 185.112.34.194
解析: jpvip102.qlgq1.pw
失败: jpvip102.qlgq1.pw
解析: dl-jp1.efyunpan.com
失败: dl-jp1.efyunpan.com
解析: us2.520748.xyz
失败: us2.520748.xyz
解析: ips.configforvpn.fun
失败: ips.configforvpn.fun
解析: insaneguo2333.top
失败: insaneguo2333.top
解析: hkddq.mmzhk.website
失败: hkddq.mmzhk.website
解析: ak1809.www.outline.network.fr8678825324247b8176d59f83c30bd94d23d2e3ac5cd4a743bkwqeikvdyufr.cyou
失败: ak1809.www.outline.network.fr8678825324247b8176d59f83c30bd94d23d2e3ac5cd4a743bkwqeikvdyufr.cyou
解析: vlgr.g2ray.com
失败: vlgr.g2ray.com
解析: ir8.seeb.shop
失败: ir8.seeb.shop
解析: vlgr1.g2ray.com
失败: vlgr1.g2ray.com
解析: listener.freetrade.link
失败: listener.freetrade.link
解析: www.outline.network.ak1976.fr8678825324247b8176d59f83c30bd94d23d2e3ac5cd4a743bkwqeikvdyufr.cyou
失败: www.outline.network.ak1976.fr8678825324247b8176d59f83c30bd94d23d2e3ac5cd4a743bkwqeikvdyufr.cyou
解析: yyyhk1.ikuncloud.com
失败: yyyhk1.ikuncloud.com
解析: sz.balink.buzz
失败: sz.balink.buzz
解析: ak1608.fr8678825324247b8176d59f83c30bd94d23d2e3ac5cd4a743bkwqeikvdyufr.cyou
失败: ak1608.fr8678825324247b8176d59f83c30bd94d23d2e3ac5cd4a743bkwqeikvdyufr.cyou
解析: h-k03.loveroise.com
失败: h-k03.loveroise.com
解析: usa10.wujie8.xyz
失败: usa10.wujie8.xyz
解析: 3a4u0k01.mcfront.xyz
失败: 3a4u0k01.mcfront.xyz
解析: cthk1.createmofa.xyz
失败: cthk1.createmofa.xyz
解析: h32.1.beROzHA.IR
失败: h32.1.beROzHA.IR
解析: awsit1-tg-data.amazon-azure.com
失败: awsit1-tg-data.amazon-azure.com
解析: hongkong2.678789.xyz
失败: hongkong2.678789.xyz
解析: id11tk.ifengsoutu233.tk
失败: id11tk.ifengsoutu233.tk
解析: 2d1t5w01.mcfront.xyz
失败: 2d1t5w01.mcfront.xyz
解析: t.sin1.skyinternet.vip
失败: t.sin1.skyinternet.vip
解析: s-sg02.aikun.online
失败: s-sg02.aikun.online
解析: aeadjpaes01.xn--z4q48lcvp.com
失败: aeadjpaes01.xn--z4q48lcvp.com
解析: cdn.anycast.eu.org
失败: cdn.anycast.eu.org
解析: closing-phoenix.goat627.mom
失败: closing-phoenix.goat627.mom
解析: ArV2ray.mAshtimji.IR
失败: ArV2ray.mAshtimji.IR
解析: xiamen.onenovnode.org
失败: xiamen.onenovnode.org
解析: hk1.v2pn.live
失败: hk1.v2pn.live
解析: gdyd.aikun.online
失败: gdyd.aikun.online
解析: sg1.djjsvip.cfd
失败: sg1.djjsvip.cfd
解析: 6w7j3p03.mcfront.xyz
失败: 6w7j3p03.mcfront.xyz
解析: gd-cn-01.1024.com.s1024.cc
失败: gd-cn-01.1024.com.s1024.cc
解析: scloud29.jafiyun.world
失败: scloud29.jafiyun.world
解析: hk1.balink.buzz
失败: hk1.balink.buzz
解析: sgp01.lgm88.top
失败: sgp01.lgm88.top
解析: trusty-mayfly.dolphin109.quest
失败: trusty-mayfly.dolphin109.quest
解析: dl-hk4.efyunpan.com
失败: dl-hk4.efyunpan.com
解析: scloud56.jafiyun.world
失败: scloud56.jafiyun.world
解析: yingg-zf.clm10086.xyz
失败: yingg-zf.clm10086.xyz
解析: ak1502.free.www.outline.network
失败: ak1502.free.www.outline.network
解析: awsjp8-tg-data.amazonwebservicess.com
失败: awsjp8-tg-data.amazonwebservicess.com
解析: fuckxijinping.ga
失败: fuckxijinping.ga
解析: iTV2RAY.ddns.net
失败: iTV2RAY.ddns.net
解析: nc.gocada.co
失败: nc.gocada.co
解析: gonggao04.niuniucloud.xyz
失败: gonggao04.niuniucloud.xyz
解析: ssr6.ssrsub.com
失败: ssr6.ssrsub.com
解析: all.digiv2.online
失败: all.digiv2.online
解析: gz1.fkfirewall.top
失败: gz1.fkfirewall.top
解析: v3-jp.aliyun-obsd.xyz
失败: v3-jp.aliyun-obsd.xyz
解析: c2-6.bujidao.org
失败: c2-6.bujidao.org
解析: cloudconebbb.sweetsweetsugar.ml
失败: cloudconebbb.sweetsweetsugar.ml
解析: hk8.microsoftjs.top
失败: hk8.microsoftjs.top
解析: ak1784.www.outline.network.fr8678825324247b8176d59f83c30bd94d23d2e3ac5cd4a743bkwqeikvdyufr.cyou
失败: ak1784.www.outline.network.fr8678825324247b8176d59f83c30bd94d23d2e3ac5cd4a743bkwqeikvdyufr.cyou
解析: fr09.sulian.life
失败: fr09.sulian.life
解析: jp7.speed-mitce.top
失败: jp7.speed-mitce.top
解析: hk7.speed-mitce.top
失败: hk7.speed-mitce.top
解析: id01tk.ifengsoutu233.tk
失败: id01tk.ifengsoutu233.tk
解析: s.sulink.one
失败: s.sulink.one
解析: usa-sr-105.mitoption.com
失败: usa-sr-105.mitoption.com
解析: v2cross.com.02.v2ce.com
失败: v2cross.com.02.v2ce.com
解析: sg01.shenzhouplus.cf
失败: sg01.shenzhouplus.cf
解析: www.outline.network.ak1907.fr8678825324247b8176d59f83c30bd94d23d2e3ac5cd4a743bkwqeikvdyufr.cyou
失败: www.outline.network.ak1907.fr8678825324247b8176d59f83c30bd94d23d2e3ac5cd4a743bkwqeikvdyufr.cyou
解析: SVNTEAM.MiSVN.iR
失败: SVNTEAM.MiSVN.iR
解析: 5c1a01.abzoones.xyz
失败: 5c1a01.abzoones.xyz
解析: sg01.awcloud.top
失败: sg01.awcloud.top
解析: vip.alonext.com
失败: vip.alonext.com
解析: ssr1.ssrsub.com
失败: ssr1.ssrsub.com
解析: ae.838501.xyz
失败: ae.838501.xyz
解析: naewz.mmzhk.website
失败: naewz.mmzhk.website
解析: emmm.xiaolong.world
失败: emmm.xiaolong.world
解析: faithful-goshawk.goat627.mom
失败: faithful-goshawk.goat627.mom
解析: las01.telecom.moe
失败: las01.telecom.moe
解析: root.configforvpn.fun
失败: root.configforvpn.fun
解析: wxwctxxx.arvancode.eu.org
失败: wxwctxxx.arvancode.eu.org
解析: jp1.qingyun123.xyz
失败: jp1.qingyun123.xyz
解析: t03.ssrsub.com2.selfupay.com
失败: t03.ssrsub.com2.selfupay.com
解析: 5a4u01.abzoones.xyz
失败: 5a4u01.abzoones.xyz
解析: bgroup.node3.s.nodelist-gfwairport1.download
失败: bgroup.node3.s.nodelist-gfwairport1.download
解析: sp1.connecton.surf
失败: sp1.connecton.surf
解析: r001.baipiaoxd.com
失败: r001.baipiaoxd.com
解析: ah-cmi-1000m.ikun666.club
失败: ah-cmi-1000m.ikun666.club
解析: 4a2u0a01.mcfront.xyz
失败: 4a2u0a01.mcfront.xyz
解析: hhzljd.ishenlong88.top
失败: hhzljd.ishenlong88.top
解析: wqfuinwqffq.dfcloud.xyz
失败: wqfuinwqffq.dfcloud.xyz
解析: sg01.421421.xyz
失败: sg01.421421.xyz
解析: sg2.edgehelper.com
失败: sg2.edgehelper.com
解析: sg.binguo.link
失败: sg.binguo.link
解析: ydnxy-zf.clm10086.xyz
失败: ydnxy-zf.clm10086.xyz
解析: svip.88de.hongxingdl.vip
失败: svip.88de.hongxingdl.vip
解析: jp1.421421.xyz
失败: jp1.421421.xyz
解析: api.turkiye6.xyz
失败: api.turkiye6.xyz
解析: dl-tw1.efpan.one
失败: dl-tw1.efpan.one
解析: shcm.donghui.tech
失败: shcm.donghui.tech
解析: sg6.speed-mitce.top
失败: sg6.speed-mitce.top
解析: awshk14-data.amazon-azure.com
失败: awshk14-data.amazon-azure.com
解析: us2.balink.buzz
失败: us2.balink.buzz
解析: Everyday-VPN.Telegram-Channel
失败: Everyday-VPN.Telegram-Channel
解析: cltechip-mci.argha-v2pedia.monster
失败: cltechip-mci.argha-v2pedia.monster
解析: sg2.speed-mitce.top
失败: sg2.speed-mitce.top
解析: cd.reata.ir
成功: cd.reata.ir -> 104.16.53.11
解析: jgw3.gaox.ml
失败: jgw3.gaox.ml
解析: t03.ssrsub.com-server-02.selfupay.com
失败: t03.ssrsub.com-server-02.selfupay.com
解析: vluk4.g2ray.com
失败: vluk4.g2ray.com
解析: hk-hy2-1.speed-mitce.top
失败: hk-hy2-1.speed-mitce.top
解析: cellone.learn-new.ir
成功: cellone.learn-new.ir -> 37.202.233.185
解析: dogedoge.cf
失败: dogedoge.cf
解析: 2233cloud
失败: 2233cloud
解析: awsjp15-data.amazon-azure.com
失败: awsjp15-data.amazon-azure.com
解析: a1.45s6e224gdr.shop
失败: a1.45s6e224gdr.shop
解析: get-admin-upanel.poqpoq.cfd
失败: get-admin-upanel.poqpoq.cfd
解析: sg1.speed-mitce.top
失败: sg1.speed-mitce.top
解析: t03.ssrsub.comver-02.selfupay.com
失败: t03.ssrsub.comver-02.selfupay.com
解析: dl-jp4.steamdownload.top
失败: dl-jp4.steamdownload.top
解析: 6f1sgtr1.106ctc.buzz
失败: 6f1sgtr1.106ctc.buzz
解析: in01.awcloud.top
失败: in01.awcloud.top
解析: dl-us4.steamdownload.top
失败: dl-us4.steamdownload.top
解析: www.digitalcity5.com
失败: www.digitalcity5.com
解析: ak1822.www.outline.network.fr8678825324247b8176d59f83c30bd94d23d2e3ac5cd4a743bkwqeikvdyufr.cyou
失败: ak1822.www.outline.network.fr8678825324247b8176d59f83c30bd94d23d2e3ac5cd4a743bkwqeikvdyufr.cyou
解析: t03.ssrsub.comp-server-02.selfupay.com
失败: t03.ssrsub.comp-server-02.selfupay.com
解析: kr1.api-aws.com
失败: kr1.api-aws.com
解析: sl.sulink.one
失败: sl.sulink.one
解析: awshk7-tg-data.amazonwebservicess.com
失败: awshk7-tg-data.amazonwebservicess.com
解析: jgwdb1.gaox.ml
失败: jgwdb1.gaox.ml
解析: italy.gamingbazirani.ir
失败: italy.gamingbazirani.ir
解析: AZQT.xibai6.top
失败: AZQT.xibai6.top
解析: t7.ssrsub.com
失败: t7.ssrsub.com
解析: hk-sjfx-95s-xjfa-xmasf.jumaonet.com
失败: hk-sjfx-95s-xjfa-xmasf.jumaonet.com
解析: surfboard-ca.cloudlion.online
成功: surfboard-ca.cloudlion.online -> 35.182.7.71
解析: g2.hy2.one
失败: g2.hy2.one
解析: awssg17-data.amazon-azure.com
失败: awssg17-data.amazon-azure.com
解析: mlxy-zf.clm10086.xyz
失败: mlxy-zf.clm10086.xyz
解析: sg2.jjzgy.live
失败: sg2.jjzgy.live
解析: hk2.balink.buzz
失败: hk2.balink.buzz
解析: lt.ktmwan.top
失败: lt.ktmwan.top
解析: bl01.sulink.one
失败: bl01.sulink.one
解析: 3d6e01.abzoones.xyz
失败: 3d6e01.abzoones.xyz
解析: cscu.xn--kiv15t.cn
失败: cscu.xn--kiv15t.cn
解析: flb-zf.clm10086.xyz
失败: flb-zf.clm10086.xyz
解析: ssr5.ssrsub.com
失败: ssr5.ssrsub.com
解析: relay-cd.nxunfan.com
失败: relay-cd.nxunfan.com
解析: 2.selfupay.com
失败: 2.selfupay.com
解析: ak1794.www.outline.network.fr8678825324247b8176d59f83c30bd94d23d2e3ac5cd4a743bkwqeikvdyufr.cyou
失败: ak1794.www.outline.network.fr8678825324247b8176d59f83c30bd94d23d2e3ac5cd4a743bkwqeikvdyufr.cyou
解析: hzct.lele233.top
失败: hzct.lele233.top
解析: hk03.fasttudou.top
失败: hk03.fasttudou.top
解析: awsin1-tg-data.amazon-azure.com
失败: awsin1-tg-data.amazon-azure.com
解析: cdn.alibaba-kunlun.com
失败: cdn.alibaba-kunlun.com
解析: stw10-tg-data.amazonwebservicess.com
失败: stw10-tg-data.amazonwebservicess.com
解析: hkmf2.speedcncnforward2.tk
失败: hkmf2.speedcncnforward2.tk
解析: 9e94fad2-syiv40-t35wl0-1r9dt.cm5.cnkuaishou.com
成功: 9e94fad2-syiv40-t35wl0-1r9dt.cm5.cnkuaishou.com -> 183.240.180.16
解析: ak1720.www.outline.network.fr8678825324247b8176d59f83c30bd94d23d2e3ac5cd4a743bkwqeikvdyufr.cyou
失败: ak1720.www.outline.network.fr8678825324247b8176d59f83c30bd94d23d2e3ac5cd4a743bkwqeikvdyufr.cyou
解析: awshk13-data.amazon-azure.com
失败: awshk13-data.amazon-azure.com
解析: uk01.awcloud.top
失败: uk01.awcloud.top
解析: eu.licom.ga
失败: eu.licom.ga
解析: usa7.wujie8.xyz
失败: usa7.wujie8.xyz
解析: edgetunnel.anycast.eu.org
失败: edgetunnel.anycast.eu.org
解析: tw-hy2-1.speed-mitce.top
失败: tw-hy2-1.speed-mitce.top
预解析完成: 54 成功，1375 失败
更新缓存...
缓存更新完成
开始分批测试...
处理批次: node_batch_aa (10000 节点)
处理批次: node_batch_ab (10000 节点)
处理批次: node_batch_ac (10000 节点)
处理批次: node_batch_ad (10000 节点)
处理批次: node_batch_ae (10000 节点)
处理批次: node_batch_af (10000 节点)
处理批次: node_batch_ag (10000 节点)
处理批次: node_batch_ah (10000 节点)
处理批次: node_batch_ai (8986 节点)
测试完成。结果: data/node_connectivity_results.log
成功节点: data/sub_2.txt
